============================================================
  Generated by:           Encounter(R) RTL Compiler v08.10-s213_1
  Generated on:           Jun 22 2014  09:04:47 PM
  Module:                 multiplier_top
  Technology library:     slow 1.1
  Operating conditions:   slow 
  Interconnect mode:      ple
  Area mode:              timing library
============================================================

               Instance                 Cells  Cell Area  Net Area  
--------------------------------------------------------------------
multiplier_top                           6474     145597         0  
  pp_gen_rdcn_1                          5370     118533         0  
    pp_rdcn_1                            3104      77698         0  
      stg3_o_1__stg3_i_38__three2two_1     14        269         0  
      stg2_o_0__stg2_i_20__three2two_1      9        263         0  
      stg6_i_41__three2two_1               11        249         0  
      stg5_i_21__three2two_1               13        246         0  
      stg2_o_0__stg2_i_30__three2two_1     12        243         0  
      stg1_o_0__stg1_i_20__three2two_1     11        240         0  
      stg4_o_0__stg4_i_32__three2two_1     10        236         0  
      stg5_i_39__three2two_1               10        233         0  
      stg4_o_0__stg4_i_36__three2two_1     13        233         0  
      stg1_o_0__stg1_i_24__three2two_1     12        233         0  
      stg5_i_36__three2two_1               11        230         0  
      stg5_i_27__three2two_1               11        230         0  
      stg2_o_0__stg2_i_11__three2two_1      5        230         0  
      stg6_i_38__three2two_1                8        226         0  
      stg5_i_22__three2two_1                9        226         0  
      stg4_o_0__stg4_i_28__three2two_1     12        226         0  
      stg4_o_0__stg4_i_23__three2two_1     10        226         0  
      stg4_o_0__stg4_i_22__three2two_1     12        226         0  
      stg5_i_43__three2two_1               11        223         0  
      stg3_o_0__stg3_i_23__three2two_1     12        220         0  
      stg2_o_0__stg2_i_33__three2two_1     11        220         0  
      stg4_o_0__stg4_i_25__three2two_1      9        216         0  
      stg3_o_0__stg3_i_33__three2two_1     12        216         0  
      stg1_o_2__stg1_i_38__three2two_1     10        216         0  
      stg6_i_28__three2two_1                6        213         0  
      stg5_i_17__three2two_1                8        213         0  
      stg3_o_0__stg3_i_34__three2two_1      9        213         0  
      stg5_i_20__three2two_1                6        210         0  
      stg4_o_0__stg4_i_30__three2two_1      8        210         0  
      stg3_o_0__stg3_i_16__three2two_1      9        210         0  
      stg1_o_1__stg1_i_30__three2two_1      8        210         0  
      stg1_o_0__stg1_i_21__three2two_1     10        210         0  
      stg5_i_46__three2two_1                8        206         0  
      stg5_i_42__three2two_1               10        206         0  
      stg5_i_29__three2two_1               10        206         0  
      stg4_o_0__stg4_i_11__three2two_1     12        206         0  
      stg3_o_0__stg3_i_31__three2two_1     10        206         0  
      stg2_o_2__stg2_i_36__three2two_1     10        206         0  
      stg6_i_33__three2two_1                5        203         0  
      stg4_o_0__stg4_i_38__three2two_1     10        203         0  
      stg4_o_0__stg4_i_35__three2two_1     10        203         0  
      stg3_o_0__stg3_i_21__three2two_1     10        203         0  
      stg2_o_0__stg2_i_34__three2two_1     10        203         0  
      stg2_o_0__stg2_i_26__three2two_1     10        203         0  
      stg4_o_0__stg4_i_42__three2two_1     11        200         0  
      stg4_o_0__stg4_i_40__three2two_1     10        200         0  
      stg3_o_0__stg3_i_35__three2two_1      8        200         0  
      stg2_o_0__stg2_i_35__three2two_1     11        200         0  
      stg2_o_0__stg2_i_31__three2two_1     12        200         0  
      stg2_o_0__stg2_i_25__three2two_1     10        200         0  
      stg1_o_2__stg1_i_34__three2two_1      7        200         0  
      stg5_i_45__three2two_1                9        196         0  
      stg5_i_41__three2two_1                8        196         0  
      stg5_i_33__three2two_1                9        196         0  
      stg4_o_0__stg4_i_34__three2two_1      8        196         0  
      stg4_o_0__stg4_i_29__three2two_1      9        196         0  
      stg3_o_0__stg3_i_25__three2two_1      8        196         0  
      stg2_o_0__stg2_i_32__three2two_1     10        196         0  
      stg1_o_1__stg1_i_34__three2two_1     11        196         0  
      stg1_o_1__stg1_i_25__three2two_1     11        196         0  
      stg6_i_26__three2two_1                7        193         0  
      stg5_i_38__three2two_1               10        193         0  
      stg3_o_0__stg3_i_24__three2two_1      8        193         0  
      stg2_o_1__stg2_i_29__three2two_1      4        193         0  
      stg2_o_0__stg2_i_36__three2two_1     10        193         0  
      stg2_o_0__stg2_i_23__three2two_1      9        193         0  
      stg6_i_46__three2two_1                6        190         0  
      stg6_i_37__three2two_1                8        190         0  
      stg5_i_19__three2two_1                6        190         0  
      stg4_o_0__stg4_i_33__three2two_1      9        190         0  
      stg3_o_1__stg3_i_32__three2two_1      5        190         0  
      stg3_o_0__stg3_i_37__three2two_1     10        190         0  
      stg3_o_0__stg3_i_27__three2two_1      8        190         0  
      stg2_o_2__stg2_i_43__three2two_1      5        190         0  
      stg2_o_2__stg2_i_28__three2two_1      8        190         0  
      stg2_o_1__stg2_i_39__three2two_1      9        190         0  
      stg2_o_0__stg2_i_22__three2two_1     10        190         0  
      stg1_o_3__stg1_i_24__three2two_1      4        190         0  
      stg1_o_0__stg1_i_33__three2two_1      9        190         0  
      stg1_o_0__stg1_i_31__three2two_1      9        190         0  
      stg6_i_42__three2two_1                9        186         0  
      stg6_i_39__three2two_1                8        186         0  
      stg5_i_44__three2two_1                9        186         0  
      stg5_i_32__three2two_1                6        186         0  
      stg5_i_28__three2two_1                6        186         0  
      stg5_i_25__three2two_1                6        186         0  
      stg4_o_0__stg4_i_39__three2two_1     10        186         0  
      stg4_o_0__stg4_i_26__three2two_1      3        186         0  
      stg4_o_0__stg4_i_24__three2two_1      7        186         0  
      stg4_o_0__stg4_i_21__three2two_1      6        186         0  
      stg4_o_0__stg4_i_18__three2two_1      3        186         0  
      stg4_o_0__stg4_i_16__three2two_1      3        186         0  
      stg3_o_1__stg3_i_44__three2two_1      9        186         0  
      stg3_o_1__stg3_i_34__three2two_1      3        186         0  
      stg3_o_0__stg3_i_32__three2two_1      9        186         0  
      stg3_o_0__stg3_i_28__three2two_1      9        186         0  
      stg3_o_0__stg3_i_26__three2two_1      4        186         0  
      stg3_o_0__stg3_i_22__three2two_1      8        186         0  
      stg3_o_0__stg3_i_17__three2two_1      9        186         0  
      stg1_o_2__stg1_i_30__three2two_1     10        186         0  
      stg1_o_0__stg1_i_35__three2two_1      9        186         0  
      stg6_i_47__three2two_1                8        183         0  
      stg6_i_32__three2two_1                5        183         0  
      stg5_i_40__three2two_1                5        183         0  
      stg5_i_24__three2two_1                9        183         0  
      stg4_o_0__stg4_i_43__three2two_1      9        183         0  
      stg4_o_0__stg4_i_41__three2two_1      9        183         0  
      stg3_o_1__stg3_i_30__three2two_1     10        183         0  
      stg3_o_0__stg3_i_13__three2two_1      7        183         0  
      stg2_o_0__stg2_i_21__three2two_1      8        183         0  
      stg1_o_3__stg1_i_41__three2two_1     11        183         0  
      stg1_o_1__stg1_i_28__three2two_1      9        183         0  
      stg1_o_0__stg1_i_26__three2two_1      8        183         0  
      stg1_o_0__stg1_i_23__three2two_1      7        183         0  
      stg1_o_0__stg1_i_15__three2two_1      6        183         0  
      stg5_i_50__three2two_1                4        180         0  
      stg3_o_1__stg3_i_42__three2two_1      9        180         0  
      stg3_o_1__stg3_i_27__three2two_1      7        180         0  
      stg2_o_1__stg2_i_40__three2two_1      8        180         0  
      stg2_o_0__stg2_i_19__three2two_1      8        180         0  
      stg1_o_3__stg1_i_28__three2two_1     10        180         0  
      stg1_o_0__stg1_i_34__three2two_1     10        180         0  
      stg6_i_49__three2two_1                5        176         0  
      stg6_i_44__three2two_1                5        176         0  
      stg6_i_34__three2two_1                5        176         0  
      stg5_i_30__three2two_1                4        176         0  
      stg4_o_0__stg4_i_37__three2two_1     10        176         0  
      stg4_o_0__stg4_i_31__three2two_1      4        176         0  
      stg4_o_0__stg4_i_27__three2two_1      9        176         0  
      stg4_o_0__stg4_i_13__three2two_1      5        176         0  
      stg3_o_1__stg3_i_39__three2two_1      4        176         0  
      stg3_o_0__stg3_i_39__three2two_1      9        176         0  
      stg3_o_0__stg3_i_36__three2two_1      9        176         0  
      stg3_o_0__stg3_i_30__three2two_1      8        176         0  
      stg2_o_1__stg2_i_35__three2two_1      8        176         0  
      stg2_o_0__stg2_i_14__three2two_1      3        176         0  
      stg1_o_4__stg1_i_43__three2two_1     11        176         0  
      stg1_o_4__stg1_i_29__three2two_1     10        176         0  
      stg1_o_3__stg1_i_30__three2two_1     11        176         0  
      stg1_o_2__stg1_i_39__three2two_1     10        176         0  
      stg1_o_0__stg1_i_14__three2two_1      8        176         0  
      stg6_i_30__three2two_1                5        173         0  
      stg5_i_23__three2two_1                5        173         0  
      stg2_o_2__stg2_i_45__three2two_1      9        173         0  
      stg2_o_1__stg2_i_34__three2two_1      4        173         0  
      stg2_o_1__stg2_i_33__three2two_1      5        173         0  
      stg1_o_1__stg1_i_36__three2two_1      9        173         0  
      stg1_o_0__stg1_i_7__three2two_1       5        173         0  
      stg1_o_0__stg1_i_16__three2two_1      8        173         0  
      stg6_i_43__three2two_1                4        170         0  
      stg5_i_48__three2two_1                4        170         0  
      stg5_i_34__three2two_1                3        170         0  
      stg4_o_0__stg4_i_44__three2two_1      7        170         0  
      stg3_o_1__stg3_i_37__three2two_1      4        170         0  
      stg3_o_1__stg3_i_35__three2two_1      3        170         0  
      stg3_o_1__stg3_i_28__three2two_1      3        170         0  
      stg3_o_1__stg3_i_23__three2two_1     10        170         0  
      stg2_o_2__stg2_i_46__three2two_1     11        170         0  
      stg2_o_2__stg2_i_34__three2two_1      4        170         0  
      stg1_o_3__stg1_i_39__three2two_1      9        170         0  
      stg1_o_3__stg1_i_38__three2two_1      8        170         0  
      stg1_o_1__stg1_i_33__three2two_1      8        170         0  
      stg1_o_0__stg1_i_32__three2two_1      8        170         0  
      stg1_o_0__stg1_i_28__three2two_1      8        170         0  
      stg1_o_0__stg1_i_19__three2two_1      8        170         0  
      stg6_i_29__three2two_1                4        166         0  
      stg5_i_47__three2two_1                4        166         0  
      stg3_o_1__stg3_i_50__three2two_1      3        166         0  
      stg3_o_1__stg3_i_43__three2two_1      5        166         0  
      stg3_o_0__stg3_i_18__three2two_1      3        166         0  
      stg2_o_3__stg2_i_33__three2two_1      5        166         0  
      stg2_o_2__stg2_i_40__three2two_1      8        166         0  
      stg2_o_2__stg2_i_39__three2two_1      9        166         0  
      stg2_o_2__stg2_i_37__three2two_1      8        166         0  
      stg2_o_0__stg2_i_24__three2two_1      9        166         0  
      stg1_o_2__stg1_i_29__three2two_1      8        166         0  
      stg1_o_1__stg1_i_31__three2two_1      7        166         0  
      stg1_o_0__stg1_i_22__three2two_1     10        166         0  
      stg6_i_52__three2two_1                5        163         0  
      stg4_o_0__stg4_i_45__three2two_1      5        163         0  
      stg3_o_1__stg3_i_48__three2two_1      4        163         0  
      stg3_o_1__stg3_i_36__three2two_1      3        163         0  
      stg3_o_0__stg3_i_29__three2two_1      7        163         0  
      stg3_o_0__stg3_i_19__three2two_1      9        163         0  
      stg3_o_0__stg3_i_12__three2two_1      3        163         0  
      stg2_o_2__stg2_i_25__three2two_1      6        163         0  
      stg2_o_0__stg2_i_18__three2two_1      8        163         0  
      stg2_o_0__stg2_i_15__three2two_1      5        163         0  
      stg1_o_4__stg1_i_38__three2two_1      9        163         0  
      stg1_o_1__stg1_i_35__three2two_1      8        163         0  
      stg5_i_26__three2two_1                5        160         0  
      stg4_o_0__stg4_i_15__three2two_1      4        160         0  
      stg3_o_1__stg3_i_47__three2two_1      4        160         0  
      stg3_o_1__stg3_i_25__three2two_1      9        160         0  
      stg3_o_0__stg3_i_20__three2two_1      4        160         0  
      stg2_o_2__stg2_i_48__three2two_1      4        160         0  
      stg2_o_2__stg2_i_32__three2two_1      7        160         0  
      stg2_o_0__stg2_i_37__three2two_1      8        160         0  
      stg2_o_0__stg2_i_17__three2two_1      8        160         0  
      stg2_o_0__stg2_i_16__three2two_1      6        160         0  
      stg1_o_3__stg1_i_48__three2two_1      4        160         0  
      stg1_o_3__stg1_i_46__three2two_1      9        160         0  
      stg1_o_3__stg1_i_44__three2two_1     10        160         0  
      stg1_o_2__stg1_i_40__three2two_1     10        160         0  
      stg1_o_2__stg1_i_35__three2two_1      9        160         0  
      stg1_o_1__stg1_i_38__three2two_1      4        160         0  
      stg1_o_1__stg1_i_23__three2two_1      7        160         0  
      stg6_i_50__three2two_1                7        156         0  
      stg3_o_0__stg3_i_38__three2two_1      7        156         0  
      stg2_o_2__stg2_i_35__three2two_1      3        156         0  
      stg2_o_1__stg2_i_31__three2two_1      4        156         0  
      stg2_o_0__stg2_i_29__three2two_1      8        156         0  
      stg1_o_4__stg1_i_39__three2two_1      7        156         0  
      stg1_o_3__stg1_i_25__three2two_1      3        156         0  
      stg1_o_2__stg1_i_42__three2two_1     10        156         0  
      stg1_o_1__stg1_i_37__three2two_1      8        156         0  
      stg1_o_0__stg1_i_13__three2two_1      8        156         0  
      stg1_o_0__stg1_i_10__three2two_1      3        156         0  
      stg4_o_1__stg4_i_31__three2two_1      6        153         0  
      stg4_o_0__stg4_i_14__three2two_1      4        153         0  
      stg3_o_1__stg3_i_49__three2two_1      4        153         0  
      stg2_o_2__stg2_i_44__three2two_1      4        153         0  
      stg2_o_2__stg2_i_42__three2two_1      4        153         0  
      stg2_o_2__stg2_i_41__three2two_1      4        153         0  
      stg2_o_1__stg2_i_23__three2two_1      5        153         0  
      stg2_o_1__stg2_i_22__three2two_1      5        153         0  
      stg2_o_0__stg2_i_28__three2two_1      5        153         0  
      stg1_o_3__stg1_i_29__three2two_1      4        153         0  
      stg1_o_2__stg1_i_44__three2two_1      6        153         0  
      stg1_o_1__stg1_i_22__three2two_1      4        153         0  
      stg1_o_1__stg1_i_19__three2two_1      3        153         0  
      stg1_o_0__stg1_i_29__three2two_1      4        153         0  
      stg1_o_0__stg1_i_27__three2two_1      4        153         0  
      stg1_o_0__stg1_i_18__three2two_1      4        153         0  
      stg6_i_51__three2two_1                6        150         0  
      stg4_o_1__stg4_i_50__three2two_1      4        150         0  
      stg4_o_1__stg4_i_38__three2two_1      9        150         0  
      stg4_o_1__stg4_i_32__three2two_1      8        150         0  
      stg3_o_0__stg3_i_7__three2two_1       7        150         0  
      stg2_o_2__stg2_i_38__three2two_1      5        150         0  
      stg2_o_2__stg2_i_31__three2two_1      3        150         0  
      stg2_o_1__stg2_i_25__three2two_1      5        150         0  
      stg2_o_0__stg2_i_27__three2two_1      3        150         0  
      stg1_o_3__stg1_i_50__three2two_1     10        150         0  
      stg1_o_3__stg1_i_47__three2two_1      9        150         0  
      stg1_o_3__stg1_i_31__three2two_1      7        150         0  
      stg1_o_3__stg1_i_20__three2two_1      3        150         0  
      stg1_o_2__stg1_i_36__three2two_1      3        150         0  
      stg1_o_2__stg1_i_33__three2two_1      7        150         0  
      stg1_o_0__stg1_i_8__three2two_1       6        150         0  
      stg6_i_40__three2two_1                5        146         0  
      stg6_i_31__three2two_1                4        146         0  
      stg3_o_1__stg3_i_41__three2two_1      8        146         0  
      stg2_o_0__stg2_i_13__three2two_1      8        146         0  
      stg1_o_3__stg1_i_43__three2two_1      8        146         0  
      stg1_o_3__stg1_i_40__three2two_1      5        146         0  
      stg1_o_3__stg1_i_34__three2two_1     10        146         0  
      stg1_o_2__stg1_i_28__three2two_1      7        146         0  
      stg1_o_2__stg1_i_22__three2two_1      5        146         0  
      stg1_o_1__stg1_i_16__three2two_1      5        146         0  
      stg6_i_57__three2two_1                7        143         0  
      stg3_o_1__stg3_i_40__three2two_1      4        143         0  
      stg2_o_2__stg2_i_49__three2two_1      4        143         0  
      stg2_o_1__stg2_i_41__three2two_1      5        143         0  
      stg2_o_1__stg2_i_17__three2two_1      4        143         0  
      stg1_o_4__stg1_i_49__three2two_1      3        143         0  
      stg1_o_4__stg1_i_32__three2two_1      3        143         0  
      stg1_o_4__stg1_i_26__three2two_1      3        143         0  
      stg1_o_3__stg1_i_45__three2two_1      4        143         0  
      stg1_o_3__stg1_i_36__three2two_1      4        143         0  
      stg1_o_3__stg1_i_33__three2two_1      6        143         0  
      stg1_o_3__stg1_i_27__three2two_1      4        143         0  
      stg1_o_2__stg1_i_41__three2two_1      4        143         0  
      stg1_o_2__stg1_i_27__three2two_1      4        143         0  
      stg1_o_1__stg1_i_26__three2two_1      4        143         0  
      stg1_o_0__stg1_i_17__three2two_1      4        143         0  
      stg5_i_31__three2two_1                6        140         0  
      stg4_o_1__stg4_i_48__three2two_1      4        140         0  
      stg3_o_0__stg3_i_11__three2two_1      4        140         0  
      stg2_o_0__stg2_i_8__three2two_1       8        140         0  
      stg1_o_2__stg1_i_31__three2two_1      7        140         0  
      stg5_i_37__three2two_1                6        136         0  
      stg4_o_1__stg4_i_35__three2two_1      4        136         0  
      stg3_o_1__stg3_i_29__three2two_1      6        136         0  
      stg2_o_2__stg2_i_50__three2two_1      4        136         0  
      stg2_o_1__stg2_i_30__three2two_1      7        136         0  
      stg2_o_1__stg2_i_28__three2two_1      5        136         0  
      stg2_o_1__stg2_i_13__three2two_1      8        136         0  
      stg1_o_2__stg1_i_37__three2two_1      5        136         0  
      stg1_o_2__stg1_i_20__three2two_1      7        136         0  
      stg1_o_1__stg1_i_27__three2two_1      3        136         0  
      stg1_o_1__stg1_i_20__three2two_1      7        136         0  
      stg1_o_1__stg1_i_15__three2two_1      5        136         0  
      stg1_o_0__stg1_i_30__three2two_1      8        136         0  
      stg4_o_1__stg4_i_47__three2two_1      4        133         0  
      stg4_o_1__stg4_i_44__three2two_1      3        133         0  
      stg4_o_1__stg4_i_37__three2two_1      4        133         0  
      stg4_o_1__stg4_i_33__three2two_1      4        133         0  
      stg3_o_1__stg3_i_31__three2two_1      5        133         0  
      stg2_o_2__stg2_i_30__three2two_1      4        133         0  
      stg2_o_1__stg2_i_26__three2two_1      5        133         0  
      stg1_o_3__stg1_i_49__three2two_1      3        133         0  
      stg1_o_3__stg1_i_32__three2two_1      8        133         0  
      stg1_o_3__stg1_i_26__three2two_1      8        133         0  
      stg1_o_2__stg1_i_32__three2two_1      4        133         0  
      stg1_o_1__stg1_i_32__three2two_1      8        133         0  
      stg1_o_0__stg1_i_11__three2two_1      4        133         0  
      stg5_i_51__three2two_1                6        130         0  
      stg5_i_35__three2two_1                3        130         0  
      stg4_o_1__stg4_i_29__three2two_1      9        130         0  
      stg2_o_2__stg2_i_29__three2two_1      4        130         0  
      stg1_o_4__stg1_i_41__three2two_1      4        130         0  
      stg1_o_4__stg1_i_31__three2two_1      3        130         0  
      stg1_o_3__stg1_i_37__three2two_1      3        130         0  
      stg1_o_2__stg1_i_16__three2two_1      3        130         0  
      stg4_o_1__stg4_i_45__three2two_1      5        126         0  
      stg2_o_0__stg2_i_10__three2two_1      7        126         0  
      stg1_o_2__stg1_i_21__three2two_1      5        126         0  
      stg1_o_2__stg1_i_19__three2two_1      5        126         0  
      stg6_i_36__three2two_1                5        123         0  
      stg2_o_1__stg2_i_37__three2two_1      4        123         0  
      stg2_o_1__stg2_i_19__three2two_1      5        123         0  
      stg1_o_2__stg1_i_26__three2two_1      5        123         0  
      stg1_o_1__stg1_i_29__three2two_1      4        123         0  
      stg6_i_48__three2two_1                3        120         0  
      stg4_o_1__stg4_i_34__three2two_1      8        120         0  
      stg3_o_1__stg3_i_22__three2two_1      6        120         0  
      stg2_o_2__stg2_i_47__three2two_1      4        120         0  
      stg2_o_2__stg2_i_24__three2two_1      4        120         0  
      stg2_o_1__stg2_i_38__three2two_1      4        120         0  
      stg1_o_4__stg1_i_37__three2two_1      8        120         0  
      stg1_o_2__stg1_i_43__three2two_1      6        120         0  
      stg6_i_54__three2two_1                6        116         0  
      stg6_i_35__three2two_1                1        116         0  
      stg4_o_0__stg4_i_20__three2two_1      1        116         0  
      stg4_o_0__stg4_i_19__three2two_1      1        116         0  
      stg3_o_1__stg3_i_46__three2two_1      1        116         0  
      stg3_o_1__stg3_i_45__three2two_1      1        116         0  
      stg3_o_0__stg3_i_14__three2two_1      1        116         0  
      stg2_o_2__stg2_i_27__three2two_1      1        116         0  
      stg2_o_1__stg2_i_43__three2two_1      1        116         0  
      stg2_o_1__stg2_i_18__three2two_1      1        116         0  
      stg2_o_0__stg2_i_12__three2two_1      4        116         0  
      stg1_o_4__stg1_i_36__three2two_1      7        116         0  
      stg1_o_3__stg1_i_23__three2two_1      4        116         0  
      stg1_o_1__stg1_i_39__three2two_1      1        116         0  
      stg1_o_1__stg1_i_24__three2two_1      4        116         0  
      stg6_i_56__three2two_1                1        113         0  
      stg6_i_55__three2two_1                1        113         0  
      stg6_i_53__three2two_1                1        113         0  
      stg6_i_45__three2two_1                4        113         0  
      stg4_o_0__stg4_i_46__three2two_1      7        113         0  
      stg3_o_1__stg3_i_26__three2two_1      1        113         0  
      stg3_o_1__stg3_i_24__three2two_1      4        113         0  
      stg3_o_0__stg3_i_10__three2two_1      1        113         0  
      stg2_o_2__stg2_i_26__three2two_1      4        113         0  
      stg2_o_1__stg2_i_42__three2two_1      4        113         0  
      stg2_o_1__stg2_i_24__three2two_1      1        113         0  
      stg2_o_0__stg2_i_9__three2two_1       1        113         0  
      stg2_o_0__stg2_i_7__three2two_1       1        113         0  
      stg1_o_3__stg1_i_51__three2two_1      1        113         0  
      stg5_i_49__three2two_1                3        110         0  
      stg3_o_1__stg3_i_33__three2two_1      3        110         0  
      stg3_o_0__stg3_i_15__three2two_1      3        110         0  
      stg2_o_2__stg2_i_33__three2two_1      3        110         0  
      stg2_o_0__stg2_i_6__three2two_1       3        110         0  
      stg1_o_3__stg1_i_35__three2two_1      3        110         0  
      stg1_o_2__stg1_i_14__three2two_1      4        110         0  
      stg1_o_0__stg1_i_25__three2two_1      3        110         0  
      stg1_o_0__stg1_i_12__three2two_1      5        106         0  
      stg2_o_1__stg2_i_36__three2two_1      4        103         0  
      stg2_o_1__stg2_i_32__three2two_1      4        103         0  
      stg2_o_1__stg2_i_21__three2two_1      4        103         0  
      stg1_o_4__stg1_i_44__three2two_1      5        103         0  
      stg1_o_4__stg1_i_30__three2two_1      4        103         0  
      stg1_o_1__stg1_i_21__three2two_1      4        103         0  
      stg1_o_0__stg1_i_9__three2two_1       4        103         0  
      stg4_o_1__stg4_i_51__three2two_1      4        100         0  
      stg4_o_1__stg4_i_41__three2two_1      4        100         0  
      stg4_o_1__stg4_i_39__three2two_1      3        100         0  
      stg2_o_1__stg2_i_27__three2two_1      3        100         0  
      stg1_o_2__stg1_i_25__three2two_1      3        100         0  
      stg1_o_2__stg1_i_23__three2two_1      4        100         0  
      stg1_o_2__stg1_i_18__three2two_1      3        100         0  
      stg1_o_1__stg1_i_18__three2two_1      3        100         0  
      stg1_o_1__stg1_i_17__three2two_1      4        100         0  
      stg1_o_0__stg1_i_5__three2two_1       4        100         0  
      stg6_i_12__three2two_1                5         96         0  
      stg2_o_2__stg2_i_22__three2two_1      4         96         0  
      stg1_o_3__stg1_i_42__three2two_1      3         96         0  
      stg1_o_3__stg1_i_22__three2two_1      3         96         0  
      stg1_o_0__stg1_i_6__three2two_1       4         96         0  
      stg6_i_58__three2two_1                4         93         0  
      stg4_o_1__stg4_i_52__three2two_1      4         93         0  
      stg4_o_1__stg4_i_49__three2two_1      4         93         0  
      stg4_o_1__stg4_i_46__three2two_1      4         93         0  
      stg4_o_1__stg4_i_43__three2two_1      4         93         0  
      stg4_o_1__stg4_i_42__three2two_1      4         93         0  
      stg4_o_1__stg4_i_40__three2two_1      4         93         0  
      stg4_o_1__stg4_i_36__three2two_1      4         93         0  
      stg4_o_0__stg4_i_17__three2two_1      3         93         0  
      stg3_o_1__stg3_i_20__three2two_1      4         93         0  
      stg3_o_0__stg3_i_9__three2two_1       3         93         0  
      stg2_o_1__stg2_i_20__three2two_1      3         93         0  
      stg1_o_4__stg1_i_34__three2two_1      4         93         0  
      stg1_o_3__stg1_i_53__three2two_1      5         93         0  
      stg1_o_2__stg1_i_24__three2two_1      4         93         0  
      stg1_o_2__stg1_i_17__three2two_1      4         93         0  
      stg1_o_1__stg1_i_14__three2two_1      4         93         0  
      stg1_o_1__stg1_i_13__three2two_1      4         93         0  
      stg1_o_1__stg1_i_12__three2two_1      4         93         0  
      stg5_i_13__three2two_1                5         90         0  
      stg4_o_1__stg4_i_56__three2two_1      3         90         0  
      stg4_o_1__stg4_i_55__three2two_1      3         90         0  
      stg4_o_1__stg4_i_54__three2two_1      3         90         0  
      stg4_o_1__stg4_i_53__three2two_1      3         90         0  
      stg2_o_3__stg2_i_45__three2two_1      3         90         0  
      stg2_o_3__stg2_i_40__three2two_1      3         90         0  
      stg2_o_3__stg2_i_38__three2two_1      3         90         0  
      stg2_o_2__stg2_i_52__three2two_1      4         90         0  
      stg2_o_2__stg2_i_51__three2two_1      3         90         0  
      stg2_o_1__stg2_i_16__three2two_1      3         90         0  
      stg2_o_1__stg2_i_15__three2two_1      3         90         0  
      stg1_o_4__stg1_i_51__three2two_1      3         90         0  
      stg1_o_4__stg1_i_48__three2two_1      3         90         0  
      stg1_o_4__stg1_i_47__three2two_1      3         90         0  
      stg1_o_4__stg1_i_46__three2two_1      3         90         0  
      stg1_o_4__stg1_i_45__three2two_1      3         90         0  
      stg1_o_4__stg1_i_42__three2two_1      3         90         0  
      stg1_o_4__stg1_i_40__three2two_1      3         90         0  
      stg1_o_4__stg1_i_35__three2two_1      3         90         0  
      stg1_o_4__stg1_i_33__three2two_1      3         90         0  
      stg1_o_4__stg1_i_28__three2two_1      3         90         0  
      stg1_o_1__stg1_i_8__three2two_1       3         90         0  
      stg1_o_1__stg1_i_11__three2two_1      3         90         0  
      stg1_o_1__stg1_i_10__three2two_1      3         90         0  
      stg6_i_22__three2two_1                5         86         0  
      stg6_i_18__three2two_1                4         86         0  
      stg6_i_15__three2two_1                5         86         0  
      stg5_i_53__three2two_1                5         86         0  
      stg6_i_8__three2two_1                 5         83         0  
      stg5_i_52__three2two_1                6         83         0  
      stg6_i_24__three2two_1                4         80         0  
      stg5_i_57__three2two_1                6         80         0  
      stg5_i_11__three2two_1                4         80         0  
      stg5_i_10__three2two_1                5         80         0  
      stg4_o_0__stg4_i_47__three2two_1      4         80         0  
      stg1_o_0__stg1_i_2__three2two_1       4         80         0  
      stg6_i_27__three2two_1                4         77         0  
      stg6_i_25__three2two_1                4         77         0  
      stg6_i_23__three2two_1                4         77         0  
      stg6_i_20__three2two_1                4         77         0  
      stg6_i_17__three2two_1                4         77         0  
      stg6_i_14__three2two_1                4         77         0  
      stg6_i_13__three2two_1                4         77         0  
      stg6_i_11__three2two_1                4         77         0  
      stg5_i_18__three2two_1                4         77         0  
      stg5_i_15__three2two_1                4         77         0  
      stg4_o_1__stg4_i_58__three2two_1      1         77         0  
      stg4_o_0__stg4_i_9__three2two_1       4         77         0  
      stg3_o_0__stg3_i_40__three2two_1      4         77         0  
      stg1_o_4__stg1_i_55__three2two_1      1         77         0  
      stg1_o_4__stg1_i_54__three2two_1      1         77         0  
      stg1_o_4__stg1_i_50__three2two_1      1         77         0  
      stg1_o_0__stg1_i_4__three2two_1       1         77         0  
      stg6_i_21__three2two_1                3         73         0  
      stg6_i_19__three2two_1                2         73         0  
      stg4_o_0__stg4_i_49__three2two_1      4         73         0  
      stg4_o_0__stg4_i_48__three2two_1      2         73         0  
      stg4_o_0__stg4_i_12__three2two_1      2         73         0  
      stg6_i_63__three2two_1                4         70         0  
      stg6_i_62__three2two_1                1         70         0  
      stg6_i_61__three2two_1                1         70         0  
      stg6_i_60__three2two_1                1         70         0  
      stg6_i_59__three2two_1                1         70         0  
      stg6_i_16__three2two_1                4         70         0  
      stg5_i_16__three2two_1                3         70         0  
      stg4_o_1__stg4_i_57__three2two_1      1         70         0  
      stg4_o_1__stg4_i_30__three2two_1      5         70         0  
      stg4_o_0__stg4_i_8__three2two_1       5         70         0  
      stg4_o_0__stg4_i_7__three2two_1       3         70         0  
      stg3_o_0__stg3_i_42__three2two_1      5         70         0  
      stg3_o_0__stg3_i_41__three2two_1      4         70         0  
      stg2_o_3__stg2_i_61__three2two_1      1         70         0  
      stg2_o_3__stg2_i_60__three2two_1      1         70         0  
      stg2_o_3__stg2_i_59__three2two_1      1         70         0  
      stg2_o_3__stg2_i_58__three2two_1      1         70         0  
      stg2_o_3__stg2_i_57__three2two_1      1         70         0  
      stg2_o_3__stg2_i_56__three2two_1      1         70         0  
      stg2_o_3__stg2_i_55__three2two_1      1         70         0  
      stg2_o_3__stg2_i_54__three2two_1      1         70         0  
      stg2_o_3__stg2_i_53__three2two_1      1         70         0  
      stg2_o_3__stg2_i_52__three2two_1      1         70         0  
      stg2_o_3__stg2_i_51__three2two_1      1         70         0  
      stg2_o_3__stg2_i_50__three2two_1      1         70         0  
      stg2_o_3__stg2_i_49__three2two_1      1         70         0  
      stg2_o_3__stg2_i_48__three2two_1      1         70         0  
      stg2_o_3__stg2_i_47__three2two_1      1         70         0  
      stg2_o_3__stg2_i_46__three2two_1      1         70         0  
      stg2_o_3__stg2_i_44__three2two_1      1         70         0  
      stg2_o_3__stg2_i_43__three2two_1      1         70         0  
      stg2_o_3__stg2_i_42__three2two_1      1         70         0  
      stg2_o_3__stg2_i_41__three2two_1      1         70         0  
      stg2_o_3__stg2_i_39__three2two_1      1         70         0  
      stg2_o_3__stg2_i_37__three2two_1      1         70         0  
      stg2_o_3__stg2_i_36__three2two_1      1         70         0  
      stg2_o_3__stg2_i_35__three2two_1      1         70         0  
      stg2_o_3__stg2_i_34__three2two_1      1         70         0  
      stg2_o_3__stg2_i_32__three2two_1      1         70         0  
      stg2_o_3__stg2_i_30__three2two_1      1         70         0  
      stg2_o_2__stg2_i_55__three2two_1      1         70         0  
      stg2_o_2__stg2_i_54__three2two_1      1         70         0  
      stg2_o_2__stg2_i_53__three2two_1      1         70         0  
      stg2_o_0__stg2_i_4__three2two_1       1         70         0  
      stg1_o_4__stg1_i_57__three2two_1      1         70         0  
      stg1_o_4__stg1_i_56__three2two_1      1         70         0  
      stg1_o_4__stg1_i_53__three2two_1      1         70         0  
      stg1_o_4__stg1_i_52__three2two_1      1         70         0  
      stg1_o_2__stg1_i_45__three2two_1      1         70         0  
      stg6_i_10__three2two_1                4         67         0  
      stg5_i_7__three2two_1                 5         67         0  
      stg3_o_0__stg3_i_43__three2two_1      3         67         0  
      stg1_o_3__stg1_i_21__three2two_1      4         63         0  
      stg3_o_1__stg3_i_18__three2two_1      1         60         0  
      stg3_o_0__stg3_i_8__three2two_1       1         60         0  
      stg1_o_4__stg1_i_27__three2two_1      4         60         0  
      stg1_o_2__stg1_i_15__three2two_1      1         60         0  
      stg5_i_14__three2two_1                3         57         0  
      stg5_i_55__three2two_1                5         53         0  
      stg1_o_1__stg1_i_6__three2two_1       2         53         0  
      stg6_i_7__three2two_1                 2         50         0  
      stg2_o_1__stg2_i_48__three2two_1      3         50         0  
      stg1_o_3__stg1_i_52__three2two_1      2         50         0  
      stg6_i_9__three2two_1                 2         47         0  
      stg5_i_9__three2two_1                 2         47         0  
      stg5_i_8__three2two_1                 2         47         0  
      stg5_i_12__three2two_1                2         47         0  
      stg4_o_1__stg4_i_63__three2two_1      3         47         0  
      stg4_o_1__stg4_i_28__three2two_1      2         47         0  
      stg4_o_1__stg4_i_27__three2two_1      2         47         0  
      stg4_o_1__stg4_i_25__three2two_1      2         47         0  
      stg4_o_0__stg4_i_10__three2two_1      2         47         0  
      stg2_o_3__stg2_i_63__three2two_1      3         47         0  
      stg2_o_2__stg2_i_23__three2two_1      2         47         0  
      stg2_o_1__stg2_i_44__three2two_1      2         47         0  
      stg3_o_0__stg3_i_5__three2two_1       3         43         0  
      stg5_i_6__three2two_1                 2         40         0  
      stg5_i_59__three2two_1                1         40         0  
      stg5_i_58__three2two_1                1         40         0  
      stg5_i_56__three2two_1                2         40         0  
      stg5_i_54__three2two_1                1         40         0  
      stg4_o_1__stg4_i_59__three2two_1      1         40         0  
      stg4_o_0__stg4_i_6__three2two_1       2         40         0  
      stg3_o_1__stg3_i_55__three2two_1      2         40         0  
      stg3_o_1__stg3_i_54__three2two_1      2         40         0  
      stg3_o_1__stg3_i_53__three2two_1      2         40         0  
      stg3_o_1__stg3_i_52__three2two_1      2         40         0  
      stg3_o_1__stg3_i_51__three2two_1      2         40         0  
      stg3_o_1__stg3_i_21__three2two_1      1         40         0  
      stg3_o_1__stg3_i_19__three2two_1      1         40         0  
      stg3_o_1__stg3_i_16__three2two_1      1         40         0  
      stg3_o_0__stg3_i_6__three2two_1       1         40         0  
      stg2_o_3__stg2_i_31__three2two_1      1         40         0  
      stg2_o_3__stg2_i_28__three2two_1      2         40         0  
      stg2_o_2__stg2_i_21__three2two_1      2         40         0  
      stg2_o_2__stg2_i_19__three2two_1      2         40         0  
      stg2_o_1__stg2_i_47__three2two_1      2         40         0  
      stg2_o_1__stg2_i_46__three2two_1      2         40         0  
      stg2_o_1__stg2_i_45__three2two_1      2         40         0  
      stg2_o_1__stg2_i_14__three2two_1      1         40         0  
      stg2_o_1__stg2_i_12__three2two_1      1         40         0  
      stg2_o_1__stg2_i_10__three2two_1      1         40         0  
      stg2_o_0__stg2_i_5__three2two_1       1         40         0  
      stg2_o_0__stg2_i_1__three2two_1       1         40         0  
      stg1_o_4__stg1_i_58__three2two_1      2         40         0  
      stg1_o_4__stg1_i_24__three2two_1      1         40         0  
      stg1_o_3__stg1_i_18__three2two_1      2         40         0  
      stg1_o_2__stg1_i_47__three2two_1      2         40         0  
      stg1_o_2__stg1_i_46__three2two_1      2         40         0  
      stg1_o_2__stg1_i_12__three2two_1      2         40         0  
      stg1_o_1__stg1_i_9__three2two_1       1         40         0  
      stg1_o_1__stg1_i_41__three2two_1      2         40         0  
      stg6_i_5__three2two_1                 1         37         0  
      stg5_i_61__three2two_1                1         37         0  
      stg5_i_60__three2two_1                1         37         0  
      stg5_i_4__three2two_1                 1         37         0  
      stg4_o_1__stg4_i_62__three2two_1      1         37         0  
      stg4_o_1__stg4_i_61__three2two_1      1         37         0  
      stg4_o_1__stg4_i_60__three2two_1      1         37         0  
      stg4_o_0__stg4_i_5__three2two_1       1         37         0  
      stg4_o_0__stg4_i_3__three2two_1       1         37         0  
      stg3_o_1__stg3_i_57__three2two_1      1         37         0  
      stg3_o_1__stg3_i_56__three2two_1      1         37         0  
      stg3_o_0__stg3_i_4__three2two_1       1         37         0  
      stg3_o_0__stg3_i_2__three2two_1       1         37         0  
      stg2_o_3__stg2_i_62__three2two_1      1         37         0  
      stg2_o_1__stg2_i_49__three2two_1      1         37         0  
      stg2_o_0__stg2_i_3__three2two_1       1         37         0  
      stg1_o_4__stg1_i_59__three2two_1      1         37         0  
      stg1_o_1__stg1_i_40__three2two_1      2         37         0  
      stg1_o_0__stg1_i_3__three2two_1       1         37         0  
      stg1_o_0__stg1_i_0__three2two_1       1         37         0  
    sdngen_3__sdn_gen_inst                 10        213         0  
    sdngen_11__sdn_gen_inst                10        186         0  
    sdngen_9__sdn_gen_inst                  9        170         0  
    sdngen_7__sdn_gen_inst                 10        170         0  
    sdngen_12__sdn_gen_inst                10        170         0  
    sdngen_10__sdn_gen_inst                 9        170         0  
    sdngen_2__sdn_gen_inst                  9        166         0  
    sdngen_4__sdn_gen_inst                  9        163         0  
    sdngen_1__sdn_gen_inst                  9        160         0  
    sdngen_8__sdn_gen_inst                  7        153         0  
    sdngen_13__sdn_gen_inst                 8        153         0  
    sdngen_6__sdn_gen_inst                  9        146         0  
    sdngen_5__sdn_gen_inst                  7        146         0  
    sdngen_14__sdn_gen_inst                 7        143         0  
    sdngen_15__sdn_gen_inst                 7        116         0  
    sdngen_0__sdn_gen_inst                  6         86         0  
  add_104_52                              874      14270         0  
