============================================================
  Generated by:           Encounter(R) RTL Compiler v08.10-s213_1
  Generated on:           Jun 22 2014  09:05:08 PM
  Module:                 multiplier_top
  Technology library:     slow 1.1
  Operating conditions:   slow 
  Interconnect mode:      ple
  Area mode:              timing library
============================================================

                                       Leakage     Dynamic       Total    
            Instance            Cells Power(nW)   Power(nW)    Power(nW)  
--------------------------------------------------------------------------
multiplier_top                   6474  6461.589 25467793.048 25474254.637 
  pp_gen_rdcn_1                  5370  5474.552 16885749.647 16891224.199 
    pp_rdcn_1                    3104  4078.933 14030969.813 14035048.747 
      stg2_o_0__..__three2two_1     5    20.565    44258.108    44278.673 
      stg2_o_0__..__three2two_1     9    14.545    43282.907    43297.452 
      stg1_o_1__..__three2two_1     8    14.432    22981.774    22996.206 
      stg1_o_2__..__three2two_1     7    13.652    21221.293    21234.945 
      stg5_i_20__three2two_1        6    13.651    54363.488    54377.139 
      stg6_i_28__three2two_1        6    13.212    78271.091    78284.303 
      stg5_i_17__three2two_1        8    13.173    52924.139    52937.312 
      stg6_i_33__three2two_1        5    12.912    80894.402    80907.314 
      stg6_i_38__three2two_1        8    12.813    81241.877    81254.690 
      stg5_i_40__three2two_1        5    12.553    75540.434    75552.987 
      stg6_i_32__three2two_1        5    12.553    83536.867    83549.420 
      stg3_o_1__..__three2two_1    14    12.271    66263.975    66276.245 
      stg5_i_19__three2two_1        6    12.251    42512.329    42524.580 
      stg3_o_0__..__three2two_1     9    12.242    50583.663    50595.905 
      stg5_i_32__three2two_1        6    12.209    72869.421    72881.630 
      stg6_i_26__three2two_1        7    12.208    56666.167    56678.375 
      stg6_i_34__three2two_1        5    12.186    56812.808    56824.994 
      stg2_o_2__..__three2two_1     5    12.045    32530.429    32542.473 
      stg5_i_25__three2two_1        6    11.992    62883.785    62895.777 
      stg5_i_28__three2two_1        6    11.992    90934.079    90946.071 
      stg5_i_41__three2two_1        8    11.990    89204.134    89216.124 
      stg4_o_0__..__three2two_1     6    11.951    57572.551    57584.501 
      stg6_i_49__three2two_1        5    11.921    45070.031    45081.952 
      stg4_o_0__..__three2two_1     5    11.865    33437.492    33449.357 
      stg3_o_1__..__three2two_1     5    11.856    42231.538    42243.395 
      stg3_o_0__..__three2two_1     8    11.729    52412.489    52424.217 
      stg3_o_1__..__three2two_1     3    11.703    35158.908    35170.611 
      stg3_o_1__..__three2two_1     3    11.703    35554.980    35566.682 
      stg5_i_34__three2two_1        3    11.703    61372.186    61383.889 
      stg6_i_30__three2two_1        5    11.641    64730.446    64742.087 
      stg5_i_39__three2two_1       10    11.510   100242.582   100254.093 
      stg3_o_1__..__three2two_1     4    11.282    40688.059    40699.341 
      stg5_i_30__three2two_1        4    11.282    57456.265    57467.547 
      stg4_o_0__..__three2two_1     9    11.277    83414.328    83425.605 
      stg6_i_46__three2two_1        6    11.262    55534.614    55545.876 
      stg1_o_0__..__three2two_1     9    11.209    14508.891    14520.101 
      stg5_i_36__three2two_1       11    11.207    95250.488    95261.695 
      stg1_o_3__..__three2two_1     3    11.203    10387.425    10398.628 
      stg1_o_2__..__three2two_1    10    11.199    22180.410    22191.609 
      stg4_o_0__..__three2two_1     5    11.194    38819.483    38830.678 
      stg2_o_1__..__three2two_1     5    11.166    22718.475    22729.641 
      stg2_o_2__..__three2two_1     4    11.141    27760.682    27771.823 
      stg6_i_43__three2two_1        4    11.108    54265.019    54276.128 
      stg3_o_1__..__three2two_1     3    11.052    31457.976    31469.028 
      stg4_o_0__..__three2two_1     3    11.052    47107.717    47118.769 
      stg4_o_0__..__three2two_1     3    11.052    40981.771    40992.823 
      stg4_o_0__..__three2two_1     3    11.052    62994.845    63005.897 
      stg4_o_0__..__three2two_1    10    10.973    93638.270    93649.243 
      stg1_o_0__..__three2two_1     7    10.919    13475.586    13486.505 
      stg5_i_21__three2two_1       13    10.864    71887.726    71898.590 
      stg3_o_1__..__three2two_1     4    10.851    38574.852    38585.702 
      stg6_i_52__three2two_1        5    10.834    33720.768    33731.602 
      stg1_o_0__..__three2two_1     6    10.825    18627.098    18637.923 
      stg5_i_22__three2two_1        9    10.792    58761.587    58772.379 
      stg6_i_44__three2two_1        5    10.789    51856.379    51867.168 
      stg6_i_41__three2two_1       11    10.762    89473.582    89484.344 
      stg3_o_1__..__three2two_1     4    10.736    28258.675    28269.411 
      stg6_i_37__three2two_1        8    10.712    70413.743    70424.454 
      stg5_i_47__three2two_1        4    10.711    44686.732    44697.443 
      stg6_i_29__three2two_1        4    10.706    48402.852    48413.558 
      stg1_o_0__..__three2two_1     5    10.651    12080.758    12091.409 
      stg5_i_23__three2two_1        5    10.634    39514.603    39525.237 
      stg2_o_1__..__three2two_1     4    10.632    21860.356    21870.987 
      stg1_o_0__..__three2two_1    12    10.591    17964.248    17974.839 
      stg5_i_27__three2two_1       11    10.498    89493.749    89504.248 
      stg3_o_1__..__three2two_1     5    10.490    31069.275    31079.765 
      stg2_o_0__..__three2two_1     3    10.482    20055.777    20066.258 
      stg1_o_1__..__three2two_1     4    10.444    17354.149    17364.593 
      stg2_o_2__..__three2two_1     4    10.444    29877.880    29888.324 
      stg3_o_0__..__three2two_1     4    10.403    30764.996    30775.399 
      stg3_o_0__..__three2two_1     8    10.377    40520.165    40530.542 
      stg2_o_2__..__three2two_1     8    10.373    32427.644    32438.017 
      stg3_o_0__..__three2two_1     4    10.364    52098.561    52108.925 
      stg5_i_26__three2two_1        5    10.275    46677.252    46687.527 
      stg2_o_0__..__three2two_1     3    10.270    21155.515    21165.785 
      stg2_o_2__..__three2two_1     3    10.270    28420.085    28430.355 
      stg2_o_0__..__three2two_1     5    10.252    27632.929    27643.181 
      stg1_o_3__..__three2two_1     5    10.123    16979.050    16989.173 
      stg1_o_2__..__three2two_1     5    10.118    11219.379    11229.498 
      stg1_o_3__..__three2two_1     4    10.118    13845.216    13855.334 
      stg2_o_1__..__three2two_1     4    10.097    15443.388    15453.486 
      stg1_o_0__..__three2two_1     4    10.053    12929.019    12939.072 
      stg1_o_3__..__three2two_1     4    10.053    18223.129    18233.182 
      stg3_o_1__..__three2two_1     4    10.053    21049.352    21059.405 
      stg2_o_1__..__three2two_1     5    10.022    21873.371    21883.393 
      stg1_o_0__..__three2two_1     4    10.013    11061.124    11071.136 
      stg1_o_0__..__three2two_1     4    10.013     9806.162     9816.174 
      stg2_o_2__..__three2two_1     4    10.013    26597.531    26607.544 
      stg2_o_2__..__three2two_1     4    10.013    25747.018    25757.030 
      stg2_o_2__..__three2two_1     4    10.013    23696.582    23706.595 
      stg4_o_0__..__three2two_1     4    10.013    28024.464    28034.477 
      stg1_o_2__..__three2two_1     6    10.005     9262.723     9272.728 
      stg5_i_50__three2two_1        4     9.974    42132.594    42142.567 
      stg1_o_1__..__three2two_1     3     9.922    14873.009    14882.931 
      stg2_o_0__..__three2two_1     6     9.910    32970.105    32980.015 
      stg6_i_31__three2two_1        4     9.838    44092.049    44101.888 
      stg2_o_0__..__three2two_1     5     9.828    22520.658    22530.485 
      stg4_o_0__..__three2two_1     4     9.793    62361.463    62371.257 
      stg4_o_1__..__three2two_1     6     9.792    24475.583    24485.375 
      stg2_o_0__..__three2two_1     8     9.773    26377.126    26386.899 
      stg2_o_1__..__three2two_1     5     9.725    15535.799    15545.524 
      stg2_o_1__..__three2two_1     5     9.725    21456.571    21466.296 
      stg1_o_0__..__three2two_1     4     9.715    11319.473    11329.189 
      stg1_o_1__..__three2two_1     4     9.715    14325.348    14335.064 
      stg1_o_2__..__three2two_1     4     9.715    10415.779    10425.494 
      stg1_o_2__..__three2two_1     4     9.715    10833.812    10843.527 
      stg1_o_3__..__three2two_1     4     9.715    18322.704    18332.419 
      stg1_o_3__..__three2two_1     4     9.715    14147.170    14156.886 
      stg1_o_3__..__three2two_1     4     9.715    13206.862    13216.577 
      stg2_o_2__..__three2two_1     4     9.715    29882.813    29892.529 
      stg3_o_1__..__three2two_1     4     9.715    34513.480    34523.195 
      stg3_o_1__..__three2two_1     7     9.681    42887.054    42896.735 
      stg3_o_0__..__three2two_1     4     9.664    23767.603    23777.267 
      stg4_o_1__..__three2two_1     4     9.664    23831.927    23841.591 
      stg3_o_0__..__three2two_1     3     9.620    37362.553    37372.173 
      stg3_o_1__..__three2two_1     3     9.620    24220.531    24230.151 
      stg4_o_0__..__three2two_1    12     9.603    98367.402    98377.005 
      stg2_o_2__..__three2two_1     5     9.602    33061.972    33071.574 
      stg4_o_0__..__three2two_1     9     9.589    49010.661    49020.250 
      stg1_o_3__..__three2two_1     3     9.574    12026.685    12036.259 
      stg4_o_1__..__three2two_1     3     9.574    25210.708    25220.282 
      stg1_o_1__..__three2two_1     5     9.529    11829.471    11839.000 
      stg2_o_0__..__three2two_1     8     9.526    27985.314    27994.841 
      stg1_o_2__..__three2two_1     3     9.523    14722.225    14731.747 
      stg1_o_3__..__three2two_1     3     9.523    13065.343    13074.866 
      stg5_i_29__three2two_1       10     9.488    97073.127    97082.615 
      stg1_o_4__..__three2two_1     3     9.482    12018.342    12027.824 
      stg1_o_0__..__three2two_1     6     9.479    14438.892    14448.371 
      stg1_o_1__..__three2two_1     8     9.479    14123.813    14133.292 
      stg2_o_2__..__three2two_1     4     9.448    20438.298    20447.746 
      stg4_o_1__..__three2two_1     4     9.448    18849.531    18858.979 
      stg6_i_39__three2two_1        8     9.412    67192.214    67201.626 
      stg1_o_2__..__three2two_1     4     9.396    11971.314    11980.711 
      stg2_o_2__..__three2two_1     4     9.396    21625.003    21634.399 
      stg4_o_1__..__three2two_1     4     9.396    27311.214    27320.611 
      stg4_o_0__..__three2two_1     9     9.381    45123.295    45132.676 
      stg5_i_48__three2two_1        4     9.362    37682.854    37692.216 
      stg4_o_1__..__three2two_1     4     9.355    29330.153    29339.508 
      stg4_o_1__..__three2two_1     4     9.355    24315.345    24324.700 
      stg1_o_0__..__three2two_1     3     9.323    13711.372    13720.695 
      stg1_o_3__..__three2two_1     3     9.323    14477.543    14486.865 
      stg2_o_2__..__three2two_1     3     9.323    28999.412    29008.735 
      stg4_o_0__..__three2two_1    13     9.292    89336.382    89345.674 
      stg2_o_1__..__three2two_1     4     9.280    21070.660    21079.939 
      stg1_o_2__..__three2two_1     5     9.266    15704.696    15713.962 
      stg5_i_42__three2two_1       10     9.264    81551.404    81560.668 
      stg2_o_0__..__three2two_1    11     9.213    23304.309    23313.522 
      stg1_o_2__..__three2two_1     7     9.211    18836.918    18846.128 
      stg3_o_0__..__three2two_1     9     9.176    63056.794    63065.970 
      stg1_o_2__..__three2two_1    10     9.124    17721.652    17730.776 
      stg1_o_0__..__three2two_1    11     9.123    16459.935    16469.058 
      stg3_o_0__..__three2two_1     3     9.106    25396.536    25405.642 
      stg3_o_1__..__three2two_1     3     9.106    34237.247    34246.354 
      stg4_o_0__..__three2two_1     4     9.106    25577.589    25586.695 
      stg1_o_1__..__three2two_1     7     9.087    13862.440    13871.527 
      stg4_o_0__..__three2two_1     8     9.071    90752.966    90762.037 
      stg1_o_3__..__three2two_1     4     9.065    19052.121    19061.187 
      stg3_o_1__..__three2two_1     4     9.065    29080.197    29089.262 
      stg2_o_0__..__three2two_1    10     9.062    24727.336    24736.399 
      stg3_o_0__..__three2two_1     7     9.053    17105.169    17114.222 
      stg1_o_1__..__three2two_1     8     9.033    16504.319    16513.352 
      stg2_o_0__..__three2two_1     8     9.004    23086.744    23095.748 
      stg1_o_0__..__three2two_1     9     8.987     9031.818     9040.805 
      stg1_o_0__..__three2two_1     8     8.968    12324.045    12333.013 
      stg2_o_0__..__three2two_1    10     8.964    39971.615    39980.579 
      stg2_o_1__..__three2two_1     5     8.953    22410.799    22419.753 
      stg2_o_0__..__three2two_1    12     8.932    30586.267    30595.199 
      stg1_o_2__..__three2two_1     3     8.924    13347.033    13355.957 
      stg5_i_43__three2two_1       11     8.884    76637.229    76646.113 
      stg2_o_3__..__three2two_1     5     8.883    22268.700    22277.582 
      stg4_o_1__..__three2two_1     5     8.815    32028.916    32037.730 
      stg1_o_1__..__three2two_1     3     8.809    14400.927    14409.736 
      stg2_o_1__..__three2two_1     5     8.800    16048.442    16057.242 
      stg2_o_2__..__three2two_1     7     8.773    30468.427    30477.200 
      stg5_i_33__three2two_1        9     8.759    73973.385    73982.144 
      stg4_o_1__..__three2two_1     4     8.705    24384.185    24392.890 
      stg1_o_1__..__three2two_1     9     8.700    19094.045    19102.745 
      stg4_o_0__..__three2two_1    10     8.662    70189.702    70198.365 
      stg3_o_0__..__three2two_1    12     8.659    40800.275    40808.934 
      stg5_i_44__three2two_1        9     8.656    66799.931    66808.587 
      stg5_i_46__three2two_1        8     8.655    73409.269    73417.924 
      stg1_o_3__..__three2two_1     7     8.647    17611.919    17620.565 
      stg3_o_0__..__three2two_1     7     8.636    33441.967    33450.603 
      stg1_o_2__..__three2two_1     5     8.634    12210.935    12219.569 
      stg2_o_0__..__three2two_1     8     8.609    12037.930    12046.539 
      stg3_o_0__..__three2two_1     8     8.604    49064.639    49073.244 
      stg1_o_0__..__three2two_1     9     8.596    18203.328    18211.924 
      stg1_o_2__..__three2two_1     5     8.593    12586.638    12595.232 
      stg3_o_0__..__three2two_1     9     8.577    33808.531    33817.108 
      stg2_o_1__..__three2two_1     4     8.551    21037.441    21045.992 
      stg3_o_0__..__three2two_1     8     8.542    49657.726    49666.268 
      stg4_o_0__..__three2two_1    10     8.502    68860.495    68868.998 
      stg1_o_1__..__three2two_1     4     8.500    15749.143    15757.643 
      stg1_o_2__..__three2two_1     7     8.490    17112.316    17120.806 
      stg3_o_0__..__three2two_1     7     8.479    42236.674    42245.154 
      stg2_o_0__..__three2two_1    10     8.470    24484.906    24493.377 
      stg4_o_0__..__three2two_1     9     8.458    85654.348    85662.805 
      stg3_o_0__..__three2two_1     8     8.435    39270.065    39278.501 
      stg1_o_4__..__three2two_1     4     8.414    19199.519    19207.932 
      stg5_i_38__three2two_1       10     8.405    76356.145    76364.550 
      stg1_o_1__..__three2two_1     8     8.373    12252.355    12260.728 
      stg6_i_57__three2two_1        7     8.372    22610.697    22619.069 
      stg4_o_0__..__three2two_1    12     8.364    79100.444    79108.809 
      stg1_o_4__..__three2two_1     3     8.318     9122.091     9130.409 
      stg1_o_4__..__three2two_1     3     8.318    13453.310    13461.628 
      stg1_o_4__..__three2two_1     3     8.318    14187.632    14195.950 
      stg5_i_45__three2two_1        9     8.268    49137.727    49145.995 
      stg5_i_24__three2two_1        9     8.268    56688.317    56696.584 
      stg3_o_0__..__three2two_1    10     8.256    47479.681    47487.937 
      stg6_i_51__three2two_1        6     8.253    30525.954    30534.207 
      stg6_i_42__three2two_1        9     8.229    61931.785    61940.014 
      stg4_o_0__..__three2two_1    10     8.220    72711.569    72719.789 
      stg6_i_47__three2two_1        8     8.206    48850.782    48858.988 
      stg1_o_2__..__three2two_1    10     8.194    16597.452    16605.645 
      stg4_o_0__..__three2two_1    11     8.141    47884.132    47892.273 
      stg1_o_0__..__three2two_1     8     8.138    18298.377    18306.515 
      stg1_o_1__..__three2two_1     5     8.134    13208.473    13216.606 
      stg2_o_0__..__three2two_1    10     8.131    30504.476    30512.606 
      stg1_o_0__..__three2two_1    10     8.100    15055.060    15063.160 
      stg2_o_0__..__three2two_1    10     8.090    18836.477    18844.567 
      stg1_o_1__..__three2two_1     1     8.037    10101.196    10109.233 
      stg2_o_1__..__three2two_1     1     8.037    15025.213    15033.250 
      stg2_o_1__..__three2two_1     1     8.037    14459.695    14467.732 
      stg2_o_2__..__three2two_1     1     8.037    28230.613    28238.650 
      stg3_o_0__..__three2two_1     1     8.037    28551.309    28559.346 
      stg3_o_1__..__three2two_1     1     8.037    17820.138    17828.175 
      stg3_o_1__..__three2two_1     1     8.037    26805.313    26813.350 
      stg4_o_0__..__three2two_1     1     8.037    32848.711    32856.748 
      stg4_o_0__..__three2two_1     1     8.037    29243.610    29251.647 
      stg6_i_35__three2two_1        1     8.037    36441.636    36449.672 
      stg2_o_2__..__three2two_1     9     8.025    35890.339    35898.363 
      stg3_o_1__..__three2two_1    10     8.008    43983.631    43991.639 
      stg3_o_0__..__three2two_1    10     8.002    56812.414    56820.416 
      stg2_o_0__..__three2two_1    11     7.997    22033.226    22041.223 
      stg4_o_0__..__three2two_1     8     7.982    69165.661    69173.643 
      stg1_o_0__..__three2two_1     8     7.980    13415.070    13423.049 
      stg2_o_0__..__three2two_1     9     7.972    28303.742    28311.715 
      stg2_o_0__..__three2two_1    10     7.960    34543.808    34551.768 
      stg3_o_0__..__three2two_1    10     7.924    30306.861    30314.785 
      stg3_o_1__..__three2two_1    10     7.847    24787.662    24795.509 
      stg4_o_0__..__three2two_1    10     7.811    49029.700    49037.511 
      stg6_i_40__three2two_1        5     7.800    48429.206    48437.006 
      stg4_o_0__..__three2two_1     9     7.795    68472.821    68480.616 
      stg3_o_0__..__three2two_1    12     7.788    59421.686    59429.474 
      stg2_o_0__..__three2two_1     9     7.753    34726.302    34734.055 
      stg2_o_1__..__three2two_1     9     7.699    28139.156    28146.855 
      stg3_o_1__..__three2two_1     9     7.697    46408.711    46416.408 
      stg2_o_0__..__three2two_1    12     7.628    30623.219    30630.846 
      stg5_i_31__three2two_1        6     7.626    53946.024    53953.650 
      stg3_o_0__..__three2two_1     9     7.616    41248.650    41256.266 
      stg1_o_2__..__three2two_1     8     7.613    17365.617    17373.230 
      stg2_o_1__..__three2two_1     8     7.596    19769.133    19776.730 
      stg2_o_2__..__three2two_1    10     7.573    38189.222    38196.795 
      stg3_o_1__..__three2two_1     6     7.561    31253.109    31260.670 
      stg5_i_35__three2two_1        3     7.550    45313.303    45320.854 
      stg5_i_37__three2two_1        6     7.534    63946.620    63954.154 
      stg4_o_0__..__three2two_1     7     7.532    56281.939    56289.472 
      stg1_o_3__..__three2two_1     1     7.523     7534.741     7542.264 
      stg2_o_0__..__three2two_1     1     7.523    12796.523    12804.046 
      stg2_o_0__..__three2two_1     1     7.523    16524.755    16532.278 
      stg2_o_1__..__three2two_1     1     7.523    18230.690    18238.213 
      stg3_o_0__..__three2two_1     1     7.523    16383.490    16391.013 
      stg3_o_1__..__three2two_1     1     7.523    25751.475    25758.998 
      stg6_i_53__three2two_1        1     7.523    24275.542    24283.065 
      stg6_i_55__three2two_1        1     7.523    18768.505    18776.028 
      stg6_i_56__three2two_1        1     7.523    21787.942    21795.465 
      stg1_o_0__..__three2two_1    10     7.519    10696.808    10704.327 
      stg4_o_0__..__three2two_1    10     7.480    56244.533    56252.013 
      stg1_o_1__..__three2two_1     4     7.455    10176.541    10183.996 
      stg1_o_0__..__three2two_1     4     7.449    14053.452    14060.901 
      stg1_o_1__..__three2two_1    11     7.431    16607.864    16615.295 
      stg3_o_0__..__three2two_1     7     7.418    28108.399    28115.817 
      stg1_o_3__..__three2two_1     4     7.405    10066.277    10073.682 
      stg2_o_0__..__three2two_1     4     7.405    20278.478    20285.884 
      stg1_o_1__..__three2two_1    11     7.395    24279.589    24286.984 
      stg1_o_0__..__three2two_1     8     7.369    18922.153    18929.522 
      stg4_o_1__..__three2two_1     8     7.302    29529.730    29537.032 
      stg1_o_0__..__three2two_1     8     7.230     9830.551     9837.781 
      stg3_o_1__..__three2two_1     9     7.226    33989.048    33996.274 
      stg1_o_1__..__three2two_1     4     7.187    11428.784    11435.971 
      stg6_i_50__three2two_1        7     7.167    35264.298    35271.464 
      stg3_o_0__..__three2two_1     9     7.167    50578.371    50585.537 
      stg4_o_0__..__three2two_1    12     7.153    32077.461    32084.614 
      stg3_o_0__..__three2two_1     8     7.076    42401.929    42409.005 
      stg2_o_1__..__three2two_1     5     7.054    17428.725    17435.779 
      stg3_o_1__..__three2two_1     5     7.054    29521.154    29528.208 
      stg2_o_0__..__three2two_1     8     6.996    20344.483    20351.480 
      stg6_i_48__three2two_1        3     6.980    32361.996    32368.975 
      stg1_o_4__..__three2two_1    11     6.945    21305.605    21312.550 
      stg4_o_0__..__three2two_1     2     6.941    31927.171    31934.112 
      stg4_o_1__..__three2two_1     9     6.931    33326.978    33333.909 
      stg1_o_3__..__three2two_1     9     6.928    15500.743    15507.671 
      stg2_o_1__..__three2two_1     7     6.920    18988.937    18995.856 
      stg1_o_4__..__three2two_1     9     6.841    16755.647    16762.487 
      stg1_o_0__..__three2two_1    10     6.790    14535.059    14541.849 
      stg1_o_3__..__three2two_1    10     6.764    16543.268    16550.032 
      stg6_i_36__three2two_1        5     6.756    37962.961    37969.717 
      stg2_o_2__..__three2two_1     4     6.740    21091.617    21098.357 
      stg1_o_2__..__three2two_1     9     6.712    14455.436    14462.148 
      stg1_o_3__..__three2two_1    11     6.709    21240.707    21247.416 
      stg3_o_0__..__three2two_1     9     6.706    25362.441    25369.147 
      stg2_o_1__..__three2two_1     8     6.677    28818.072    28824.748 
      stg1_o_1__..__three2two_1     8     6.675    11803.522    11810.198 
      stg3_o_0__..__three2two_1     9     6.661    32922.653    32929.314 
      stg3_o_1__..__three2two_1     8     6.638    44729.582    44736.220 
      stg4_o_0__..__three2two_1     9     6.623    62329.435    62336.057 
      stg1_o_3__..__three2two_1     8     6.614    19740.403    19747.017 
      stg3_o_0__..__three2two_1     9     6.603    47768.832    47775.435 
      stg2_o_1__..__three2two_1     4     6.555    14058.198    14064.753 
      stg4_o_0__..__three2two_1    10     6.541    49748.173    49754.714 
      stg4_o_0__..__three2two_1     7     6.485    42140.427    42146.912 
      stg1_o_1__..__three2two_1     9     6.479    16789.360    16795.838 
      stg2_o_0__..__three2two_1     8     6.365    17489.648    17496.013 
      stg1_o_3__..__three2two_1    11     6.342    16763.534    16769.876 
      stg2_o_0__..__three2two_1     8     6.324    22894.912    22901.237 
      stg2_o_1__..__three2two_1     4     6.292    12518.053    12524.345 
      stg2_o_2__..__three2two_1     4     6.292    19248.712    19255.004 
      stg1_o_3__..__three2two_1     8     6.286    16379.019    16385.305 
      stg2_o_2__..__three2two_1     8     6.267    34042.435    34048.702 
      stg2_o_2__..__three2two_1     4     6.258    16312.348    16318.606 
      stg6_i_54__three2two_1        6     6.254    18420.505    18426.759 
      stg2_o_2__..__three2two_1     4     6.251    10794.979    10801.230 
      stg2_o_0__..__three2two_1     8     6.230    20459.698    20465.928 
      stg1_o_0__..__three2two_1     8     6.225    16979.911    16986.137 
      stg3_o_1__..__three2two_1     6     6.198    16483.329    16489.528 
      stg1_o_2__..__three2two_1     7     6.195     7737.809     7744.004 
      stg2_o_2__..__three2two_1     8     6.190    24830.304    24836.493 
      stg1_o_2__..__three2two_1    10     6.145    10714.797    10720.942 
      stg1_o_0__..__three2two_1     8     6.143     9572.863     9579.006 
      stg1_o_3__..__three2two_1    10     6.131    15934.673    15940.804 
      stg1_o_0__..__three2two_1     3     6.118     8976.898     8983.016 
      stg1_o_3__..__three2two_1     3     6.118    10307.557    10313.675 
      stg2_o_0__..__three2two_1     3     6.118     8929.152     8935.271 
      stg2_o_2__..__three2two_1     3     6.118    18730.431    18736.549 
      stg3_o_0__..__three2two_1     3     6.118    24083.032    24089.150 
      stg3_o_1__..__three2two_1     3     6.118    24584.308    24590.426 
      stg5_i_49__three2two_1        3     6.118    21832.517    21838.635 
      stg1_o_0__..__three2two_1     8     6.095    14052.136    14058.231 
      stg1_o_4__..__three2two_1     8     6.084    15740.079    15746.163 
      stg1_o_3__..__three2two_1     9     6.081    13810.742    13816.823 
      stg1_o_4__..__three2two_1    10     6.071    18636.566    18642.637 
      stg1_o_3__..__three2two_1     9     6.067    12817.216    12823.283 
      stg1_o_2__..__three2two_1     5     6.055    12644.095    12650.150 
      stg2_o_2__..__three2two_1     9     6.052    21768.224    21774.276 
      stg5_i_51__three2two_1        6     6.023    29129.841    29135.864 
      stg1_o_2__..__three2two_1    10     5.963    11937.523    11943.485 
      stg1_o_3__..__three2two_1    10     5.962    11797.269    11803.231 
      stg1_o_3__..__three2two_1     8     5.954    15012.965    15018.919 
      stg1_o_4__..__three2two_1     4     5.904     9920.240     9926.145 
      stg2_o_1__..__three2two_1     4     5.901    11309.798    11315.700 
      stg3_o_1__..__three2two_1     4     5.901    11777.984    11783.885 
      stg6_i_45__three2two_1        4     5.860    31187.247    31193.107 
      stg2_o_0__..__three2two_1     7     5.848    16256.021    16261.869 
      stg1_o_3__..__three2two_1     6     5.847    12816.940    12822.787 
      stg1_o_1__..__three2two_1     3     5.821     8871.002     8876.823 
      stg1_o_2__..__three2two_1     3     5.821     7497.953     7503.774 
      stg1_o_2__..__three2two_1     3     5.821     9939.145     9944.966 
      stg2_o_1__..__three2two_1     3     5.821    16910.368    16916.189 
      stg4_o_1__..__three2two_1     3     5.821    23510.838    23516.659 
      stg1_o_3__..__three2two_1     3     5.770     9471.559     9477.329 
      stg1_o_3__..__three2two_1     3     5.770    10332.987    10338.757 
      stg4_o_0__..__three2two_1     2     5.704    14924.318    14930.022 
      stg6_i_19__three2two_1        2     5.704    21956.745    21962.449 
      stg2_o_1__..__three2two_1     5     5.649    14033.051    14038.700 
      stg1_o_4__..__three2two_1     5     5.642    11856.914    11862.556 
      stg1_o_0__..__three2two_1     4     5.563     7271.015     7276.579 
      stg1_o_1__..__three2two_1     4     5.563     9345.967     9351.530 
      stg2_o_1__..__three2two_1     4     5.563    16560.019    16565.582 
      stg2_o_1__..__three2two_1     4     5.563    14736.326    14741.890 
      stg2_o_1__..__three2two_1     4     5.563    16202.638    16208.201 
      stg3_o_1__..__three2two_1     9     5.539    28232.209    28237.748 
      stg1_o_4__..__three2two_1     7     5.538    10540.353    10545.891 
      stg1_o_0__..__three2two_1     4     5.512     8316.587     8322.099 
      stg1_o_1__..__three2two_1     4     5.512    11514.853    11520.364 
      stg1_o_2__..__three2two_1     4     5.512     9280.971     9286.483 
      stg4_o_1__..__three2two_1     4     5.512    17330.616    17336.128 
      stg4_o_1__..__three2two_1     4     5.512    17126.031    17131.543 
      stg2_o_2__..__three2two_1     6     5.493    22502.788    22508.281 
      stg1_o_1__..__three2two_1     7     5.456    17251.436    17256.892 
      stg2_o_1__..__three2two_1     3     5.422     9575.881     9581.303 
      stg3_o_0__..__three2two_1     3     5.422    10591.596    10597.019 
      stg4_o_0__..__three2two_1     3     5.422    20270.398    20275.820 
      stg2_o_1__..__three2two_1     8     5.400    11524.888    11530.288 
      stg1_o_4__..__three2two_1     7     5.384    19820.400    19825.784 
      stg2_o_2__..__three2two_1     4     5.382     9893.025     9898.407 
      stg1_o_1__..__three2two_1     3     5.371     7457.867     7463.238 
      stg1_o_1__..__three2two_1     3     5.371     6379.452     6384.823 
      stg2_o_2__..__three2two_1     3     5.371     9670.945     9676.316 
      stg4_o_1__..__three2two_1     3     5.371    12111.718    12117.089 
      stg1_o_1__..__three2two_1     3     5.330     5123.666     5128.996 
      stg1_o_4__..__three2two_1     3     5.330     9787.980     9793.310 
      stg1_o_4__..__three2two_1     3     5.330     8034.438     8039.768 
      stg1_o_4__..__three2two_1     3     5.330    10661.013    10666.343 
      stg1_o_4__..__three2two_1     3     5.330    11301.512    11306.842 
      stg1_o_4__..__three2two_1     3     5.330    10745.091    10750.421 
      stg1_o_4__..__three2two_1     3     5.330     9095.335     9100.665 
      stg1_o_4__..__three2two_1     3     5.330    10690.284    10695.614 
      stg1_o_4__..__three2two_1     3     5.330     8114.902     8120.232 
      stg1_o_4__..__three2two_1     3     5.330     9426.781     9432.111 
      stg1_o_4__..__three2two_1     3     5.330     8173.944     8179.274 
      stg2_o_1__..__three2two_1     3     5.330     8416.008     8421.338 
      stg2_o_1__..__three2two_1     3     5.330    11548.185    11553.515 
      stg2_o_3__..__three2two_1     3     5.330     9261.244     9266.574 
      stg2_o_3__..__three2two_1     3     5.330     7579.634     7584.964 
      stg2_o_3__..__three2two_1     3     5.330     9386.769     9392.099 
      stg4_o_1__..__three2two_1     3     5.330    12604.885    12610.215 
      stg4_o_1__..__three2two_1     3     5.330     9751.917     9757.247 
      stg4_o_1__..__three2two_1     3     5.330    11990.164    11995.494 
      stg2_o_2__..__three2two_1     4     5.296     6174.743     6180.039 
      stg6_i_21__three2two_1        3     5.292    29676.133    29681.425 
      stg1_o_0__..__three2two_1     4     5.255     8997.026     9002.280 
      stg1_o_1__..__three2two_1     4     5.244     9324.291     9329.535 
      stg1_o_1__..__three2two_1     4     5.244     7564.951     7570.195 
      stg1_o_2__..__three2two_1     4     5.244     7712.896     7718.141 
      stg4_o_1__..__three2two_1     4     5.244    15271.353    15276.597 
      stg4_o_1__..__three2two_1     4     5.244    22561.910    22567.154 
      stg4_o_1__..__three2two_1     4     5.244    18660.210    18665.454 
      stg1_o_2__..__three2two_1     6     5.237     9688.569     9693.806 
      stg1_o_1__..__three2two_1     4     5.203     6450.613     6455.816 
      stg1_o_2__..__three2two_1     4     5.203     6664.180     6669.384 
      stg1_o_4__..__three2two_1     4     5.203    10030.975    10036.179 
      stg3_o_1__..__three2two_1     4     5.203     8601.441     8606.644 
      stg4_o_1__..__three2two_1     4     5.203    20850.486    20855.689 
      stg4_o_1__..__three2two_1     4     5.203    19729.880    19735.083 
      stg4_o_1__..__three2two_1     4     5.203    12747.021    12752.224 
      stg4_o_1__..__three2two_1     4     5.203    12882.234    12887.437 
      stg6_i_58__three2two_1        4     5.203    10161.419    10166.623 
      stg1_o_1__..__three2two_1     7     5.150    17191.574    17196.723 
      stg1_o_2__..__three2two_1     1     5.042     6459.900     6464.942 
      stg3_o_0__..__three2two_1     1     5.042     8517.577     8522.619 
      stg3_o_1__..__three2two_1     1     5.042     7191.271     7196.314 
      stg6_i_18__three2two_1        4     5.007    27419.387    27424.395 
      stg2_o_2__..__three2two_1    11     4.942    22724.855    22729.797 
      stg1_o_3__..__three2two_1     8     4.919    11503.349    11508.268 
      stg1_o_2__..__three2two_1     7     4.903    15315.488    15320.391 
      stg1_o_3__..__three2two_1    10     4.774    15435.322    15440.096 
      stg1_o_2__..__three2two_1     4     4.773     4727.513     4732.286 
      stg4_o_0__..__three2two_1     7     4.722    41503.526    41508.248 
      stg4_o_1__..__three2two_1     9     4.427    17711.918    17716.345 
      stg6_i_22__three2two_1        5     4.377    32185.596    32189.973 
      stg1_o_0__..__three2two_1     5     4.349     9250.559     9254.907 
      stg4_o_0__..__three2two_1     4     4.217    26178.359    26182.576 
      stg6_i_24__three2two_1        4     4.217    32132.851    32137.068 
      stg5_i_16__three2two_1        3     4.176    19232.273    19236.449 
      stg6_i_7__three2two_1         2     4.149     5645.071     5649.221 
      stg4_o_1__..__three2two_1     8     4.135    25847.420    25851.555 
      stg1_o_0__..__three2two_1     1     4.104     4904.277     4908.382 
      stg1_o_4__..__three2two_1     1     4.104     9584.204     9588.309 
      stg1_o_4__..__three2two_1     1     4.104     6740.635     6744.739 
      stg1_o_4__..__three2two_1     1     4.104     6570.249     6574.354 
      stg4_o_1__..__three2two_1     1     4.104     8660.926     8665.030 
      stg4_o_0__..__three2two_1     4     3.969    27182.014    27185.983 
      stg3_o_0__..__three2two_1     3     3.929    10136.788    10140.717 
      stg1_o_2__..__three2two_1     1     3.917     5917.215     5921.133 
      stg2_o_2__..__three2two_1     1     3.917     7402.393     7406.310 
      stg2_o_3__..__three2two_1     1     3.917     9688.291     9692.208 
      stg2_o_3__..__three2two_1     1     3.917    11461.460    11465.378 
      stg2_o_3__..__three2two_1     1     3.917    12891.068    12894.986 
      stg2_o_3__..__three2two_1     1     3.917     9517.071     9520.988 
      stg2_o_3__..__three2two_1     1     3.917     9260.880     9264.798 
      stg4_o_1__..__three2two_1     1     3.917     9902.942     9906.859 
      stg6_i_16__three2two_1        4     3.846    22739.096    22742.942 
      stg5_i_11__three2two_1        4     3.725    13962.457    13966.181 
      stg6_i_14__three2two_1        4     3.714    16699.844    16703.558 
      stg6_i_25__three2two_1        4     3.714    38751.635    38755.349 
      stg6_i_12__three2two_1        5     3.706    16688.174    16691.879 
      stg1_o_4__..__three2two_1     1     3.632     6303.364     6306.996 
      stg1_o_4__..__three2two_1     1     3.632     6219.314     6222.947 
      stg1_o_4__..__three2two_1     1     3.632     6484.010     6487.642 
      stg1_o_4__..__three2two_1     1     3.632     5122.573     5126.206 
      stg2_o_0__..__three2two_1     1     3.632     3131.960     3135.592 
      stg2_o_2__..__three2two_1     1     3.632     8781.907     8785.540 
      stg2_o_2__..__three2two_1     1     3.632     8291.364     8294.997 
      stg2_o_3__..__three2two_1     1     3.632     6419.110     6422.742 
      stg2_o_3__..__three2two_1     1     3.632     6369.300     6372.932 
      stg2_o_3__..__three2two_1     1     3.632     8908.605     8912.237 
      stg2_o_3__..__three2two_1     1     3.632     7497.508     7501.140 
      stg2_o_3__..__three2two_1     1     3.632     6626.130     6629.762 
      stg2_o_3__..__three2two_1     1     3.632     7838.800     7842.432 
      stg2_o_3__..__three2two_1     1     3.632     9592.100     9595.732 
      stg2_o_3__..__three2two_1     1     3.632    10989.184    10992.816 
      stg2_o_3__..__three2two_1     1     3.632     9485.787     9489.420 
      stg2_o_3__..__three2two_1     1     3.632     8931.088     8934.720 
      stg2_o_3__..__three2two_1     1     3.632     7965.034     7968.666 
      stg2_o_3__..__three2two_1     1     3.632    10199.705    10203.338 
      stg2_o_3__..__three2two_1     1     3.632     9774.597     9778.229 
      stg2_o_3__..__three2two_1     1     3.632     7407.813     7411.445 
      stg2_o_3__..__three2two_1     1     3.632     7441.522     7445.154 
      stg2_o_3__..__three2two_1     1     3.632     7625.736     7629.368 
      stg2_o_3__..__three2two_1     1     3.632     6198.632     6202.264 
      stg2_o_3__..__three2two_1     1     3.632     6424.140     6427.772 
      stg2_o_3__..__three2two_1     1     3.632     5855.359     5858.992 
      stg2_o_3__..__three2two_1     1     3.632     5818.723     5822.355 
      stg2_o_3__..__three2two_1     1     3.632     4029.883     4033.515 
      stg2_o_3__..__three2two_1     1     3.632     3448.700     3452.332 
      stg6_i_59__three2two_1        1     3.632     8472.219     8475.851 
      stg6_i_60__three2two_1        1     3.632     7737.963     7741.595 
      stg6_i_61__three2two_1        1     3.632     5018.164     5021.796 
      stg6_i_62__three2two_1        1     3.632     5275.922     5279.555 
      stg5_i_15__three2two_1        4     3.612    21581.297    21584.909 
      stg6_i_13__three2two_1        4     3.612    17541.392    17545.003 
      stg6_i_23__three2two_1        4     3.612    29464.560    29468.172 
      stg6_i_27__three2two_1        4     3.612    37625.438    37629.049 
      stg4_o_0__..__three2two_1     4     3.612    11438.120    11441.732 
      stg5_i_18__three2two_1        4     3.612    26658.683    26662.295 
      stg6_i_11__three2two_1        4     3.612    13926.800    13930.411 
      stg6_i_17__three2two_1        4     3.612    20666.493    20670.105 
      stg6_i_20__three2two_1        4     3.612    24068.737    24072.349 
      stg2_o_1__..__three2two_1     2     3.544     3974.230     3977.774 
      stg2_o_2__..__three2two_1     2     3.544     7182.434     7185.978 
      stg4_o_0__..__three2two_1     2     3.544     9211.309     9214.853 
      stg5_i_12__three2two_1        2     3.544    10466.880    10470.424 
      stg5_i_8__three2two_1         2     3.544     9027.949     9031.493 
      stg5_i_9__three2two_1         2     3.544     7384.736     7388.281 
      stg6_i_9__three2two_1         2     3.544     9296.041     9299.585 
      stg5_i_13__three2two_1        5     3.474    20541.960    20545.434 
      stg1_o_3__..__three2two_1     2     3.417     4040.590     4044.007 
      stg5_i_14__three2two_1        3     3.407    15642.428    15645.834 
      stg4_o_1__..__three2two_1     2     3.403     4856.660     4860.063 
      stg4_o_1__..__three2two_1     2     3.403     8891.443     8894.846 
      stg4_o_1__..__three2two_1     2     3.403    12616.127    12619.530 
      stg3_o_0__..__three2two_1     4     3.364    13605.684    13609.047 
      stg1_o_3__..__three2two_1     4     3.324     5998.644     6001.967 
      stg6_i_8__three2two_1         5     3.293    12692.255    12695.548 
      stg6_i_10__three2two_1        4     3.241    11335.737    11338.978 
      stg1_o_3__..__three2two_1     5     3.230     6370.434     6373.665 
      stg6_i_15__three2two_1        5     3.214    24968.155    24971.369 
      stg3_o_0__..__three2two_1     4     3.060    12145.193    12148.253 
      stg3_o_0__..__three2two_1     5     3.032    13292.553    13295.584 
      stg1_o_1__..__three2two_1     2     3.013     3505.120     3508.133 
      stg5_i_52__three2two_1        6     2.994    29674.110    29677.104 
      stg5_i_10__three2two_1        5     2.947    12890.793    12893.739 
      stg5_i_57__three2two_1        6     2.928    15789.066    15791.994 
      stg4_o_1__..__three2two_1     5     2.757    18623.244    18626.001 
      stg1_o_0__..__three2two_1     4     2.691     4032.683     4035.374 
      stg4_o_0__..__three2two_1     3     2.634     5166.995     5169.629 
      stg1_o_4__..__three2two_1     4     2.621     6721.507     6724.128 
      stg1_o_1__..__three2two_1     1     2.576     3379.467     3382.043 
      stg1_o_4__..__three2two_1     1     2.576     2225.460     2228.036 
      stg2_o_0__..__three2two_1     1     2.576     2192.774     2195.350 
      stg2_o_0__..__three2two_1     1     2.576     4217.102     4219.678 
      stg2_o_1__..__three2two_1     1     2.576     2230.382     2232.958 
      stg2_o_1__..__three2two_1     1     2.576     3637.952     3640.529 
      stg2_o_1__..__three2two_1     1     2.576     3631.245     3633.822 
      stg2_o_3__..__three2two_1     1     2.576     6793.270     6795.846 
      stg3_o_0__..__three2two_1     1     2.576     4377.436     4380.012 
      stg3_o_1__..__three2two_1     1     2.576     3743.644     3746.220 
      stg3_o_1__..__three2two_1     1     2.576     5527.673     5530.249 
      stg3_o_1__..__three2two_1     1     2.576     7260.946     7263.522 
      stg4_o_1__..__three2two_1     1     2.576     5024.175     5026.752 
      stg5_i_54__three2two_1        1     2.576     7871.910     7874.487 
      stg5_i_58__three2two_1        1     2.576     7913.493     7916.069 
      stg5_i_59__three2two_1        1     2.576     4679.644     4682.220 
      stg2_o_1__..__three2two_1     2     2.366     3632.687     3635.052 
      stg3_o_1__..__three2two_1     2     2.366     7697.823     7700.189 
      stg3_o_1__..__three2two_1     2     2.366     5816.978     5819.343 
      stg3_o_1__..__three2two_1     2     2.366     8119.352     8121.717 
      stg3_o_1__..__three2two_1     2     2.366     6650.581     6652.947 
      stg6_i_63__three2two_1        4     2.354     1996.367     1998.721 
      stg5_i_53__three2two_1        5     2.347    26093.206    26095.553 
      stg2_o_2__..__three2two_1     2     2.243     3911.218     3913.461 
      stg5_i_56__three2two_1        2     2.243    11087.735    11089.978 
      stg2_o_3__..__three2two_1     2     2.225     2918.543     2920.767 
      stg4_o_0__..__three2two_1     2     2.225     3639.035     3641.260 
      stg1_o_2__..__three2two_1     2     2.217     2571.806     2574.023 
      stg4_o_0__..__three2two_1     5     2.085    10435.223    10437.308 
      stg1_o_4__..__three2two_1     2     2.038     3062.039     3064.077 
      stg1_o_1__..__three2two_1     2     2.005     3598.136     3600.141 
      stg2_o_1__..__three2two_1     2     2.005     3375.970     3377.975 
      stg2_o_1__..__three2two_1     2     2.005     3679.021     3681.026 
      stg3_o_1__..__three2two_1     2     2.005     6799.959     6801.965 
      stg5_i_7__three2two_1         5     1.900     7104.246     7106.146 
      stg1_o_2__..__three2two_1     2     1.864     1408.662     1410.526 
      stg1_o_2__..__three2two_1     2     1.864     3025.169     3027.033 
      stg1_o_3__..__three2two_1     2     1.864     1736.132     1737.996 
      stg2_o_2__..__three2two_1     2     1.864     2206.862     2208.726 
      stg5_i_6__three2two_1         2     1.864     3345.040     3346.904 
      stg2_o_3__..__three2two_1     3     1.802      802.328      804.130 
      stg4_o_1__..__three2two_1     3     1.802      700.799      702.601 
      stg3_o_0__..__three2two_1     3     1.426     3988.078     3989.504 
      stg1_o_0__..__three2two_1     1     1.424      850.696      852.119 
      stg1_o_0__..__three2two_1     1     1.424     1721.320     1722.743 
      stg1_o_4__..__three2two_1     1     1.424     2394.693     2396.117 
      stg2_o_0__..__three2two_1     1     1.424     2200.119     2201.543 
      stg2_o_1__..__three2two_1     1     1.424      577.295      578.719 
      stg2_o_3__..__three2two_1     1     1.424     1126.334     1127.758 
      stg3_o_0__..__three2two_1     1     1.424     1551.521     1552.945 
      stg3_o_0__..__three2two_1     1     1.424     1960.375     1961.799 
      stg3_o_1__..__three2two_1     1     1.424     4426.731     4428.155 
      stg3_o_1__..__three2two_1     1     1.424     3219.443     3220.867 
      stg4_o_0__..__three2two_1     1     1.424     1600.106     1601.530 
      stg4_o_0__..__three2two_1     1     1.424     2852.283     2853.707 
      stg4_o_1__..__three2two_1     1     1.424     2716.713     2718.137 
      stg4_o_1__..__three2two_1     1     1.424     2448.658     2450.081 
      stg4_o_1__..__three2two_1     1     1.424     1563.199     1564.623 
      stg5_i_4__three2two_1         1     1.424     1709.420     1710.844 
      stg5_i_60__three2two_1        1     1.424     3514.760     3516.183 
      stg5_i_61__three2two_1        1     1.424     2698.329     2699.753 
      stg6_i_5__three2two_1         1     1.424     2321.294     2322.717 
      stg1_o_1__..__three2two_1     2     1.368     3456.018     3457.386 
      stg2_o_1__..__three2two_1     3     1.323     3740.449     3741.771 
      stg5_i_55__three2two_1        5     1.081    14028.427    14029.508 
    sdngen_3__sdn_gen_inst         10     8.990    14142.459    14151.449 
    sdngen_10__sdn_gen_inst         9     6.891     7813.534     7820.425 
    sdngen_5__sdn_gen_inst          7     6.868     7874.080     7880.948 
    sdngen_11__sdn_gen_inst        10     6.842     7622.422     7629.264 
    sdngen_14__sdn_gen_inst         7     6.755     7255.127     7261.882 
    sdngen_4__sdn_gen_inst          9     6.743     8202.385     8209.129 
    sdngen_2__sdn_gen_inst          9     6.631     8380.158     8386.790 
    sdngen_9__sdn_gen_inst          9     6.598     9003.733     9010.331 
    sdngen_7__sdn_gen_inst         10     6.578     7879.467     7886.045 
    sdngen_12__sdn_gen_inst        10     6.476     8101.055     8107.531 
    sdngen_1__sdn_gen_inst          9     6.364     6218.750     6225.114 
    sdngen_8__sdn_gen_inst          7     6.227     7334.348     7340.575 
    sdngen_15__sdn_gen_inst         7     5.350     5779.526     5784.876 
    sdngen_13__sdn_gen_inst         8     5.339     6361.505     6366.845 
    sdngen_6__sdn_gen_inst          9     5.202     6030.464     6035.666 
    sdngen_0__sdn_gen_inst          6     3.178     5615.788     5618.966 
  add_104_52                      874   501.770  4112723.249  4113225.019 

