============================================================
  Generated by:           Encounter(R) RTL Compiler v08.10-s213_1
  Generated on:           Jun 22 2014  09:05:27 PM
  Module:                 multiplier_top
  Technology library:     fast 1.1
  Operating conditions:   fast 
  Interconnect mode:      ple
  Area mode:              timing library
============================================================

           Pin                 Type       Fanout Load Slew Delay Arrival   
                                                 (fF) (ps)  (ps)   (ps)    
---------------------------------------------------------------------------
(clock clk)                  launch                                    0 R 
multiplier_reg_s_reg_7_/CK                               0             0 R 
multiplier_reg_s_reg_7_/Q    DFFRHQX4          2 38.7   58  +116     116 F 
pp_gen_rdcn_1/multiplier[7] 
  g49451/A                                                    +0     116   
  g49451/Y                   INVX8             3 66.7   66   +49     165 R 
  g52/A                                                       +0     165   
  g52/Y                      CLKINVX8          3 33.0   39   +29     194 F 
  sdngen_4__sdn_gen_inst/mult_bits[0] 
    g82/A                                                     +0     194   
    g82/Y                    INVX4             2 23.8   53   +39     232 R 
    g79/A                                                     +0     232   
    g79/Y                    NAND2X2           1 17.5   55   +33     265 F 
    g77/B0                                                    +0     265   
    g77/Y                    OAI2BB1X4         4 48.0  107   +74     339 R 
  sdngen_4__sdn_gen_inst/sdn_out[2] 
  fopt50649/A                                                 +0     339   
  fopt50649/Y                BUFX4             1 21.0   50   +68     408 R 
  g50648/A                                                    +0     408   
  g50648/Y                   NAND2X4           3 39.0   52   +35     442 F 
  g50653/A                                                    +0     442   
  g50653/Y                   INVX4            12 75.9  132   +87     529 R 
  g40431/A                                                    +0     529   
  g40431/Y                   NAND2X1           1 11.7   90   +44     573 F 
  g50626/B0                                                   +0     573   
  g50626/Y                   OAI2BB1X2         4 33.2  134   +97     670 R 
  pp_rdcn_1/pp5[28] 
    stg1_o_1__stg1_i_28__three2two_1/b 
      g45/A                                                   +0     670   
      g45/Y                  INVX2             1  9.2   42   +17     686 F 
      g40/A1N                                                 +0     686   
      g40/Y                  OAI2BB1X4         2 22.9   45   +78     765 F 
      g38/A                                                   +0     765   
      g38/Y                  INVX2             1  9.2   47   +37     801 R 
      g36/A1N                                                 +0     801   
      g36/Y                  OAI2BB1X4         2 20.0   66   +79     880 R 
    stg1_o_1__stg1_i_28__three2two_1/sum 
    stg2_o_0__stg2_i_28__three2two_1/cin 
      g78/A                                                   +0     880   
      g78/Y                  CLKINVX3          1 13.9   42   +31     911 F 
      g2/C                                                    +0     911   
      g2/Y                   XNOR3X4           3 33.8   73  +122    1033 R 
    stg2_o_0__stg2_i_28__three2two_1/sum 
    stg3_o_0__stg3_i_28__three2two_1/a 
      g88/A                                                   +0    1033   
      g88/Y                  INVX4             2 13.1   27   +14    1047 F 
      g44/A1N                                                 +0    1047   
      g44/Y                  OAI2BB1X4         2 41.8   60   +86    1133 F 
      g42/A0                                                  +0    1133   
      g42/Y                  OAI21X4           3 35.1  136   +94    1227 R 
    stg3_o_0__stg3_i_28__three2two_1/sum 
    stg4_o_0__stg4_i_28__three2two_1/a 
      g94/A                                                   +0    1227   
      g94/Y                  INVX4             2 27.2   47   +21    1248 F 
      g87/A1N                                                 +0    1248   
      g87/Y                  OAI2BB1X4         1 21.0   44   +78    1326 F 
      g84/A                                                   +0    1326   
      g84/Y                  NAND2X4           3 29.0   85   +51    1377 R 
    stg4_o_0__stg4_i_28__three2two_1/cout 
    stg5_i_29__three2two_1/b 
      g1/A                                                    +0    1377   
      g1/Y                   BUFX4             2 33.8   69   +79    1456 R 
      g96/A                                                   +0    1456   
      g96/Y                  NAND2X2           1 20.6   56   +38    1493 F 
      g90/B                                                   +0    1493   
      g90/Y                  NAND2X4           2 33.5   89   +66    1559 R 
    stg5_i_29__three2two_1/cout 
    stg6_i_30__three2two_1/b 
      g111/A                                                  +0    1559   
      g111/Y                 CLKINVX8          2 37.9   46   +32    1591 F 
      g3/A1N                                                  +0    1591   
      g3/Y                   OAI2BB1X2         1 11.7   46   +82    1674 F 
      g2/B0                                                   +0    1674   
      g2/Y                   OAI2BB1X2         2 22.2   99   +68    1741 R 
    stg6_i_30__three2two_1/cout 
  pp_rdcn_1/addin_2[31] 
pp_gen_rdcn_1/addin_2[31] 
add_104_52/B[31] 
  g71597/AN                                                   +0    1741   
  g71597/Y                   NAND2BX4          2 31.5   85   +86    1827 R 
  g68795/A                                                    +0    1827   
  g68795/Y                   CLKINVX3          2 27.9   68   +49    1876 F 
  g68421/A0                                                   +0    1876   
  g68421/Y                   OAI21X4           1 20.5  106   +78    1954 R 
  g72275/B0                                                   +0    1954   
  g72275/Y                   AOI21X4           1 17.5   49   +22    1977 F 
  g72274/B0                                                   +0    1977   
  g72274/Y                   OAI2BB1X4         3 31.1   82   +58    2035 R 
  g72278/B                                                    +0    2035   
  g72278/Y                   NOR2X4            1 21.0   45   +32    2067 F 
  g70998/A                                                    +0    2067   
  g70998/Y                   NAND2X4           2 41.2  101   +62    2130 R 
  fopt72188/A                                                 +0    2130   
  fopt72188/Y                CLKINVX8          3 59.6   60   +42    2172 F 
  fopt72185/A                                                 +0    2172   
  fopt72185/Y                INVX4             4 22.3   52   +42    2214 R 
  g71438/A1N                                                  +0    2214   
  g71438/Y                   OAI2BB1X2         2 18.5   90   +91    2304 R 
  fopt71074/A                                                 +0    2304   
  fopt71074/Y                INVX2             1  9.2   35   +19    2323 F 
  g67921/A1N                                                  +0    2323   
  g67921/Y                   OAI2BB1X4         3 16.4   40   +67    2391 F 
add_104_52/Z[57] 
result_reg_s_reg_57_/D       DFFRXL                           +0    2391   
result_reg_s_reg_57_/CK      setup                       0   +63    2454 R 
- - - - - - - - - - - - - - - - - - - - - - - - - - - - - - - - - - - - - -
(clock clk)                  capture                                5550 R 
                             uncertainty                     -50    5500 R 
---------------------------------------------------------------------------
Timing slack :    3046ps 
Start-point  : multiplier_reg_s_reg_7_/CK
End-point    : result_reg_s_reg_57_/D
