============================================================
  Generated by:           Encounter(R) RTL Compiler v08.10-s213_1
  Generated on:           Jun 22 2014  09:05:24 PM
  Module:                 multiplier_top
  Technology library:     fast 1.1
  Operating conditions:   fast 
  Interconnect mode:      ple
  Area mode:              timing library
============================================================

                                       Leakage     Dynamic       Total    
            Instance            Cells Power(nW)   Power(nW)    Power(nW)  
--------------------------------------------------------------------------
multiplier_top                   6474  3428.044 40285825.465 40289253.509 
  pp_gen_rdcn_1                  5370  2870.798 27046813.770 27049684.568 
    pp_rdcn_1                    3104  2311.214 22523970.578 22526281.792 
      stg2_o_0__..__three2two_1     5    15.445    74124.592    74140.037 
      stg1_o_1__..__three2two_1     8     9.558    37015.845    37025.403 
      stg1_o_2__..__three2two_1     7     9.137    35340.476    35349.613 
      stg1_o_3__..__three2two_1     3     8.551    16787.889    16796.440 
      stg2_o_0__..__three2two_1     9     8.022    69543.488    69551.510 
      stg5_i_40__three2two_1        5     7.784   121965.458   121973.243 
      stg6_i_32__three2two_1        5     7.784   136776.598   136784.383 
      stg6_i_28__three2two_1        6     7.661   128910.496   128918.157 
      stg6_i_34__three2two_1        5     7.643    91493.253    91500.896 
      stg5_i_20__three2two_1        6     7.610    86588.326    86595.936 
      stg4_o_0__..__three2two_1     5     7.556    62295.345    62302.901 
      stg6_i_49__three2two_1        5     7.520    72822.423    72829.942 
      stg4_o_0__..__three2two_1     5     7.443    55889.762    55897.205 
      stg5_i_17__three2two_1        8     7.326    84463.312    84470.638 
      stg6_i_33__three2two_1        5     7.272   128996.589   129003.861 
      stg3_o_1__..__three2two_1     4     7.249    45150.416    45157.665 
      stg5_i_32__three2two_1        6     7.244   118370.498   118377.742 
      stg6_i_26__three2two_1        7     7.223    91959.458    91966.681 
      stg5_i_19__three2two_1        6     7.220    69299.186    69306.406 
      stg6_i_30__three2two_1        5     7.214   102295.860   102303.075 
      stg4_o_0__..__three2two_1     6     7.204    92351.980    92359.185 
      stg5_i_25__three2two_1        6     7.202   100953.066   100960.268 
      stg5_i_28__three2two_1        6     7.202   144480.151   144487.353 
      stg3_o_1__..__three2two_1     3     7.183    56922.085    56929.267 
      stg3_o_1__..__three2two_1     3     7.183    57451.685    57458.867 
      stg5_i_34__three2two_1        3     7.183    99662.902    99670.084 
      stg5_i_26__three2two_1        5     7.180    74897.896    74905.075 
      stg6_i_52__three2two_1        5     7.139    53630.800    53637.939 
      stg2_o_2__..__three2two_1     4     7.112    44863.609    44870.721 
      stg2_o_1__..__three2two_1     4     7.020    25510.532    25517.552 
      stg2_o_2__..__three2two_1     5     6.965    52668.769    52675.734 
      stg1_o_2__..__three2two_1     5     6.929    26024.402    26031.331 
      stg3_o_1__..__three2two_1     5     6.905    49922.602    49929.507 
      stg2_o_1__..__three2two_1     5     6.886    36649.578    36656.464 
      stg3_o_1__..__three2two_1     5     6.861    68663.253    68670.114 
      stg1_o_3__..__three2two_1     5     6.859    27600.080    27606.939 
      stg6_i_43__three2two_1        4     6.825    87845.279    87852.105 
      stg4_o_1__..__three2two_1     5     6.814    53413.118    53419.932 
      stg3_o_1__..__three2two_1     4     6.801    62962.345    62969.146 
      stg1_o_2__..__three2two_1     5     6.791    18140.731    18147.522 
      stg1_o_0__..__three2two_1     5     6.787    19970.196    19976.983 
      stg6_i_29__three2two_1        4     6.786    79421.595    79428.382 
      stg1_o_0__..__three2two_1     9     6.780    23833.020    23839.800 
      stg2_o_0__..__three2two_1     3     6.772    33805.089    33811.861 
      stg2_o_2__..__three2two_1     3     6.772    45203.806    45210.579 
      stg1_o_0__..__three2two_1     7     6.761    21759.120    21765.881 
      stg1_o_2__..__three2two_1     6     6.754    15289.763    15296.517 
      stg1_o_1__..__three2two_1     3     6.739    23978.323    23985.061 
      stg6_i_31__three2two_1        4     6.702    72280.154    72286.856 
      stg1_o_4__..__three2two_1     3     6.701    19797.397    19804.098 
      stg1_o_2__..__three2two_1     3     6.699    23987.451    23994.149 
      stg1_o_3__..__three2two_1     3     6.699    21051.988    21058.686 
      stg1_o_3__..__three2two_1     3     6.697    19242.024    19248.721 
      stg4_o_1__..__three2two_1     3     6.697    42809.294    42815.991 
      stg6_i_38__three2two_1        8     6.696   129593.359   129600.055 
      stg2_o_1__..__three2two_1     5     6.684    35854.979    35861.662 
      stg3_o_0__..__three2two_1     9     6.600    79384.386    79390.987 
      stg3_o_1__..__three2two_1     4     6.540    66450.872    66457.412 
      stg5_i_30__three2two_1        4     6.540    93056.951    93063.491 
      stg6_i_46__three2two_1        6     6.524    91074.841    91081.365 
      stg6_i_44__three2two_1        5     6.500    85171.836    85178.336 
      stg5_i_47__three2two_1        4     6.490    71352.012    71358.502 
      stg1_o_0__..__three2two_1     6     6.473    29667.829    29674.302 
      stg3_o_0__..__three2two_1     4     6.461    50096.749    50103.210 
      stg1_o_1__..__three2two_1     4     6.458    27930.909    27937.367 
      stg2_o_2__..__three2two_1     4     6.458    48540.053    48546.511 
      stg5_i_23__three2two_1        5     6.456    63922.252    63928.708 
      stg1_o_0__..__three2two_1     4     6.429    17733.211    17739.640 
      stg1_o_0__..__three2two_1     4     6.429    15742.077    15748.506 
      stg2_o_2__..__three2two_1     4     6.429    43445.259    43451.688 
      stg2_o_2__..__three2two_1     4     6.429    42298.808    42305.237 
      stg2_o_2__..__three2two_1     4     6.429    38455.255    38461.684 
      stg4_o_0__..__three2two_1     4     6.429    46087.659    46094.089 
      stg1_o_0__..__three2two_1     4     6.427    21109.758    21116.185 
      stg1_o_3__..__three2two_1     4     6.427    29635.311    29641.738 
      stg3_o_1__..__three2two_1     4     6.427    34411.818    34418.245 
      stg2_o_0__..__three2two_1     5     6.423    45229.355    45235.778 
      stg3_o_1__..__three2two_1     3     6.404    51547.257    51553.661 
      stg4_o_0__..__three2two_1     3     6.404    77926.792    77933.195 
      stg4_o_0__..__three2two_1     3     6.404    66658.801    66665.205 
      stg4_o_0__..__three2two_1     3     6.404   102900.781   102907.185 
      stg5_i_41__three2two_1        8     6.402   144417.253   144423.655 
      stg3_o_0__..__three2two_1     4     6.396    38324.559    38330.955 
      stg4_o_1__..__three2two_1     4     6.396    40710.894    40717.290 
      stg1_o_0__..__three2two_1     4     6.394    18353.026    18359.420 
      stg1_o_1__..__three2two_1     4     6.394    23324.459    23330.853 
      stg1_o_2__..__three2two_1     4     6.394    16971.228    16977.622 
      stg1_o_2__..__three2two_1     4     6.394    17527.998    17534.393 
      stg1_o_3__..__three2two_1     4     6.394    29760.630    29767.025 
      stg1_o_3__..__three2two_1     4     6.394    22631.924    22638.319 
      stg1_o_3__..__three2two_1     4     6.394    21371.339    21377.733 
      stg2_o_2__..__three2two_1     4     6.394    47914.985    47921.379 
      stg3_o_1__..__three2two_1     4     6.394    56170.253    56176.647 
      stg3_o_0__..__three2two_1     8     6.382    84520.385    84526.767 
      stg4_o_1__..__three2two_1     6     6.380    39798.646    39805.026 
      stg2_o_0__..__three2two_1     5     6.377    35899.095    35905.472 
      stg2_o_1__..__three2two_1     5     6.373    25269.964    25276.337 
      stg2_o_1__..__three2two_1     5     6.373    34772.026    34778.399 
      stg2_o_3__..__three2two_1     5     6.371    37032.469    37038.839 
      stg4_o_1__..__three2two_1     4     6.366    47250.179    47256.545 
      stg4_o_1__..__three2two_1     4     6.366    39955.591    39961.957 
      stg1_o_2__..__three2two_1     4     6.364    19652.007    19658.370 
      stg2_o_2__..__three2two_1     4     6.364    34779.970    34786.334 
      stg4_o_1__..__three2two_1     4     6.364    45768.294    45774.658 
      stg1_o_0__..__three2two_1     6     6.362    23479.029    23485.392 
      stg2_o_2__..__three2two_1     4     6.362    34095.642    34102.005 
      stg4_o_1__..__three2two_1     4     6.362    31288.820    31295.183 
      stg1_o_1__..__three2two_1     5     6.360    19904.909    19911.269 
      stg2_o_2__..__three2two_1     5     6.357    52335.787    52342.144 
      stg2_o_0__..__three2two_1     3     6.354    33316.949    33323.303 
      stg2_o_1__..__three2two_1     5     6.309    36651.324    36657.633 
      stg1_o_2__..__three2two_1     5     6.281    20484.457    20490.738 
      stg1_o_2__..__three2two_1     5     6.279    20162.681    20168.960 
      stg1_o_4__..__three2two_1     4     6.257    31673.420    31679.677 
      stg2_o_0__..__three2two_1     6     6.177    52430.107    52436.284 
      stg3_o_0__..__three2two_1     3     5.994    60024.940    60030.933 
      stg3_o_1__..__three2two_1     3     5.994    39660.771    39666.764 
      stg6_i_37__three2two_1        8     5.967   115225.442   115231.409 
      stg3_o_0__..__three2two_1     3     5.966    40632.024    40637.990 
      stg3_o_1__..__three2two_1     3     5.966    54006.505    54012.471 
      stg1_o_0__..__three2two_1     3     5.958    22222.517    22228.476 
      stg1_o_3__..__three2two_1     3     5.958    23421.226    23427.184 
      stg2_o_2__..__three2two_1     3     5.958    46983.132    46989.091 
      stg1_o_1__..__three2two_1     3     5.931    22970.548    22976.479 
      stg1_o_2__..__three2two_1     3     5.918    21846.505    21852.424 
      stg3_o_0__..__three2two_1     7     5.899    27925.607    27931.506 
      stg1_o_4__..__three2two_1     3     5.895    14834.037    14839.931 
      stg1_o_4__..__three2two_1     3     5.895    21571.771    21577.666 
      stg1_o_4__..__three2two_1     3     5.895    23371.198    23377.093 
      stg2_o_0__..__three2two_1     8     5.873    44881.063    44886.937 
      stg1_o_2__..__three2two_1     7     5.845    28652.316    28658.161 
      stg2_o_2__..__three2two_1     8     5.840    52297.779    52303.619 
      stg1_o_2__..__three2two_1     7     5.787    30348.982    30354.769 
      stg2_o_1__..__three2two_1     4     5.761    36389.107    36394.868 
      stg1_o_2__..__three2two_1    10     5.738    35505.260    35510.998 
      stg1_o_1__..__three2two_1     8     5.735    22966.829    22972.564 
      stg1_o_3__..__three2two_1     4     5.734    22060.419    22066.153 
      stg3_o_0__..__three2two_1     4     5.729    84152.270    84157.999 
      stg5_i_50__three2two_1        4     5.698    67543.496    67549.193 
      stg2_o_1__..__three2two_1     5     5.686    25571.564    25577.250 
      stg4_o_0__..__three2two_1     4     5.680   101545.351   101551.031 
      stg2_o_1__..__three2two_1     4     5.652    33543.861    33549.513 
      stg5_i_48__three2two_1        4     5.650    60618.283    60623.933 
      stg1_o_3__..__three2two_1     4     5.615    30715.372    30720.987 
      stg3_o_1__..__three2two_1     4     5.615    47974.883    47980.498 
      stg4_o_0__..__three2two_1     4     5.613    42122.597    42128.210 
      stg1_o_1__..__three2two_1     4     5.589    25158.683    25164.272 
      stg2_o_1__..__three2two_1     4     5.588    33250.683    33256.271 
      stg4_o_1__..__three2two_1     4     5.587    41560.787    41566.374 
      stg1_o_1__..__three2two_1     5     5.539    21860.595    21866.134 
      stg6_i_57__three2two_1        7     5.524    39878.401    39883.926 
      stg1_o_1__..__three2two_1     1     5.482    16739.882    16745.363 
      stg2_o_1__..__three2two_1     1     5.482    24804.226    24809.707 
      stg2_o_1__..__three2two_1     1     5.482    23896.044    23901.526 
      stg2_o_2__..__three2two_1     1     5.482    45370.054    45375.536 
      stg3_o_0__..__three2two_1     1     5.482    45890.828    45896.310 
      stg3_o_1__..__three2two_1     1     5.482    29491.382    29496.864 
      stg3_o_1__..__three2two_1     1     5.482    43254.578    43260.059 
      stg4_o_0__..__three2two_1     1     5.482    53677.284    53682.766 
      stg4_o_0__..__three2two_1     1     5.482    46928.756    46934.238 
      stg6_i_35__three2two_1        1     5.482    59347.286    59352.768 
      stg1_o_3__..__three2two_1     7     5.458    29017.665    29023.124 
      stg1_o_3__..__three2two_1     1     5.454    11913.369    11918.823 
      stg2_o_0__..__three2two_1     1     5.454    20420.958    20426.412 
      stg2_o_0__..__three2two_1     1     5.454    26313.423    26318.877 
      stg2_o_1__..__three2two_1     1     5.454    28878.510    28883.964 
      stg3_o_0__..__three2two_1     1     5.454    25768.531    25773.986 
      stg3_o_1__..__three2two_1     1     5.454    40796.244    40801.699 
      stg6_i_53__three2two_1        1     5.454    38692.698    38698.153 
      stg6_i_55__three2two_1        1     5.454    29809.011    29814.466 
      stg6_i_56__three2two_1        1     5.454    35640.912    35646.366 
      stg3_o_1__..__three2two_1     7     5.410    69655.093    69660.504 
      stg2_o_0__..__three2two_1     8     5.340    42729.516    42734.856 
      stg2_o_2__..__three2two_1     7     5.328    48842.034    48847.362 
      stg1_o_1__..__three2two_1     7     5.320    22558.659    22563.980 
      stg4_o_0__..__three2two_1     9     5.265   130793.552   130798.818 
      stg1_o_1__..__three2two_1     8     5.258    26426.212    26431.470 
      stg4_o_0__..__three2two_1     2     5.137    53617.590    53622.728 
      stg3_o_0__..__three2two_1     8     5.049    64845.479    64850.528 
      stg2_o_0__..__three2two_1     8     5.013    19218.012    19223.025 
      stg1_o_0__..__three2two_1     4     4.947    22213.623    22218.570 
      stg1_o_1__..__three2two_1     4     4.887    16731.047    16735.934 
      stg1_o_1__..__three2two_1     4     4.855    18354.060    18358.915 
      stg1_o_3__..__three2two_1     4     4.758    16586.323    16591.081 
      stg2_o_0__..__three2two_1     4     4.758    32513.934    32518.692 
      stg1_o_0__..__three2two_1     8     4.744    20241.599    20246.344 
      stg1_o_1__..__three2two_1     8     4.691    19373.071    19377.762 
      stg6_i_39__three2two_1        8     4.618   105855.912   105860.531 
      stg3_o_0__..__three2two_1     7     4.577    67538.198    67542.775 
      stg1_o_0__..__three2two_1     8     4.522    21096.995    21101.517 
      stg4_o_0__..__three2two_1     9     4.502    77246.493    77250.995 
      stg1_o_2__..__three2two_1     8     4.499    27499.187    27503.686 
      stg4_o_0__..__three2two_1     9     4.481    70854.274    70858.755 
      stg5_i_51__three2two_1        6     4.397    46697.730    46702.127 
      stg3_o_0__..__three2two_1     7     4.360    53859.039    53863.399 
      stg2_o_1__..__three2two_1     4     4.295    22366.686    22370.982 
      stg6_i_51__three2two_1        6     4.294    50017.246    50021.540 
      stg2_o_2__..__three2two_1     4     4.260    25662.474    25666.734 
      stg5_i_31__three2two_1        6     4.259    85613.228    85617.487 
      stg6_i_54__three2two_1        6     4.257    29156.809    29161.066 
      stg1_o_0__..__three2two_1     8     4.255    15765.365    15769.620 
      stg5_i_37__three2two_1        6     4.254   101045.876   101050.131 
      stg3_o_1__..__three2two_1     6     4.233    49289.433    49293.666 
      stg5_i_35__three2two_1        3     4.227    72139.155    72143.383 
      stg2_o_2__..__three2two_1     4     4.224    15853.807    15858.031 
      stg4_o_0__..__three2two_1     2     4.222    24432.069    24436.291 
      stg6_i_19__three2two_1        2     4.222    34987.370    34991.592 
      stg6_i_36__three2two_1        5     4.194    59429.263    59433.458 
      stg1_o_2__..__three2two_1    10     4.192    28225.231    28229.423 
      stg6_i_48__three2two_1        3     4.178    51598.375    51602.553 
      stg1_o_0__..__three2two_1     9     4.159    14281.669    14285.827 
      stg4_o_1__..__three2two_1     9     4.147    53438.614    53442.762 
      stg1_o_1__..__three2two_1     9     4.140    30723.940    30728.080 
      stg6_i_40__three2two_1        5     4.131    77807.902    77812.033 
      stg3_o_0__..__three2two_1     9     4.121    53287.551    53291.672 
      stg6_i_47__three2two_1        8     4.107    78964.016    78968.123 
      stg1_o_1__..__three2two_1     8     4.089    18806.210    18810.298 
      stg2_o_0__..__three2two_1     8     4.077    37373.536    37377.614 
      stg1_o_4__..__three2two_1     4     4.067    15801.872    15805.939 
      stg5_i_36__three2two_1       11     4.032   151535.871   151539.903 
      stg5_i_22__three2two_1        9     4.007    94538.713    94542.720 
      stg3_o_0__..__three2two_1     8     3.963    62624.783    62628.746 
      stg2_o_1__..__three2two_1     5     3.928    27540.741    27544.669 
      stg3_o_1__..__three2two_1     5     3.928    47237.993    47241.921 
      stg3_o_1__..__three2two_1    14     3.903   106215.038   106218.942 
      stg5_i_27__three2two_1       11     3.888   141617.406   141621.294 
      stg4_o_0__..__three2two_1    10     3.873   148116.895   148120.767 
      stg1_o_2__..__three2two_1     1     3.867    11939.422    11943.289 
      stg3_o_0__..__three2two_1     1     3.867    13601.697    13605.564 
      stg3_o_1__..__three2two_1     1     3.867    12188.612    12192.479 
      stg5_i_29__three2two_1       10     3.867   155191.041   155194.908 
      stg1_o_4__..__three2two_1     8     3.864    25658.877    25662.741 
      stg3_o_1__..__three2two_1     6     3.828    26246.010    26249.838 
      stg1_o_2__..__three2two_1    10     3.820    26614.016    26617.836 
      stg1_o_0__..__three2two_1     3     3.817    14345.951    14349.768 
      stg1_o_3__..__three2two_1     3     3.817    16393.256    16397.073 
      stg2_o_0__..__three2two_1     3     3.817    14553.625    14557.442 
      stg2_o_2__..__three2two_1     3     3.817    30095.418    30099.236 
      stg3_o_0__..__three2two_1     3     3.817    37982.449    37986.266 
      stg3_o_1__..__three2two_1     3     3.817    39026.854    39030.671 
      stg5_i_49__three2two_1        3     3.817    34176.179    34179.996 
      stg5_i_39__three2two_1       10     3.812   159860.466   159864.278 
      stg1_o_3__..__three2two_1     8     3.810    26027.953    26031.763 
      stg3_o_0__..__three2two_1     7     3.802    45270.703    45274.506 
      stg5_i_44__three2two_1        9     3.795   108284.488   108288.283 
      stg1_o_3__..__three2two_1     3     3.784    15639.708    15643.491 
      stg1_o_3__..__three2two_1     3     3.784    16221.797    16225.580 
      stg1_o_1__..__three2two_1     3     3.782    14304.305    14308.087 
      stg1_o_2__..__three2two_1     3     3.782    12500.229    12504.012 
      stg1_o_2__..__three2two_1     3     3.782    15459.356    15463.139 
      stg2_o_1__..__three2two_1     3     3.782    26478.456    26482.238 
      stg4_o_1__..__three2two_1     3     3.782    37876.666    37880.448 
      stg1_o_4__..__three2two_1     5     3.775    18770.973    18774.749 
      stg2_o_1__..__three2two_1     7     3.748    31246.703    31250.452 
      stg1_o_1__..__three2two_1     3     3.746     8689.716     8693.462 
      stg1_o_4__..__three2two_1     3     3.746    15758.256    15762.002 
      stg1_o_4__..__three2two_1     3     3.746    12629.613    12633.359 
      stg1_o_4__..__three2two_1     3     3.746    16788.917    16792.663 
      stg1_o_4__..__three2two_1     3     3.746    18421.526    18425.272 
      stg1_o_4__..__three2two_1     3     3.746    17237.281    17241.027 
      stg1_o_4__..__three2two_1     3     3.746    14648.147    14651.893 
      stg1_o_4__..__three2two_1     3     3.746    17321.540    17325.286 
      stg1_o_4__..__three2two_1     3     3.746    13203.110    13206.856 
      stg1_o_4__..__three2two_1     3     3.746    15073.929    15077.675 
      stg1_o_4__..__three2two_1     3     3.746    13748.690    13752.436 
      stg2_o_1__..__three2two_1     3     3.746    13522.292    13526.038 
      stg2_o_1__..__three2two_1     3     3.746    17963.269    17967.015 
      stg2_o_3__..__three2two_1     3     3.746    15458.199    15461.945 
      stg2_o_3__..__three2two_1     3     3.746    12738.843    12742.589 
      stg2_o_3__..__three2two_1     3     3.746    15615.242    15618.988 
      stg4_o_1__..__three2two_1     3     3.746    20601.947    20605.692 
      stg4_o_1__..__three2two_1     3     3.746    15907.620    15911.366 
      stg4_o_1__..__three2two_1     3     3.746    19360.056    19363.802 
      stg1_o_1__..__three2two_1     3     3.743    12281.203    12284.947 
      stg1_o_1__..__three2two_1     3     3.743    10391.945    10395.689 
      stg2_o_2__..__three2two_1     3     3.743    15327.846    15331.590 
      stg4_o_1__..__three2two_1     3     3.743    19240.521    19244.264 
      stg2_o_1__..__three2two_1     3     3.742    15242.165    15245.907 
      stg3_o_0__..__three2two_1     3     3.742    16683.170    16686.912 
      stg4_o_0__..__three2two_1     3     3.742    32318.968    32322.710 
      stg2_o_2__..__three2two_1     9     3.735    56668.049    56671.783 
      stg3_o_1__..__three2two_1    10     3.733    39852.578    39856.311 
      stg2_o_0__..__three2two_1     9     3.728    45603.555    45607.283 
      stg2_o_0__..__three2two_1     8     3.715    32607.853    32611.569 
      stg1_o_0__..__three2two_1     9     3.637    29057.580    29061.217 
      stg1_o_4__..__three2two_1     7     3.622    17024.906    17028.528 
      stg6_i_50__three2two_1        7     3.584    55284.027    55287.611 
      stg2_o_2__..__three2two_1     4     3.553    33273.180    33276.733 
      stg2_o_2__..__three2two_1     4     3.506    17375.920    17379.426 
      stg2_o_1__..__three2two_1     4     3.503    19887.377    19890.880 
      stg2_o_2__..__three2two_1     4     3.503    30887.728    30891.232 
      stg6_i_45__three2two_1        4     3.474    49630.711    49634.185 
      stg2_o_1__..__three2two_1     4     3.472    17837.846    17841.318 
      stg3_o_1__..__three2two_1     4     3.472    18841.944    18845.415 
      stg1_o_0__..__three2two_1     4     3.440    13879.666    13883.107 
      stg1_o_1__..__three2two_1     4     3.440    18672.647    18676.087 
      stg1_o_2__..__three2two_1     4     3.440    14868.550    14871.990 
      stg4_o_1__..__three2two_1     4     3.440    27976.401    27979.841 
      stg4_o_1__..__three2two_1     4     3.440    28123.603    28127.044 
      stg1_o_0__..__three2two_1     4     3.439    11678.193    11681.633 
      stg1_o_1__..__three2two_1     4     3.439    14888.329    14891.768 
      stg2_o_1__..__three2two_1     4     3.439    26227.213    26230.652 
      stg2_o_1__..__three2two_1     4     3.439    23267.866    23271.305 
      stg2_o_1__..__three2two_1     4     3.439    25365.559    25368.998 
      stg1_o_2__..__three2two_1     4     3.426     7850.361     7853.788 
      stg1_o_1__..__three2two_1     4     3.411    10664.222    10667.633 
      stg1_o_2__..__three2two_1     4     3.411    10606.069    10609.480 
      stg1_o_4__..__three2two_1     4     3.411    16090.278    16093.689 
      stg3_o_1__..__three2two_1     4     3.411    13713.974    13717.385 
      stg4_o_1__..__three2two_1     4     3.411    32550.955    32554.366 
      stg4_o_1__..__three2two_1     4     3.411    31634.558    31637.969 
      stg4_o_1__..__three2two_1     4     3.411    20680.833    20684.244 
      stg4_o_1__..__three2two_1     4     3.411    20999.266    21002.677 
      stg6_i_58__three2two_1        4     3.411    16562.517    16565.928 
      stg1_o_0__..__three2two_1     4     3.410    14473.865    14477.275 
      stg1_o_1__..__three2two_1     4     3.409    15341.213    15344.621 
      stg1_o_1__..__three2two_1     4     3.409    12508.855    12512.263 
      stg1_o_2__..__three2two_1     4     3.409    12496.087    12499.495 
      stg4_o_1__..__three2two_1     4     3.409    24369.943    24373.351 
      stg4_o_1__..__three2two_1     4     3.409    36409.562    36412.971 
      stg4_o_1__..__three2two_1     4     3.409    29876.622    29880.030 
      stg2_o_2__..__three2two_1     4     3.407    10016.300    10019.707 
      stg1_o_3__..__three2two_1     6     3.405    20497.825    20501.230 
      stg1_o_0__..__three2two_1     8     3.384    29539.433    29542.818 
      stg5_i_24__three2two_1        9     3.382    90057.903    90061.285 
      stg1_o_2__..__three2two_1     5     3.353    20535.582    20538.936 
      stg2_o_0__..__three2two_1     7     3.347    26157.118    26160.465 
      stg1_o_0__..__three2two_1    12     3.342    28239.114    28242.456 
      stg4_o_1__..__three2two_1     8     3.328    47541.412    47544.740 
      stg1_o_0__..__three2two_1     1     3.321     8125.107     8128.428 
      stg1_o_4__..__three2two_1     1     3.321    15380.866    15384.187 
      stg1_o_4__..__three2two_1     1     3.321    10980.946    10984.267 
      stg1_o_4__..__three2two_1     1     3.321    10735.143    10738.464 
      stg4_o_1__..__three2two_1     1     3.321    13785.832    13789.152 
      stg6_i_21__three2two_1        3     3.297    47322.568    47325.866 
      stg1_o_0__..__three2two_1     8     3.284    22400.036    22403.320 
      stg2_o_1__..__three2two_1     5     3.284    22483.814    22487.098 
      stg3_o_0__..__three2two_1     8     3.255    77877.661    77880.916 
      stg5_i_21__three2two_1       13     3.249   112926.601   112929.849 
      stg1_o_2__..__three2two_1     7     3.237    12650.566    12653.804 
      stg1_o_3__..__three2two_1    10     3.234    26372.096    26375.330 
      stg2_o_0__..__three2two_1    10     3.225    29980.139    29983.363 
      stg1_o_3__..__three2two_1     2     3.222     6709.385     6712.607 
      stg1_o_2__..__three2two_1     6     3.199    15491.939    15495.138 
      stg3_o_0__..__three2two_1     9     3.189    40410.264    40413.453 
      stg5_i_33__three2two_1        9     3.182   118082.416   118085.599 
      stg6_i_41__three2two_1       11     3.177   145739.364   145742.541 
      stg4_o_0__..__three2two_1     8     3.118   143576.766   143579.884 
      stg3_o_0__..__three2two_1     9     3.088    99701.483    99704.571 
      stg5_i_42__three2two_1       10     3.065   130150.853   130153.918 
      stg2_o_0__..__three2two_1    10     3.050    39104.244    39107.294 
      stg2_o_0__..__three2two_1    10     3.049    63100.580    63103.629 
      stg6_i_42__three2two_1        9     3.018    97834.331    97837.349 
      stg1_o_3__..__three2two_1    10     3.006    19081.483    19084.489 
      stg1_o_0__..__three2two_1    11     2.988    26331.957    26334.945 
      stg2_o_0__..__three2two_1    10     2.985    39172.453    39175.438 
      stg1_o_0__..__three2two_1    10     2.978    24094.457    24097.435 
      stg1_o_0__..__three2two_1     8     2.976    26668.660    26671.635 
      stg2_o_0__..__three2two_1     8     2.931    28029.254    28032.186 
      stg6_i_7__three2two_1         2     2.928     9043.024     9045.952 
      stg3_o_0__..__three2two_1     8     2.904    79377.721    79380.625 
      stg2_o_1__..__three2two_1     8     2.880    30935.204    30938.084 
      stg1_o_2__..__three2two_1    10     2.830    17390.082    17392.911 
      stg3_o_1__..__three2two_1     8     2.827    72269.295    72272.122 
      stg4_o_0__..__three2two_1     7     2.805    66153.593    66156.397 
      stg4_o_0__..__three2two_1     9     2.796   135410.552   135413.349 
      stg4_o_0__..__three2two_1    10     2.777   109143.552   109146.329 
      stg4_o_1__..__three2two_1     2     2.748     7963.152     7965.900 
      stg4_o_1__..__three2two_1     2     2.748    14515.076    14517.824 
      stg4_o_1__..__three2two_1     2     2.748    20555.970    20558.719 
      stg3_o_0__..__three2two_1    10     2.748    48056.153    48058.901 
      stg4_o_0__..__three2two_1    10     2.744    75945.178    75947.923 
      stg3_o_1__..__three2two_1    10     2.739    69731.014    69733.753 
      stg4_o_0__..__three2two_1     9     2.732   108683.000   108685.732 
      stg2_o_1__..__three2two_1     9     2.727    44817.410    44820.137 
      stg1_o_3__..__three2two_1     9     2.709    22150.989    22153.698 
      stg5_i_38__three2two_1       10     2.706   121021.007   121023.713 
      stg5_i_45__three2two_1        9     2.693    78507.708    78510.401 
      stg2_o_0__..__three2two_1    10     2.691    48089.957    48092.649 
      stg4_o_0__..__three2two_1     7     2.691    90651.120    90653.811 
      stg2_o_1__..__three2two_1     2     2.664     6604.215     6606.879 
      stg2_o_2__..__three2two_1     2     2.664    11428.393    11431.057 
      stg4_o_0__..__three2two_1     2     2.664    15156.486    15159.149 
      stg5_i_12__three2two_1        2     2.664    16794.422    16797.085 
      stg5_i_8__three2two_1         2     2.664    14698.094    14700.757 
      stg5_i_9__three2two_1         2     2.664    11643.542    11646.205 
      stg6_i_9__three2two_1         2     2.664    15099.106    15101.769 
      stg3_o_1__..__three2two_1     9     2.643    72680.692    72683.335 
      stg2_o_0__..__three2two_1     8     2.641    32515.755    32518.396 
      stg1_o_0__..__three2two_1    10     2.631    16969.369    16972.000 
      stg1_o_1__..__three2two_1     7     2.629    27529.372    27532.001 
      stg1_o_4__..__three2two_1     7     2.623    31519.579    31522.202 
      stg1_o_3__..__three2two_1     8     2.610    24103.745    24106.354 
      stg1_o_2__..__three2two_1     1     2.599     9684.289     9686.888 
      stg2_o_2__..__three2two_1     1     2.599    12494.613    12497.212 
      stg2_o_3__..__three2two_1     1     2.599    16012.094    16014.693 
      stg2_o_3__..__three2two_1     1     2.599    18712.376    18714.975 
      stg2_o_3__..__three2two_1     1     2.599    21053.614    21056.213 
      stg2_o_3__..__three2two_1     1     2.599    15547.712    15550.311 
      stg2_o_3__..__three2two_1     1     2.599    15378.116    15380.715 
      stg4_o_1__..__three2two_1     1     2.599    16295.972    16298.571 
      stg1_o_4__..__three2two_1     1     2.589    10330.361    10332.949 
      stg1_o_4__..__three2two_1     1     2.589    10388.150    10390.739 
      stg1_o_4__..__three2two_1     1     2.589    10595.423    10598.012 
      stg1_o_4__..__three2two_1     1     2.589     8400.022     8402.611 
      stg2_o_0__..__three2two_1     1     2.589     5131.978     5134.567 
      stg2_o_2__..__three2two_1     1     2.589    14057.304    14059.893 
      stg2_o_2__..__three2two_1     1     2.589    13243.909    13246.498 
      stg2_o_3__..__three2two_1     1     2.589    10562.354    10564.943 
      stg2_o_3__..__three2two_1     1     2.589    10346.208    10348.797 
      stg2_o_3__..__three2two_1     1     2.589    14275.762    14278.351 
      stg2_o_3__..__three2two_1     1     2.589    12076.770    12079.359 
      stg2_o_3__..__three2two_1     1     2.589    10697.846    10700.435 
      stg2_o_3__..__three2two_1     1     2.589    12644.207    12646.796 
      stg2_o_3__..__three2two_1     1     2.589    15407.579    15410.168 
      stg2_o_3__..__three2two_1     1     2.589    17728.041    17730.630 
      stg2_o_3__..__three2two_1     1     2.589    15290.678    15293.267 
      stg2_o_3__..__three2two_1     1     2.589    14386.491    14389.080 
      stg2_o_3__..__three2two_1     1     2.589    12878.874    12881.463 
      stg2_o_3__..__three2two_1     1     2.589    16304.959    16307.548 
      stg2_o_3__..__three2two_1     1     2.589    15661.237    15663.826 
      stg2_o_3__..__three2two_1     1     2.589    11946.841    11949.430 
      stg2_o_3__..__three2two_1     1     2.589    12024.919    12027.508 
      stg2_o_3__..__three2two_1     1     2.589    12282.253    12284.842 
      stg2_o_3__..__three2two_1     1     2.589     9986.313     9988.902 
      stg2_o_3__..__three2two_1     1     2.589    10565.795    10568.384 
      stg2_o_3__..__three2two_1     1     2.589     9686.466     9689.055 
      stg2_o_3__..__three2two_1     1     2.589     9593.271     9595.859 
      stg2_o_3__..__three2two_1     1     2.589     6654.275     6656.864 
      stg2_o_3__..__three2two_1     1     2.589     5844.760     5847.349 
      stg6_i_59__three2two_1        1     2.589    13585.965    13588.553 
      stg6_i_60__three2two_1        1     2.589    12438.187    12440.776 
      stg6_i_61__three2two_1        1     2.589     8058.137     8060.726 
      stg6_i_62__three2two_1        1     2.589     8530.168     8532.756 
      stg4_o_0__..__three2two_1    12     2.580   156132.916   156135.496 
      stg2_o_1__..__three2two_1     8     2.577    18807.989    18810.566 
      stg3_o_0__..__three2two_1     9     2.565    65830.904    65833.468 
      stg3_o_1__..__three2two_1     9     2.533    54226.538    54229.071 
      stg2_o_0__..__three2two_1    11     2.529    37023.384    37025.913 
      stg1_o_3__..__three2two_1     9     2.498    24377.622    24380.120 
      stg1_o_4__..__three2two_1     9     2.490    26617.334    26619.823 
      stg1_o_0__..__three2two_1     5     2.484    14919.186    14921.670 
      stg1_o_2__..__three2two_1     9     2.471    22646.293    22648.764 
      stg3_o_0__..__three2two_1     9     2.466    53401.868    53404.334 
      stg3_o_0__..__three2two_1    12     2.455    64180.690    64183.146 
      stg1_o_1__..__three2two_1     2     2.428     5681.822     5684.250 
      stg1_o_2__..__three2two_1     2     2.398     4366.542     4368.940 
      stg2_o_0__..__three2two_1    11     2.396    34702.794    34705.190 
      stg1_o_3__..__three2two_1    10     2.395    25134.618    25137.013 
      stg5_i_46__three2two_1        8     2.374   117197.561   117199.935 
      stg3_o_0__..__three2two_1    10     2.352    75501.130    75503.483 
      stg1_o_4__..__three2two_1    11     2.325    33803.333    33805.658 
      stg4_o_0__..__three2two_1     8     2.321   109060.254   109062.574 
      stg1_o_0__..__three2two_1    10     2.294    22882.999    22885.293 
      stg1_o_0__..__three2two_1     8     2.289    29811.742    29814.031 
      stg1_o_1__..__three2two_1     7     2.269    27799.493    27801.762 
      stg5_i_16__three2two_1        3     2.258    31122.815    31125.072 
      stg3_o_0__..__three2two_1     3     2.239    16569.919    16572.158 
      stg1_o_4__..__three2two_1     2     2.215     4989.925     4992.141 
      stg1_o_3__..__three2two_1    11     2.211    33607.878    33610.089 
      stg4_o_0__..__three2two_1    13     2.206   142126.875   142129.081 
      stg5_i_43__three2two_1       11     2.196   124328.290   124330.486 
      stg1_o_1__..__three2two_1    11     2.170    38615.445    38617.614 
      stg6_i_63__three2two_1        4     2.159     3226.943     3229.102 
      stg6_i_18__three2two_1        4     2.147    44043.297    44045.445 
      stg1_o_3__..__three2two_1     9     2.137    20060.249    20062.386 
      stg1_o_0__..__three2two_1     4     2.123     6583.660     6585.783 
      stg2_o_2__..__three2two_1    10     2.110    61216.420    61218.530 
      stg2_o_0__..__three2two_1     9     2.098    54949.128    54951.226 
      stg4_o_0__..__three2two_1    10     2.097   114929.093   114931.190 
      stg4_o_0__..__three2two_1    11     2.094    75025.726    75027.820 
      stg2_o_0__..__three2two_1    10     2.079    55180.232    55182.311 
      stg2_o_0__..__three2two_1     8     2.069    36514.178    36516.247 
      stg2_o_0__..__three2two_1    12     2.065    48437.401    48439.466 
      stg3_o_0__..__three2two_1    10     2.060    90538.255    90540.315 
      stg3_o_0__..__three2two_1     9     2.046    79484.650    79486.696 
      stg1_o_1__..__three2two_1     9     2.016    26566.220    26568.236 
      stg1_o_3__..__three2two_1     8     1.998    18630.252    18632.249 
      stg1_o_0__..__three2two_1     8     1.995    15220.562    15222.557 
      stg1_o_3__..__three2two_1     8     1.983    32656.197    32658.180 
      stg4_o_1__..__three2two_1     9     1.978    28419.317    28421.295 
      stg1_o_2__..__three2two_1    10     1.970    19137.307    19139.277 
      stg1_o_1__..__three2two_1     1     1.950     5783.936     5785.886 
      stg1_o_4__..__three2two_1     1     1.950     3638.918     3640.868 
      stg2_o_0__..__three2two_1     1     1.950     3667.521     3669.470 
      stg2_o_0__..__three2two_1     1     1.950     6754.655     6756.605 
      stg2_o_1__..__three2two_1     1     1.950     3791.456     3793.406 
      stg2_o_1__..__three2two_1     1     1.950     5810.695     5812.644 
      stg2_o_1__..__three2two_1     1     1.950     5938.673     5940.622 
      stg2_o_3__..__three2two_1     1     1.950    11341.255    11343.204 
      stg3_o_0__..__three2two_1     1     1.950     6990.578     6992.528 
      stg3_o_1__..__three2two_1     1     1.950     6184.307     6186.257 
      stg3_o_1__..__three2two_1     1     1.950     8763.885     8765.835 
      stg3_o_1__..__three2two_1     1     1.950    11580.992    11582.942 
      stg4_o_1__..__three2two_1     1     1.950     8139.523     8141.473 
      stg5_i_54__three2two_1        1     1.950    12645.543    12647.492 
      stg5_i_58__three2two_1        1     1.950    12632.261    12634.210 
      stg5_i_59__three2two_1        1     1.950     7891.144     7893.094 
      stg3_o_0__..__three2two_1     8     1.949    66752.184    66754.133 
      stg4_o_0__..__three2two_1     4     1.947    42633.180    42635.127 
      stg6_i_16__three2two_1        4     1.931    36818.654    36820.585 
      stg4_o_0__..__three2two_1     9     1.922    98430.715    98432.637 
      stg2_o_3__..__three2two_1     2     1.915     4904.909     4906.824 
      stg4_o_0__..__three2two_1     2     1.915     5889.575     5891.490 
      stg2_o_2__..__three2two_1     2     1.914     6173.200     6175.114 
      stg5_i_56__three2two_1        2     1.914    17887.331    17889.245 
      stg5_i_14__three2two_1        3     1.914    25077.742    25079.656 
      stg2_o_1__..__three2two_1     8     1.910    45629.111    45631.021 
      stg1_o_3__..__three2two_1     4     1.895     9721.105     9723.001 
      stg2_o_2__..__three2two_1     8     1.870    53810.868    53812.738 
      stg4_o_1__..__three2two_1     8     1.853    41739.936    41741.790 
      stg2_o_0__..__three2two_1    12     1.831    48608.960    48610.790 
      stg2_o_1__..__three2two_1     2     1.830     5802.447     5804.278 
      stg3_o_1__..__three2two_1     2     1.830    12258.629    12260.459 
      stg3_o_1__..__three2two_1     2     1.830     9399.244     9401.074 
      stg3_o_1__..__three2two_1     2     1.830    13132.352    13134.182 
      stg3_o_1__..__three2two_1     2     1.830    10680.300    10682.131 
      stg2_o_2__..__three2two_1     9     1.814    35618.267    35620.081 
      stg4_o_0__..__three2two_1     4     1.802    41471.920    41473.721 
      stg6_i_24__three2two_1        4     1.802    51084.968    51086.769 
      stg2_o_2__..__three2two_1     8     1.789    39544.485    39546.274 
      stg4_o_0__..__three2two_1    10     1.780   111962.978   111964.757 
      stg1_o_1__..__three2two_1    11     1.760    26781.053    26782.814 
      stg4_o_0__..__three2two_1    10     1.754    89216.736    89218.489 
      stg2_o_3__..__three2two_1     3     1.753     1306.729     1308.483 
      stg4_o_1__..__three2two_1     3     1.753     1133.411     1135.165 
      stg1_o_2__..__three2two_1     2     1.717     2262.213     2263.930 
      stg1_o_2__..__three2two_1     2     1.717     4830.445     4832.162 
      stg1_o_3__..__three2two_1     2     1.717     2717.190     2718.906 
      stg2_o_2__..__three2two_1     2     1.717     3569.688     3571.404 
      stg5_i_6__three2two_1         2     1.717     5271.212     5272.929 
      stg3_o_0__..__three2two_1     4     1.682    21836.868    21838.551 
      stg1_o_3__..__three2two_1    11     1.668    26942.518    26944.186 
      stg6_i_10__three2two_1        4     1.666    18365.530    18367.196 
      stg4_o_0__..__three2two_1    10     1.657    78088.925    78090.582 
      stg1_o_1__..__three2two_1     2     1.632     5570.066     5571.698 
      stg2_o_1__..__three2two_1     2     1.632     5301.432     5303.063 
      stg2_o_1__..__three2two_1     2     1.632     5850.447     5852.079 
      stg3_o_1__..__three2two_1     2     1.632    10812.243    10813.874 
      stg3_o_0__..__three2two_1     9     1.598    75409.135    75410.734 
      stg6_i_22__three2two_1        5     1.558    50410.808    50412.366 
      stg1_o_4__..__three2two_1    10     1.547    29770.265    29771.812 
      stg6_i_14__three2two_1        4     1.541    26119.825    26121.366 
      stg6_i_25__three2two_1        4     1.541    60675.776    60677.317 
      stg5_i_11__three2two_1        4     1.541    22100.537    22102.078 
      stg4_o_0__..__three2two_1     4     1.537    18506.683    18508.220 
      stg5_i_15__three2two_1        4     1.537    34053.813    34055.351 
      stg5_i_18__three2two_1        4     1.537    42198.014    42199.552 
      stg6_i_11__three2two_1        4     1.537    21643.687    21645.225 
      stg6_i_13__three2two_1        4     1.537    27217.157    27218.695 
      stg6_i_17__three2two_1        4     1.537    32534.165    32535.702 
      stg6_i_20__three2two_1        4     1.537    37971.003    37972.540 
      stg6_i_23__three2two_1        4     1.537    46209.228    46210.765 
      stg6_i_27__three2two_1        4     1.537    58914.393    58915.930 
      stg1_o_2__..__three2two_1     7     1.482    24480.200    24481.683 
      stg1_o_4__..__three2two_1     4     1.458    10929.044    10930.502 
      stg3_o_0__..__three2two_1    12     1.458    94203.592    94205.050 
      stg4_o_0__..__three2two_1    12     1.423   125973.308   125974.731 
      stg4_o_0__..__three2two_1     7     1.420    65202.988    65204.407 
      stg4_o_0__..__three2two_1    12     1.409    50948.006    50949.415 
      stg2_o_2__..__three2two_1     6     1.293    36928.012    36929.304 
      stg3_o_1__..__three2two_1     9     1.234    45329.364    45330.599 
      stg3_o_0__..__three2two_1     5     1.223    21296.601    21297.824 
      stg1_o_0__..__three2two_1     1     1.223     1346.106     1347.329 
      stg1_o_0__..__three2two_1     1     1.223     2793.001     2794.223 
      stg1_o_4__..__three2two_1     1     1.223     3831.718     3832.940 
      stg2_o_0__..__three2two_1     1     1.223     3538.489     3539.711 
      stg2_o_1__..__three2two_1     1     1.223      935.501      936.723 
      stg2_o_3__..__three2two_1     1     1.223     1858.690     1859.912 
      stg3_o_0__..__three2two_1     1     1.223     2478.378     2479.600 
      stg3_o_0__..__three2two_1     1     1.223     3110.354     3111.577 
      stg3_o_1__..__three2two_1     1     1.223     6899.799     6901.021 
      stg3_o_1__..__three2two_1     1     1.223     5097.525     5098.748 
      stg4_o_0__..__three2two_1     1     1.223     2673.289     2674.511 
      stg4_o_0__..__three2two_1     1     1.223     4608.452     4609.674 
      stg4_o_1__..__three2two_1     1     1.223     4267.320     4268.543 
      stg4_o_1__..__three2two_1     1     1.223     3814.899     3816.121 
      stg4_o_1__..__three2two_1     1     1.223     2500.187     2501.410 
      stg5_i_4__three2two_1         1     1.223     2850.451     2851.674 
      stg5_i_60__three2two_1        1     1.223     5770.596     5771.819 
      stg5_i_61__three2two_1        1     1.223     4430.787     4432.009 
      stg6_i_5__three2two_1         1     1.223     3909.204     3910.427 
      stg4_o_0__..__three2two_1     3     1.174     8079.165     8080.340 
      stg1_o_3__..__three2two_1    10     1.149    24515.760    24516.910 
      stg5_i_57__three2two_1        6     1.072    25232.274    25233.346 
      stg1_o_1__..__three2two_1     2     1.021     5536.358     5537.380 
      stg1_o_3__..__three2two_1     5     1.015    10090.989    10092.004 
      stg6_i_12__three2two_1        5     1.006    26652.487    26653.492 
      stg5_i_13__three2two_1        5     0.987    32313.348    32314.335 
      stg6_i_15__three2two_1        5     0.968    38619.329    38620.298 
      stg5_i_52__three2two_1        6     0.939    46987.888    46988.826 
      stg5_i_10__three2two_1        5     0.937    20734.840    20735.777 
      stg4_o_1__..__three2two_1     5     0.907    29367.289    29368.196 
      stg6_i_8__three2two_1         5     0.899    20533.185    20534.084 
      stg2_o_2__..__three2two_1    11     0.838    36509.198    36510.036 
      stg3_o_0__..__three2two_1     4     0.821    20279.881    20280.702 
      stg3_o_0__..__three2two_1     3     0.776     6339.596     6340.372 
      stg2_o_1__..__three2two_1     3     0.762     5833.560     5834.323 
      stg4_o_0__..__three2two_1     5     0.576    16292.684    16293.260 
      stg5_i_7__three2two_1         5     0.564    11468.251    11468.814 
      stg5_i_53__three2two_1        5     0.262    41774.130    41774.392 
      stg5_i_55__three2two_1        5     0.139    22161.868    22162.006 
    sdngen_5__sdn_gen_inst          7     4.035    12428.008    12432.043 
    sdngen_14__sdn_gen_inst         7     4.032    11412.830    11416.862 
    sdngen_15__sdn_gen_inst         7     3.877     9198.440     9202.317 
    sdngen_3__sdn_gen_inst         10     3.051    21860.750    21863.801 
    sdngen_11__sdn_gen_inst        10     2.831    11949.896    11952.727 
    sdngen_8__sdn_gen_inst          7     2.660    11445.352    11448.012 
    sdngen_10__sdn_gen_inst         9     2.365    12188.341    12190.706 
    sdngen_2__sdn_gen_inst          9     2.347    13469.232    13471.579 
    sdngen_4__sdn_gen_inst          9     2.346    12716.191    12718.537 
    sdngen_7__sdn_gen_inst         10     2.336    12413.642    12415.978 
    sdngen_9__sdn_gen_inst          9     2.336    14269.872    14272.208 
    sdngen_12__sdn_gen_inst        10     2.332    12743.769    12746.102 
    sdngen_1__sdn_gen_inst          9     2.315     9954.789     9957.104 
    sdngen_6__sdn_gen_inst          9     1.938     9543.323     9545.262 
    sdngen_13__sdn_gen_inst         8     1.557    10048.069    10049.626 
    sdngen_0__sdn_gen_inst          6     1.188     8538.376     8539.563 
  add_104_52                      874   175.128  6527927.546  6528102.674 

