============================================================
  Generated by:           Encounter(R) RTL Compiler v08.10-s213_1
  Generated on:           Jun 22 2014  09:04:53 PM
  Module:                 multiplier_top
  Technology library:     typical 1.1
  Operating conditions:   typical 
  Interconnect mode:      ple
  Area mode:              timing library
============================================================

                                       Leakage     Dynamic       Total    
            Instance            Cells Power(nW)   Power(nW)    Power(nW)  
--------------------------------------------------------------------------
multiplier_top                   6474   755.922 31716854.549 31717610.471 
  pp_gen_rdcn_1                  5370   633.528 21084203.487 21084837.015 
    pp_rdcn_1                    3104   485.750 17518021.166 17518506.916 
      stg2_o_0__..__three2two_1     5     2.842    56148.756    56151.599 
      stg1_o_1__..__three2two_1     8     1.859    28680.544    28682.403 
      stg1_o_2__..__three2two_1     7     1.778    26785.405    26787.184 
      stg2_o_0__..__three2two_1     9     1.694    53976.261    53977.955 
      stg6_i_28__three2two_1        6     1.566    98408.445    98410.011 
      stg5_i_20__three2two_1        6     1.560    67582.400    67583.960 
      stg1_o_3__..__three2two_1     3     1.529    12996.916    12998.445 
      stg5_i_40__three2two_1        5     1.514    94389.377    94390.891 
      stg6_i_32__three2two_1        5     1.514   104634.344   104635.859 
      stg5_i_17__three2two_1        8     1.512    66076.766    66078.278 
      stg6_i_34__three2two_1        5     1.477    71183.052    71184.530 
      stg6_i_33__three2two_1        5     1.475   100999.120   101000.595 
      stg6_i_38__three2two_1        8     1.459   101170.709   101172.168 
      stg5_i_32__three2two_1        6     1.457    91047.697    91049.154 
      stg6_i_26__three2two_1        7     1.446    71061.413    71062.859 
      stg4_o_0__..__three2two_1     5     1.444    42294.659    42296.103 
      stg5_i_19__three2two_1        6     1.442    53306.248    53307.690 
      stg2_o_2__..__three2two_1     5     1.440    40749.933    40751.373 
      stg6_i_49__three2two_1        5     1.440    56356.939    56358.379 
      stg4_o_0__..__three2two_1     6     1.432    71887.444    71888.876 
      stg5_i_25__three2two_1        6     1.431    78454.404    78455.835 
      stg5_i_28__three2two_1        6     1.431   113213.596   113215.027 
      stg4_o_0__..__three2two_1     5     1.420    48815.150    48816.569 
      stg3_o_1__..__three2two_1     5     1.418    52973.077    52974.496 
      stg3_o_1__..__three2two_1     3     1.415    44091.553    44092.968 
      stg3_o_1__..__three2two_1     3     1.415    44449.225    44450.640 
      stg5_i_34__three2two_1        3     1.415    76778.915    76780.330 
      stg6_i_30__three2two_1        5     1.390    80629.504    80630.894 
      stg3_o_0__..__three2two_1     9     1.389    62493.075    62494.464 
      stg2_o_1__..__three2two_1     5     1.382    28471.235    28472.617 
      stg3_o_1__..__three2two_1     4     1.379    35396.192    35397.571 
      stg1_o_0__..__three2two_1     7     1.378    16823.777    16825.156 
      stg2_o_2__..__three2two_1     4     1.368    34770.133    34771.501 
      stg1_o_0__..__three2two_1     9     1.363    18182.260    18183.623 
      stg5_i_41__three2two_1        8     1.355   111287.265   111288.619 
      stg3_o_1__..__three2two_1     4     1.351    51064.021    51065.372 
      stg5_i_30__three2two_1        4     1.351    71943.637    71944.988 
      stg3_o_1__..__three2two_1     5     1.349    38902.204    38903.553 
      stg6_i_52__three2two_1        5     1.344    42086.651    42087.995 
      stg3_o_0__..__three2two_1     8     1.343    65283.589    65284.932 
      stg6_i_46__three2two_1        6     1.340    69980.251    69981.592 
      stg6_i_43__three2two_1        4     1.333    67960.807    67962.140 
      stg5_i_26__three2two_1        5     1.330    58459.496    58460.826 
      stg2_o_1__..__three2two_1     4     1.322    19612.943    19614.265 
      stg6_i_44__three2two_1        5     1.322    65363.370    65364.692 
      stg3_o_1__..__three2two_1     4     1.322    48441.640    48442.962 
      stg5_i_47__three2two_1        4     1.316    55748.157    55749.473 
      stg1_o_0__..__three2two_1     5     1.312    15266.163    15267.475 
      stg6_i_29__three2two_1        4     1.311    60975.338    60976.649 
      stg1_o_2__..__three2two_1     5     1.309    14056.341    14057.650 
      stg3_o_1__..__three2two_1     3     1.307    39566.599    39567.906 
      stg4_o_0__..__three2two_1     3     1.307    59512.694    59514.001 
      stg4_o_0__..__three2two_1     3     1.307    51507.717    51509.025 
      stg4_o_0__..__three2two_1     3     1.307    79060.769    79062.077 
      stg1_o_0__..__three2two_1     6     1.306    23238.734    23240.040 
      stg1_o_3__..__three2two_1     5     1.300    21247.425    21248.725 
      stg2_o_0__..__three2two_1     3     1.298    26429.539    26430.837 
      stg2_o_2__..__three2two_1     3     1.298    35437.744    35439.042 
      stg3_o_0__..__three2two_1     4     1.293    38627.278    38628.571 
      stg1_o_1__..__three2two_1     4     1.293    21758.944    21760.237 
      stg2_o_2__..__three2two_1     4     1.293    37516.119    37517.412 
      stg5_i_23__three2two_1        5     1.292    49563.542    49564.834 
      stg2_o_1__..__three2two_1     5     1.287    27633.934    27635.221 
      stg1_o_2__..__three2two_1     6     1.286    11681.961    11683.246 
      stg2_o_0__..__three2two_1     5     1.284    34684.673    34685.957 
      stg1_o_2__..__three2two_1     5     1.276    19721.876    19723.152 
      stg1_o_2__..__three2two_1    10     1.275    27544.364    27545.639 
      stg1_o_1__..__three2two_1     3     1.272    18681.242    18682.514 
      stg2_o_0__..__three2two_1     3     1.272    25367.594    25368.865 
      stg1_o_0__..__three2two_1     4     1.268    13853.864    13855.132 
      stg1_o_0__..__three2two_1     4     1.268    12270.702    12271.971 
      stg2_o_2__..__three2two_1     4     1.268    33536.648    33537.916 
      stg2_o_2__..__three2two_1     4     1.268    32483.308    32484.576 
      stg2_o_2__..__three2two_1     4     1.268    29777.104    29778.373 
      stg4_o_0__..__three2two_1     4     1.268    35348.435    35349.703 
      stg1_o_0__..__three2two_1     4     1.268    16250.049    16251.317 
      stg1_o_3__..__three2two_1     4     1.268    22892.280    22893.548 
      stg3_o_1__..__three2two_1     4     1.268    26498.364    26499.633 
      stg1_o_4__..__three2two_1     3     1.255    15165.470    15166.725 
      stg1_o_3__..__three2two_1     3     1.255    15055.084    15056.339 
      stg4_o_1__..__three2two_1     3     1.255    32287.863    32289.118 
      stg1_o_2__..__three2two_1     3     1.255    18522.226    18523.481 
      stg1_o_3__..__three2two_1     3     1.255    16396.268    16397.523 
      stg6_i_37__three2two_1        8     1.254    88150.602    88151.856 
      stg6_i_31__three2two_1        4     1.249    55538.792    55540.041 
      stg2_o_1__..__three2two_1     4     1.243    27644.098    27645.342 
      stg1_o_0__..__three2two_1     4     1.242    14205.741    14206.983 
      stg1_o_1__..__three2two_1     4     1.242    17987.446    17988.689 
      stg1_o_2__..__three2two_1     4     1.242    13076.494    13077.736 
      stg1_o_2__..__three2two_1     4     1.242    13579.565    13580.807 
      stg1_o_3__..__three2two_1     4     1.242    22992.178    22993.421 
      stg1_o_3__..__three2two_1     4     1.242    17723.633    17724.875 
      stg1_o_3__..__three2two_1     4     1.242    16574.887    16576.129 
      stg2_o_2__..__three2two_1     4     1.242    37427.066    37428.308 
      stg3_o_1__..__three2two_1     4     1.242    43325.065    43326.307 
      stg3_o_0__..__three2two_1     4     1.242    29898.291    29899.534 
      stg4_o_1__..__three2two_1     4     1.242    30552.456    30553.698 
      stg2_o_0__..__three2two_1     5     1.233    28153.892    28155.125 
      stg2_o_1__..__three2two_1     5     1.231    19520.811    19522.042 
      stg2_o_1__..__three2two_1     5     1.231    26945.520    26946.750 
      stg4_o_1__..__three2two_1     6     1.230    30818.630    30819.861 
      stg1_o_3__..__three2two_1     4     1.225    17222.478    17223.703 
      stg2_o_2__..__three2two_1     8     1.225    40395.245    40396.469 
      stg4_o_1__..__three2two_1     5     1.222    40466.029    40467.250 
      stg3_o_0__..__three2two_1     4     1.220    65418.265    65419.485 
      stg4_o_1__..__three2two_1     4     1.220    36805.773    36806.992 
      stg4_o_1__..__three2two_1     4     1.220    30719.469    30720.689 
      stg2_o_2__..__three2two_1     4     1.219    25942.864    25944.083 
      stg4_o_1__..__three2two_1     4     1.219    23908.863    23910.082 
      stg1_o_2__..__three2two_1     4     1.219    15126.161    15127.380 
      stg2_o_2__..__three2two_1     4     1.219    27062.545    27063.764 
      stg4_o_1__..__three2two_1     4     1.219    34665.693    34666.913 
      stg1_o_0__..__three2two_1     6     1.219    18118.339    18119.558 
      stg2_o_2__..__three2two_1     5     1.219    41232.735    41233.954 
      stg1_o_1__..__three2two_1     5     1.219    15086.024    15087.243 
      stg2_o_0__..__three2two_1     6     1.218    40861.767    40862.985 
      stg2_o_3__..__three2two_1     5     1.213    28392.140    28393.354 
      stg4_o_0__..__three2two_1     9     1.213   103154.079   103155.292 
      stg2_o_1__..__three2two_1     5     1.198    28023.719    28024.917 
      stg5_i_50__three2two_1        4     1.196    52655.432    52656.628 
      stg3_o_0__..__three2two_1     3     1.190    46890.069    46891.259 
      stg3_o_1__..__three2two_1     3     1.190    30581.344    30582.534 
      stg4_o_0__..__three2two_1     4     1.185    78375.875    78377.059 
      stg1_o_2__..__three2two_1     5     1.176    15763.587    15764.763 
      stg1_o_2__..__three2two_1     5     1.175    15334.890    15336.065 
      stg3_o_0__..__three2two_1     3     1.172    31799.120    31800.292 
      stg3_o_1__..__three2two_1     3     1.172    42523.028    42524.200 
      stg2_o_1__..__three2two_1     4     1.167    26289.985    26291.152 
      stg1_o_4__..__three2two_1     4     1.165    24242.263    24243.428 
      stg1_o_0__..__three2two_1     3     1.164    17247.772    17248.936 
      stg1_o_3__..__three2two_1     3     1.164    18206.216    18207.380 
      stg2_o_2__..__three2two_1     3     1.164    36471.207    36472.371 
      stg5_i_48__three2two_1        4     1.160    47219.317    47220.477 
      stg1_o_1__..__three2two_1     8     1.158    17683.621    17684.780 
      stg3_o_1__..__three2two_1    14     1.155    82232.950    82234.105 
      stg1_o_2__..__three2two_1     7     1.154    23544.507    23545.661 
      stg3_o_0__..__three2two_1     8     1.151    50329.793    50330.944 
      stg3_o_1__..__three2two_1     7     1.148    53497.568    53498.715 
      stg1_o_2__..__three2two_1     3     1.147    16818.281    16819.428 
      stg1_o_1__..__three2two_1     3     1.146    17993.517    17994.663 
      stg3_o_0__..__three2two_1     7     1.143    21479.441    21480.584 
      stg2_o_0__..__three2two_1     8     1.140    34831.623    34832.763 
      stg2_o_0__..__three2two_1     8     1.136    32973.736    32974.872 
      stg1_o_3__..__three2two_1     4     1.134    23903.602    23904.736 
      stg3_o_1__..__three2two_1     4     1.134    36761.597    36762.731 
      stg4_o_0__..__three2two_1     4     1.134    32278.565    32279.699 
      stg1_o_4__..__three2two_1     3     1.129    11483.712    11484.842 
      stg1_o_4__..__three2two_1     3     1.129    16784.026    16785.155 
      stg1_o_4__..__three2two_1     3     1.129    17927.127    17928.257 
      stg2_o_1__..__three2two_1     4     1.117    26182.500    26183.616 
      stg1_o_1__..__three2two_1     4     1.116    19626.629    19627.746 
      stg1_o_2__..__three2two_1     7     1.115    21712.528    21713.643 
      stg4_o_1__..__three2two_1     4     1.112    31248.324    31249.436 
      stg6_i_57__three2two_1        7     1.101    29242.934    29244.035 
      stg5_i_36__three2two_1       11     1.101   117917.715   117918.816 
      stg2_o_1__..__three2two_1     5     1.099    19992.550    19993.649 
      stg1_o_3__..__three2two_1     7     1.096    22151.832    22152.927 
      stg2_o_2__..__three2two_1     7     1.086    38012.631    38013.717 
      stg1_o_1__..__three2two_1     7     1.082    17328.921    17330.003 
      stg1_o_1__..__three2two_1     8     1.077    20558.988    20560.065 
      stg1_o_1__..__three2two_1     5     1.067    16746.255    16747.322 
      stg5_i_22__three2two_1        9     1.057    72933.391    72934.447 
      stg5_i_39__three2two_1       10     1.051   123959.278   123960.330 
      stg4_o_0__..__three2two_1    10     1.041   116024.749   116025.790 
      stg6_i_39__three2two_1        8     1.040    83248.472    83249.513 
      stg1_o_1__..__three2two_1     1     1.040    12795.606    12796.646 
      stg2_o_1__..__three2two_1     1     1.040    19007.434    19008.473 
      stg2_o_1__..__three2two_1     1     1.040    18318.374    18319.414 
      stg2_o_2__..__three2two_1     1     1.040    35458.817    35459.857 
      stg3_o_0__..__three2two_1     1     1.040    35923.942    35924.982 
      stg3_o_1__..__three2two_1     1     1.040    22500.593    22501.632 
      stg3_o_1__..__three2two_1     1     1.040    33671.411    33672.450 
      stg4_o_0__..__three2two_1     1     1.040    41420.542    41421.582 
      stg4_o_0__..__three2two_1     1     1.040    36694.382    36695.422 
      stg6_i_35__three2two_1        1     1.040    45899.819    45900.859 
      stg4_o_0__..__three2two_1     9     1.036    60452.286    60453.322 
      stg2_o_0__..__three2two_1     8     1.032    15023.716    15024.748 
      stg4_o_0__..__three2two_1     9     1.025    55817.833    55818.858 
      stg1_o_3__..__three2two_1     1     1.022     9381.734     9382.755 
      stg2_o_0__..__three2two_1     1     1.022    16030.105    16031.127 
      stg2_o_0__..__three2two_1     1     1.022    20653.640    20654.662 
      stg2_o_1__..__three2two_1     1     1.022    22717.062    22718.084 
      stg3_o_0__..__three2two_1     1     1.022    20391.392    20392.414 
      stg3_o_1__..__three2two_1     1     1.022    32084.763    32085.785 
      stg6_i_53__three2two_1        1     1.022    30324.437    30325.458 
      stg6_i_55__three2two_1        1     1.022    23387.370    23388.392 
      stg6_i_56__three2two_1        1     1.022    27494.159    27495.180 
      stg1_o_0__..__three2two_1     8     1.019    15467.259    15468.278 
      stg5_i_27__three2two_1       11     1.017   110966.206   110967.223 
      stg1_o_1__..__three2two_1     8     1.011    15228.616    15229.627 
      stg6_i_41__three2two_1       11     1.006   111653.443   111654.449 
      stg3_o_0__..__three2two_1     7     1.002    52602.512    52603.514 
      stg1_o_2__..__three2two_1    10     0.995    21955.662    21956.658 
      stg5_i_29__three2two_1       10     0.987   120740.173   120741.161 
      stg5_i_21__three2two_1       13     0.982    88689.614    88690.596 
      stg2_o_0__..__three2two_1     8     0.979    28836.205    28837.184 
      stg1_o_1__..__three2two_1     4     0.963    12815.036    12815.999 
      stg1_o_0__..__three2two_1     9     0.962    11191.065    11192.027 
      stg3_o_0__..__three2two_1     7     0.961    41647.967    41648.928 
      stg1_o_0__..__three2two_1     8     0.953    16638.160    16639.114 
      stg1_o_0__..__three2two_1     4     0.952    17565.110    17566.062 
      stg3_o_0__..__three2two_1     8     0.949    48909.415    48910.364 
      stg1_o_1__..__three2two_1     9     0.948    23762.612    23763.560 
      stg1_o_2__..__three2two_1     8     0.947    21573.277    21574.224 
      stg3_o_0__..__three2two_1     9     0.946    41856.680    41857.626 
      stg1_o_0__..__three2two_1    12     0.946    22201.986    22202.932 
      stg1_o_1__..__three2two_1     4     0.940    14275.134    14276.074 
      stg6_i_47__three2two_1        8     0.940    60894.965    60895.904 
      stg5_i_44__three2two_1        9     0.933    83388.280    83389.213 
      stg4_o_0__..__three2two_1     2     0.926    40524.507    40525.432 
      stg1_o_0__..__three2two_1     9     0.921    22655.954    22656.875 
      stg1_o_3__..__three2two_1     4     0.921    12691.058    12691.978 
      stg2_o_0__..__three2two_1     4     0.921    25390.901    25391.822 
      stg1_o_0__..__three2two_1     8     0.915    12239.078    12239.993 
      stg6_i_51__three2two_1        6     0.913    38274.975    38275.888 
      stg1_o_2__..__three2two_1    10     0.906    20703.784    20704.690 
      stg6_i_40__three2two_1        5     0.898    60280.707    60281.605 
      stg5_i_31__three2two_1        6     0.886    67172.924    67173.810 
      stg3_o_0__..__three2two_1     9     0.886    78281.081    78281.967 
      stg5_i_37__three2two_1        6     0.883    79626.826    79627.709 
      stg3_o_1__..__three2two_1    10     0.883    30833.762    30834.645 
      stg2_o_2__..__three2two_1     9     0.882    44527.925    44528.807 
      stg2_o_0__..__three2two_1     9     0.879    35257.934    35258.813 
      stg1_o_0__..__three2two_1     8     0.874    22924.060    22924.934 
      stg3_o_1__..__three2two_1     6     0.869    38798.466    38799.335 
      stg5_i_35__three2two_1        3     0.868    56333.515    56334.383 
      stg1_o_0__..__three2two_1    11     0.861    20482.142    20483.003 
      stg4_o_1__..__three2two_1     9     0.859    41524.536    41525.395 
      stg5_i_42__three2two_1       10     0.854   100955.476   100956.330 
      stg4_o_0__..__three2two_1     8     0.853   112495.515   112496.368 
      stg3_o_0__..__three2two_1     7     0.845    35106.554    35107.399 
      stg2_o_0__..__three2two_1    10     0.844    49550.877    49551.721 
      stg2_o_0__..__three2two_1    10     0.844    30591.400    30592.244 
      stg5_i_24__three2two_1        9     0.841    70138.265    70139.106 
      stg4_o_0__..__three2two_1    12     0.838   122119.567   122120.404 
      stg3_o_0__..__three2two_1     8     0.837    60729.085    60729.922 
      stg2_o_1__..__three2two_1     5     0.835    21707.348    21708.183 
      stg3_o_1__..__three2two_1     5     0.835    36883.673    36884.508 
      stg5_i_33__three2two_1        9     0.833    91665.044    91665.877 
      stg6_i_48__three2two_1        3     0.833    40409.079    40409.912 
      stg2_o_1__..__three2two_1     4     0.832    17557.766    17558.598 
      stg5_i_51__three2two_1        6     0.825    36323.011    36323.836 
      stg2_o_0__..__three2two_1    10     0.821    23424.516    23425.337 
      stg1_o_1__..__three2two_1     8     0.821    14718.566    14719.387 
      stg2_o_0__..__three2two_1    10     0.817    30404.830    30405.647 
      stg6_i_54__three2two_1        6     0.814    22935.735    22936.549 
      stg4_o_0__..__three2two_1    10     0.812    85419.942    85420.754 
      stg4_o_1__..__three2two_1     8     0.810    36804.965    36805.775 
      stg2_o_2__..__three2two_1     4     0.806    20315.379    20316.185 
      stg3_o_0__..__three2two_1     8     0.806    61801.432    61802.237 
      stg6_i_36__three2two_1        5     0.803    46988.503    46989.305 
      stg6_i_50__three2two_1        7     0.801    43645.701    43646.502 
      stg2_o_0__..__three2two_1     8     0.800    25306.740    25307.539 
      stg2_o_0__..__three2two_1    11     0.798    28874.212    28875.010 
      stg5_i_43__three2two_1       11     0.797    95762.643    95763.440 
      stg4_o_0__..__three2two_1     9     0.794   106242.348   106243.142 
      stg1_o_3__..__three2two_1     8     0.794    20376.243    20377.037 
      stg1_o_4__..__three2two_1     8     0.792    19810.006    19810.798 
      stg4_o_0__..__three2two_1    13     0.791   110643.812   110644.603 
      stg1_o_0__..__three2two_1    10     0.790    18736.050    18736.840 
      stg2_o_1__..__three2two_1     7     0.781    23830.022    23830.803 
      stg2_o_2__..__three2two_1     4     0.781    12341.064    12341.844 
      stg2_o_2__..__three2two_1     4     0.780    26200.915    26201.695 
      stg6_i_42__three2two_1        9     0.778    76361.118    76361.896 
      stg1_o_4__..__three2two_1     4     0.776    12394.107    12394.883 
      stg5_i_38__three2two_1       10     0.774    94694.724    94695.498 
      stg1_o_3__..__three2two_1    10     0.768    20636.234    20637.003 
      stg3_o_1__..__three2two_1     6     0.768    20568.863    20569.631 
      stg4_o_0__..__three2two_1     2     0.768    18631.121    18631.889 
      stg6_i_19__three2two_1        2     0.768    27331.772    27332.540 
      stg5_i_45__three2two_1        9     0.765    60790.427    60791.192 
      stg3_o_0__..__three2two_1    12     0.763    50456.528    50457.291 
      stg5_i_46__three2two_1        8     0.759    91273.290    91274.049 
      stg2_o_0__..__three2two_1    10     0.757    37692.788    37693.545 
      stg2_o_0__..__three2two_1    12     0.757    37987.217    37987.974 
      stg2_o_1__..__three2two_1     9     0.755    35039.533    35040.287 
      stg4_o_0__..__three2two_1     9     0.754    85139.931    85140.685 
      stg1_o_0__..__three2two_1     3     0.751    11216.354    11217.105 
      stg1_o_3__..__three2two_1     3     0.751    12857.466    12858.217 
      stg2_o_0__..__three2two_1     3     0.751    11220.408    11221.159 
      stg2_o_2__..__three2two_1     3     0.751    23471.836    23472.587 
      stg3_o_0__..__three2two_1     3     0.751    30068.629    30069.381 
      stg3_o_1__..__three2two_1     3     0.751    30692.102    30692.853 
      stg5_i_49__three2two_1        3     0.751    27129.502    27130.253 
      stg2_o_1__..__three2two_1     8     0.748    24416.352    24417.100 
      stg2_o_2__..__three2two_1     4     0.746    13518.188    13518.934 
      stg2_o_1__..__three2two_1     4     0.746    15607.767    15608.513 
      stg2_o_2__..__three2two_1     4     0.746    24066.236    24066.981 
      stg3_o_0__..__three2two_1     9     0.743    31618.076    31618.819 
      stg3_o_0__..__three2two_1    10     0.741    37583.976    37584.717 
      stg3_o_0__..__three2two_1     9     0.740    51206.251    51206.991 
      stg4_o_0__..__three2two_1    10     0.739    60446.943    60447.682 
      stg3_o_0__..__three2two_1    10     0.738    58806.338    58807.076 
      stg2_o_0__..__three2two_1     7     0.735    20266.655    20267.390 
      stg3_o_1__..__three2two_1    10     0.732    54470.214    54470.947 
      stg1_o_4__..__three2two_1     5     0.731    14796.280    14797.011 
      stg1_o_2__..__three2two_1     7     0.730     9688.521     9689.252 
      stg4_o_0__..__three2two_1     7     0.730    70289.111    70289.841 
      stg3_o_1__..__three2two_1     9     0.729    57252.752    57253.481 
      stg4_o_0__..__three2two_1    10     0.726    87203.527    87204.253 
      stg1_o_1__..__three2two_1     3     0.725    11140.622    11141.347 
      stg1_o_2__..__three2two_1     3     0.725     9497.372     9498.097 
      stg1_o_2__..__three2two_1     3     0.725    12354.377    12355.102 
      stg2_o_1__..__three2two_1     3     0.725    21050.839    21051.564 
      stg4_o_1__..__three2two_1     3     0.725    29566.351    29567.076 
      stg1_o_3__..__three2two_1     3     0.725    11996.334    11997.059 
      stg1_o_3__..__three2two_1     3     0.725    12879.634    12880.359 
      stg6_i_45__three2two_1        4     0.722    38940.511    38941.233 
      stg2_o_1__..__three2two_1     4     0.721    14064.542    14065.263 
      stg3_o_1__..__three2two_1     4     0.721    14728.915    14729.637 
      stg4_o_0__..__three2two_1     8     0.721    85735.289    85736.009 
      stg1_o_3__..__three2two_1     6     0.720    16026.026    16026.746 
      stg3_o_0__..__three2two_1    10     0.718    70730.352    70731.070 
      stg1_o_2__..__three2two_1     5     0.718    15895.891    15896.609 
      stg2_o_0__..__three2two_1    11     0.718    27358.760    27359.477 
      stg3_o_1__..__three2two_1     9     0.715    42167.293    42168.008 
      stg1_o_0__..__three2two_1    10     0.715    13212.832    13213.547 
      stg1_o_4__..__three2two_1     7     0.715    13207.630    13208.345 
      stg4_o_0__..__three2two_1    10     0.713    90165.318    90166.030 
      stg1_o_0__..__three2two_1     8     0.711    17499.581    17500.292 
      stg1_o_1__..__three2two_1     3     0.708     6560.598     6561.306 
      stg1_o_4__..__three2two_1     3     0.708    12306.588    12307.296 
      stg1_o_4__..__three2two_1     3     0.708     9978.341     9979.049 
      stg1_o_4__..__three2two_1     3     0.708    13256.908    13257.616 
      stg1_o_4__..__three2two_1     3     0.708    14233.237    14233.946 
      stg1_o_4__..__three2two_1     3     0.708    13486.673    13487.382 
      stg1_o_4__..__three2two_1     3     0.708    11401.286    11401.995 
      stg1_o_4__..__three2two_1     3     0.708    13438.989    13439.697 
      stg1_o_4__..__three2two_1     3     0.708    10224.697    10225.406 
      stg1_o_4__..__three2two_1     3     0.708    11828.731    11829.439 
      stg1_o_4__..__three2two_1     3     0.708    10403.338    10404.046 
      stg2_o_1__..__three2two_1     3     0.708    10549.617    10550.326 
      stg2_o_1__..__three2two_1     3     0.708    14354.348    14355.057 
      stg2_o_3__..__three2two_1     3     0.708    11842.226    11842.935 
      stg2_o_3__..__three2two_1     3     0.708     9711.982     9712.690 
      stg2_o_3__..__three2two_1     3     0.708    11977.244    11977.952 
      stg4_o_1__..__three2two_1     3     0.708    15864.280    15864.989 
      stg4_o_1__..__three2two_1     3     0.708    12303.061    12303.769 
      stg4_o_1__..__three2two_1     3     0.708    15086.172    15086.880 
      stg2_o_1__..__three2two_1     3     0.708    11985.990    11986.698 
      stg3_o_0__..__three2two_1     3     0.708    13194.756    13195.464 
      stg4_o_0__..__three2two_1     3     0.708    25339.337    25340.045 
      stg1_o_1__..__three2two_1     3     0.708     9434.747     9435.455 
      stg1_o_1__..__three2two_1     3     0.708     8068.941     8069.649 
      stg2_o_2__..__three2two_1     3     0.708    12056.050    12056.758 
      stg4_o_1__..__three2two_1     3     0.708    15138.732    15139.440 
      stg1_o_0__..__three2two_1     8     0.708    21169.447    21170.155 
      stg2_o_2__..__three2two_1    10     0.707    47634.837    47635.544 
      stg2_o_0__..__three2two_1    10     0.702    42995.181    42995.883 
      stg4_o_0__..__three2two_1    11     0.701    59178.989    59179.690 
      stg1_o_2__..__three2two_1     1     0.696     8555.822     8556.518 
      stg3_o_0__..__three2two_1     1     0.696    10554.006    10554.702 
      stg3_o_1__..__three2two_1     1     0.696     9190.899     9191.596 
      stg1_o_0__..__three2two_1     4     0.695     9123.843     9124.538 
      stg1_o_1__..__three2two_1     4     0.695    11676.894    11677.589 
      stg2_o_1__..__three2two_1     4     0.695    20644.500    20645.195 
      stg2_o_1__..__three2two_1     4     0.695    18362.856    18363.552 
      stg2_o_1__..__three2two_1     4     0.695    20150.512    20151.208 
      stg1_o_0__..__three2two_1     4     0.695    10545.664    10546.359 
      stg1_o_1__..__three2two_1     4     0.695    14496.750    14497.446 
      stg1_o_2__..__three2two_1     4     0.695    11619.293    11619.989 
      stg4_o_1__..__three2two_1     4     0.695    21809.107    21809.802 
      stg4_o_1__..__three2two_1     4     0.695    21632.453    21633.148 
      stg1_o_2__..__three2two_1     4     0.695     5986.871     5987.567 
      stg4_o_0__..__three2two_1    12     0.693    98493.988    98494.681 
      stg3_o_1__..__three2two_1     8     0.693    55906.935    55907.628 
      stg4_o_0__..__three2two_1     7     0.689    52513.493    52514.182 
      stg1_o_3__..__three2two_1     9     0.689    19172.836    19173.525 
      stg1_o_3__..__three2two_1    10     0.689    14756.624    14757.313 
      stg2_o_0__..__three2two_1     8     0.688    21736.000    21736.688 
      stg2_o_1__..__three2two_1     5     0.683    17500.705    17501.388 
      stg2_o_0__..__three2two_1    12     0.682    38022.806    38023.488 
      stg1_o_1__..__three2two_1    11     0.679    30159.286    30159.965 
      stg1_o_4__..__three2two_1     9     0.678    20715.948    20716.626 
      stg1_o_0__..__three2two_1     4     0.673    11293.102    11293.775 
      stg1_o_1__..__three2two_1     4     0.673     8179.816     8180.489 
      stg1_o_2__..__three2two_1     4     0.673     8334.012     8334.684 
      stg1_o_4__..__three2two_1     4     0.673    12558.718    12559.390 
      stg3_o_1__..__three2two_1     4     0.673    10752.735    10753.408 
      stg4_o_1__..__three2two_1     4     0.673    25939.994    25940.667 
      stg4_o_1__..__three2two_1     4     0.673    24783.451    24784.123 
      stg4_o_1__..__three2two_1     4     0.673    16050.205    16050.877 
      stg4_o_1__..__three2two_1     4     0.673    16220.589    16221.261 
      stg6_i_58__three2two_1        4     0.673    12811.443    12812.116 
      stg2_o_2__..__three2two_1     4     0.673     7758.420     7759.092 
      stg1_o_1__..__three2two_1     4     0.672    11789.148    11789.820 
      stg1_o_1__..__three2two_1     4     0.672     9594.543     9595.215 
      stg1_o_2__..__three2two_1     4     0.672     9690.000     9690.672 
      stg4_o_1__..__three2two_1     4     0.672    19116.371    19117.044 
      stg4_o_1__..__three2two_1     4     0.672    28397.736    28398.408 
      stg4_o_1__..__three2two_1     4     0.672    23446.119    23446.792 
      stg2_o_0__..__three2two_1     9     0.669    43165.356    43166.025 
      stg1_o_2__..__three2two_1     9     0.669    17911.022    17911.691 
      stg1_o_2__..__three2two_1    10     0.667    13422.010    13422.677 
      stg1_o_4__..__three2two_1    11     0.667    26441.246    26441.913 
      stg3_o_0__..__three2two_1     9     0.666    40972.217    40972.883 
      stg1_o_0__..__three2two_1     8     0.666    23398.212    23398.877 
      stg1_o_2__..__three2two_1     6     0.662    12045.479    12046.142 
      stg6_i_21__three2two_1        3     0.654    36840.513    36841.167 
      stg2_o_0__..__three2two_1     8     0.654    25451.640    25452.294 
      stg1_o_3__..__three2two_1    11     0.651    26352.189    26352.841 
      stg4_o_0__..__three2two_1    10     0.646    69751.752    69752.397 
      stg3_o_0__..__three2two_1     9     0.645    62582.378    62583.023 
      stg3_o_0__..__three2two_1    12     0.644    73784.449    73785.092 
      stg1_o_1__..__three2two_1    11     0.642    20661.887    20662.530 
      stg1_o_3__..__three2two_1     9     0.641    17218.773    17219.415 
      stg1_o_3__..__three2two_1    10     0.634    19778.000    19778.634 
      stg3_o_0__..__three2two_1     8     0.634    52565.110    52565.744 
      stg1_o_0__..__three2two_1    10     0.631    17965.229    17965.860 
      stg1_o_3__..__three2two_1     8     0.631    25033.982    25034.613 
      stg2_o_0__..__three2two_1     8     0.629    28551.179    28551.807 
      stg1_o_3__..__three2two_1     8     0.624    18716.795    18717.419 
      stg1_o_0__..__three2two_1     1     0.623     6227.235     6227.859 
      stg1_o_4__..__three2two_1     1     0.623    12036.251    12036.874 
      stg1_o_4__..__three2two_1     1     0.623     8505.197     8505.821 
      stg1_o_4__..__three2two_1     1     0.623     8286.751     8287.375 
      stg4_o_1__..__three2two_1     1     0.623    10784.662    10785.285 
      stg1_o_1__..__three2two_1     7     0.621    21549.773    21550.394 
      stg1_o_4__..__three2two_1     7     0.618    24768.782    24769.400 
      stg1_o_1__..__three2two_1     9     0.612    20880.957    20881.569 
      stg4_o_0__..__three2two_1     9     0.612    77346.190    77346.802 
      stg1_o_3__..__three2two_1     9     0.608    15867.973    15868.580 
      stg2_o_1__..__three2two_1     8     0.607    14520.022    14520.630 
      stg4_o_0__..__three2two_1    12     0.606    39788.534    39789.140 
      stg2_o_1__..__three2two_1     8     0.605    35763.486    35764.091 
      stg1_o_0__..__three2two_1     8     0.602    11892.325    11892.927 
      stg1_o_2__..__three2two_1    10     0.600    14862.870    14863.470 
      stg3_o_0__..__three2two_1     9     0.599    59359.468    59360.067 
      stg2_o_2__..__three2two_1     8     0.596    30843.808    30844.404 
      stg2_o_2__..__three2two_1     9     0.596    27332.707    27333.303 
      stg2_o_2__..__three2two_1     8     0.588    42275.110    42275.698 
      stg4_o_0__..__three2two_1    10     0.574    61460.105    61460.678 
      stg1_o_3__..__three2two_1    11     0.571    20941.657    20942.228 
      stg1_o_4__..__three2two_1    10     0.569    23138.689    23139.259 
      stg1_o_1__..__three2two_1     7     0.545    21499.952    21500.497 
      stg1_o_3__..__three2two_1     2     0.541     5113.094     5113.635 
      stg1_o_3__..__three2two_1     8     0.540    14498.142    14498.682 
      stg1_o_0__..__three2two_1     5     0.537    11609.807    11610.344 
      stg6_i_7__three2two_1         2     0.536     7086.726     7087.262 
      stg1_o_2__..__three2two_1     1     0.518     7516.025     7516.543 
      stg2_o_2__..__three2two_1     1     0.518     9504.300     9504.818 
      stg2_o_3__..__three2two_1     1     0.518    12360.102    12360.620 
      stg2_o_3__..__three2two_1     1     0.518    14562.464    14562.982 
      stg2_o_3__..__three2two_1     1     0.518    16383.850    16384.368 
      stg2_o_3__..__three2two_1     1     0.518    12093.426    12093.944 
      stg2_o_3__..__three2two_1     1     0.518    11819.325    11819.843 
      stg4_o_1__..__three2two_1     1     0.518    12560.993    12561.511 
      stg1_o_4__..__three2two_1     1     0.512     7998.791     7999.303 
      stg1_o_4__..__three2two_1     1     0.512     7915.796     7916.308 
      stg1_o_4__..__three2two_1     1     0.512     8223.718     8224.231 
      stg1_o_4__..__three2two_1     1     0.512     6492.540     6493.052 
      stg2_o_0__..__three2two_1     1     0.512     3953.426     3953.938 
      stg2_o_2__..__three2two_1     1     0.512    11056.445    11056.958 
      stg2_o_2__..__three2two_1     1     0.512    10441.287    10441.799 
      stg2_o_3__..__three2two_1     1     0.512     8167.823     8168.335 
      stg2_o_3__..__three2two_1     1     0.512     8054.856     8055.368 
      stg2_o_3__..__three2two_1     1     0.512    11240.185    11240.697 
      stg2_o_3__..__three2two_1     1     0.512     9463.401     9463.914 
      stg2_o_3__..__three2two_1     1     0.512     8379.852     8380.364 
      stg2_o_3__..__three2two_1     1     0.512     9911.821     9912.334 
      stg2_o_3__..__three2two_1     1     0.512    12111.986    12112.498 
      stg2_o_3__..__three2two_1     1     0.512    13914.684    13915.196 
      stg2_o_3__..__three2two_1     1     0.512    11999.133    11999.646 
      stg2_o_3__..__three2two_1     1     0.512    11309.906    11310.418 
      stg2_o_3__..__three2two_1     1     0.512    10080.199    10080.712 
      stg2_o_3__..__three2two_1     1     0.512    12888.019    12888.531 
      stg2_o_3__..__three2two_1     1     0.512    12323.767    12324.279 
      stg2_o_3__..__three2two_1     1     0.512     9366.150     9366.662 
      stg2_o_3__..__three2two_1     1     0.512     9397.648     9398.160 
      stg2_o_3__..__three2two_1     1     0.512     9624.589     9625.101 
      stg2_o_3__..__three2two_1     1     0.512     7818.003     7818.516 
      stg2_o_3__..__three2two_1     1     0.512     8156.099     8156.611 
      stg2_o_3__..__three2two_1     1     0.512     7436.774     7437.286 
      stg2_o_3__..__three2two_1     1     0.512     7402.399     7402.911 
      stg2_o_3__..__three2two_1     1     0.512     5117.529     5118.041 
      stg2_o_3__..__three2two_1     1     0.512     4420.431     4420.944 
      stg6_i_59__three2two_1        1     0.512    10677.663    10678.175 
      stg6_i_60__three2two_1        1     0.512     9754.817     9755.329 
      stg6_i_61__three2two_1        1     0.512     6332.299     6332.811 
      stg6_i_62__three2two_1        1     0.512     6667.763     6668.275 
      stg2_o_2__..__three2two_1     6     0.500    28312.862    28313.361 
      stg6_i_18__three2two_1        4     0.499    34064.504    34065.003 
      stg4_o_1__..__three2two_1     9     0.497    22074.248    22074.745 
      stg3_o_1__..__three2two_1     9     0.490    35244.784    35245.273 
      stg4_o_1__..__three2two_1     2     0.484     6099.751     6100.234 
      stg4_o_1__..__three2two_1     2     0.484    11246.055    11246.539 
      stg4_o_1__..__three2two_1     2     0.484    15770.236    15770.719 
      stg2_o_1__..__three2two_1     2     0.478     5029.289     5029.767 
      stg2_o_2__..__three2two_1     2     0.478     8986.673     8987.151 
      stg4_o_0__..__three2two_1     2     0.478    11535.733    11536.212 
      stg5_i_12__three2two_1        2     0.478    13058.628    13059.107 
      stg5_i_8__three2two_1         2     0.478    11280.989    11281.467 
      stg5_i_9__three2two_1         2     0.478     9200.871     9201.349 
      stg6_i_9__three2two_1         2     0.478    11624.523    11625.001 
      stg5_i_16__three2two_1        3     0.472    24099.047    24099.519 
      stg4_o_1__..__three2two_1     8     0.463    32365.950    32366.413 
      stg3_o_0__..__three2two_1     3     0.458    12858.150    12858.608 
      stg1_o_2__..__three2two_1     7     0.449    19120.855    19121.304 
      stg1_o_3__..__three2two_1    10     0.449    19231.033    19231.482 
      stg1_o_1__..__three2two_1     2     0.442     4438.196     4438.638 
      stg4_o_0__..__three2two_1     7     0.441    51514.286    51514.726 
      stg2_o_2__..__three2two_1    11     0.439    28376.727    28377.166 
      stg4_o_0__..__three2two_1     4     0.426    32605.284    32605.710 
      stg6_i_24__three2two_1        4     0.426    39867.922    39868.348 
      stg4_o_0__..__three2two_1     4     0.424    33864.063    33864.487 
      stg1_o_0__..__three2two_1     4     0.421     5118.727     5119.149 
      stg6_i_16__three2two_1        4     0.413    28408.324    28408.737 
      stg6_i_22__three2two_1        5     0.406    39783.145    39783.551 
      stg1_o_2__..__three2two_1     2     0.405     3313.311     3313.716 
      stg5_i_14__three2two_1        3     0.395    19576.577    19576.972 
      stg6_i_63__three2two_1        4     0.395     2523.359     2523.753 
      stg1_o_3__..__three2two_1     4     0.394     7509.111     7509.505 
      stg1_o_4__..__three2two_1     2     0.380     3884.726     3885.106 
      stg6_i_14__three2two_1        4     0.371    20592.938    20593.310 
      stg6_i_25__three2two_1        4     0.371    47942.701    47943.072 
      stg5_i_11__three2two_1        4     0.371    17214.793    17215.164 
      stg4_o_0__..__three2two_1     4     0.368    14222.974    14223.342 
      stg5_i_15__three2two_1        4     0.368    26690.968    26691.336 
      stg5_i_18__three2two_1        4     0.368    33080.666    33081.035 
      stg6_i_11__three2two_1        4     0.368    17148.105    17148.473 
      stg6_i_13__three2two_1        4     0.368    21615.498    21615.866 
      stg6_i_17__three2two_1        4     0.368    25474.659    25475.028 
      stg6_i_20__three2two_1        4     0.368    29698.284    29698.652 
      stg6_i_23__three2two_1        4     0.368    36371.621    36371.990 
      stg6_i_27__three2two_1        4     0.368    46507.149    46507.518 
      stg3_o_0__..__three2two_1     4     0.366    17016.008    17016.374 
      stg1_o_1__..__three2two_1     1     0.361     4343.408     4343.769 
      stg1_o_4__..__three2two_1     1     0.361     2823.332     2823.693 
      stg2_o_0__..__three2two_1     1     0.361     2819.008     2819.369 
      stg2_o_0__..__three2two_1     1     0.361     5258.822     5259.183 
      stg2_o_1__..__three2two_1     1     0.361     2864.312     2864.673 
      stg2_o_1__..__three2two_1     1     0.361     4555.100     4555.461 
      stg2_o_1__..__three2two_1     1     0.361     4575.865     4576.227 
      stg2_o_3__..__three2two_1     1     0.361     8706.859     8707.221 
      stg3_o_0__..__three2two_1     1     0.361     5464.390     5464.751 
      stg3_o_1__..__three2two_1     1     0.361     4758.933     4759.294 
      stg3_o_1__..__three2two_1     1     0.361     6914.873     6915.234 
      stg3_o_1__..__three2two_1     1     0.361     9030.978     9031.339 
      stg4_o_1__..__three2two_1     1     0.361     6277.653     6278.014 
      stg5_i_54__three2two_1        1     0.361     9811.622     9811.984 
      stg5_i_58__three2two_1        1     0.361     9875.852     9876.213 
      stg5_i_59__three2two_1        1     0.361     5977.816     5978.178 
      stg6_i_10__three2two_1        4     0.355    14120.738    14121.093 
      stg2_o_3__..__three2two_1     2     0.342     3718.207     3718.549 
      stg4_o_0__..__three2two_1     2     0.342     4541.103     4541.445 
      stg2_o_2__..__three2two_1     2     0.342     4865.828     4866.170 
      stg5_i_56__three2two_1        2     0.342    13997.649    13997.991 
      stg2_o_1__..__three2two_1     2     0.337     4539.266     4539.603 
      stg3_o_1__..__three2two_1     2     0.337     9561.979     9562.315 
      stg3_o_1__..__three2two_1     2     0.337     7265.172     7265.508 
      stg3_o_1__..__three2two_1     2     0.337    10205.325    10205.662 
      stg3_o_1__..__three2two_1     2     0.337     8307.247     8307.584 
      stg6_i_12__three2two_1        5     0.326    20682.420    20682.746 
      stg1_o_4__..__three2two_1     4     0.319     8405.146     8405.465 
      stg5_i_13__three2two_1        5     0.311    25278.393    25278.704 
      stg2_o_3__..__three2two_1     3     0.310     1006.479     1006.789 
      stg4_o_1__..__three2two_1     3     0.310      880.045      880.355 
      stg6_i_8__three2two_1         5     0.307    15750.909    15751.216 
      stg1_o_3__..__three2two_1     5     0.307     7942.027     7942.334 
      stg1_o_2__..__three2two_1     2     0.306     1768.088     1768.393 
      stg1_o_2__..__three2two_1     2     0.306     3807.357     3807.663 
      stg1_o_3__..__three2two_1     2     0.306     2170.402     2170.708 
      stg2_o_2__..__three2two_1     2     0.306     2789.656     2789.962 
      stg5_i_6__three2two_1         2     0.306     4182.445     4182.751 
      stg6_i_15__three2two_1        5     0.301    30698.051    30698.352 
      stg1_o_1__..__three2two_1     2     0.300     4462.804     4463.105 
      stg2_o_1__..__three2two_1     2     0.300     4223.829     4224.129 
      stg2_o_1__..__three2two_1     2     0.300     4616.767     4617.067 
      stg3_o_1__..__three2two_1     2     0.300     8505.626     8505.927 
      stg3_o_0__..__three2two_1     5     0.297    16579.472    16579.769 
      stg5_i_57__three2two_1        6     0.284    19643.824    19644.108 
      stg4_o_0__..__three2two_1     3     0.282     6431.188     6431.471 
      stg5_i_10__three2two_1        5     0.278    15999.366    15999.643 
      stg5_i_52__three2two_1        6     0.277    36851.990    36852.267 
      stg3_o_0__..__three2two_1     4     0.274    15456.834    15457.108 
      stg4_o_1__..__three2two_1     5     0.255    23193.413    23193.668 
      stg1_o_0__..__three2two_1     1     0.231     1068.054     1068.285 
      stg1_o_0__..__three2two_1     1     0.231     2185.912     2186.143 
      stg1_o_4__..__three2two_1     1     0.231     3014.527     3014.759 
      stg2_o_0__..__three2two_1     1     0.231     2769.195     2769.427 
      stg2_o_1__..__three2two_1     1     0.231      731.406      731.637 
      stg2_o_3__..__three2two_1     1     0.231     1435.664     1435.895 
      stg3_o_0__..__three2two_1     1     0.231     1944.892     1945.124 
      stg3_o_0__..__three2two_1     1     0.231     2452.523     2452.755 
      stg3_o_1__..__three2two_1     1     0.231     5493.327     5493.559 
      stg3_o_1__..__three2two_1     1     0.231     4010.986     4011.217 
      stg4_o_0__..__three2two_1     1     0.231     2043.033     2043.264 
      stg4_o_0__..__three2two_1     1     0.231     3590.483     3590.714 
      stg4_o_1__..__three2two_1     1     0.231     3385.877     3386.108 
      stg4_o_1__..__three2two_1     1     0.231     3044.149     3044.381 
      stg4_o_1__..__three2two_1     1     0.231     1972.407     1972.638 
      stg5_i_4__three2two_1         1     0.231     2184.203     2184.435 
      stg5_i_60__three2two_1        1     0.231     4457.485     4457.717 
      stg5_i_61__three2two_1        1     0.231     3415.650     3415.881 
      stg6_i_5__three2two_1         1     0.231     2983.707     2983.938 
      stg1_o_1__..__three2two_1     2     0.202     4344.118     4344.320 
      stg4_o_0__..__three2two_1     5     0.196    12957.122    12957.318 
      stg5_i_53__three2two_1        5     0.190    32547.820    32548.010 
      stg5_i_7__three2two_1         5     0.185     8902.110     8902.295 
      stg2_o_1__..__three2two_1     3     0.171     4685.485     4685.656 
      stg3_o_0__..__three2two_1     3     0.167     4976.336     4976.503 
      stg5_i_55__three2two_1        5     0.101    17533.760    17533.861 
    sdngen_3__sdn_gen_inst         10     0.849    17477.378    17478.228 
    sdngen_5__sdn_gen_inst          7     0.812     9776.970     9777.782 
    sdngen_14__sdn_gen_inst         7     0.809     9041.071     9041.880 
    sdngen_15__sdn_gen_inst         7     0.748     7192.956     7193.704 
    sdngen_11__sdn_gen_inst        10     0.706     9444.968     9445.674 
    sdngen_8__sdn_gen_inst          7     0.635     9101.176     9101.811 
    sdngen_10__sdn_gen_inst         9     0.635     9646.462     9647.097 
    sdngen_2__sdn_gen_inst          9     0.625    10435.815    10436.440 
    sdngen_4__sdn_gen_inst          9     0.620    10131.438    10132.058 
    sdngen_7__sdn_gen_inst         10     0.619     9791.707     9792.326 
    sdngen_9__sdn_gen_inst          9     0.619    11198.600    11199.219 
    sdngen_12__sdn_gen_inst        10     0.617    10051.622    10052.239 
    sdngen_1__sdn_gen_inst          9     0.602     7741.581     7742.183 
    sdngen_6__sdn_gen_inst          9     0.510     7508.985     7509.495 
    sdngen_13__sdn_gen_inst         8     0.494     7887.510     7888.003 
    sdngen_0__sdn_gen_inst          6     0.324     6953.433     6953.757 
  add_104_52                      874    50.407  5113018.335  5113068.742 

