============================================================
  Generated by:           Encounter(R) RTL Compiler v08.10-s213_1
  Generated on:           Jun 26 2014  09:19:18 PM
  Module:                 multiplier_top
  Technology library:     slow 1.1
  Operating conditions:   slow 
  Interconnect mode:      ple
  Area mode:              timing library
============================================================

                                 
   Gate    Instances     Area    Library 
-----------------------------------------
ADDFHX1            1      76.507    slow 
ADDFHX2            3     339.293    slow 
ADDFHX4           12    1397.088    slow 
ADDFX1             2     139.709    slow 
ADDFX2             4     279.418    slow 
ADDHX1             1      39.917    slow 
ADDHX2            10     598.752    slow 
ADDHXL             3     109.771    slow 
AFHCONX2           1      79.834    slow 
AND2X1             2      26.611    slow 
AND2X2            34     452.390    slow 
AND2X4            27     449.064    slow 
AND2XL            10     133.056    slow 
AND3X2            17     282.744    slow 
AND3X4            19     379.210    slow 
AOI211XL           1      16.632    slow 
AOI21X1           36     479.002    slow 
AOI21X2           65    1513.512    slow 
AOI21X4           36    1197.504    slow 
AOI21XL           69     918.086    slow 
AOI221X1           2      46.570    slow 
AOI221X2           6     239.501    slow 
AOI221X4           2      73.181    slow 
AOI221XL           2      46.570    slow 
AOI222X1           1      26.611    slow 
AOI222XL           1      26.611    slow 
AOI22X1           22     365.904    slow 
AOI22X2           12     359.251    slow 
AOI22X4            6     279.418    slow 
AOI22XL           48     798.336    slow 
AOI2BB1X1          3      49.896    slow 
AOI2BB1X2         26     605.405    slow 
AOI2BB1X4         17     622.037    slow 
AOI2BB1XL          2      33.264    slow 
AOI2BB2X1         64    1490.227    slow 
AOI2BB2X2         42    1257.379    slow 
AOI2BB2X4         31    1546.776    slow 
AOI2BB2XL         99    2305.195    slow 
AOI31X1            1      16.632    slow 
AOI31X2            1      29.938    slow 
BMXX1              2     126.403    slow 
BUFX1              9     119.750    slow 
BUFX12             4     133.056    slow 
BUFX16             6     259.459    slow 
BUFX2             40     532.224    slow 
BUFX20             3     159.667    slow 
BUFX3             47     625.363    slow 
BUFX4             20     332.640    slow 
BUFX8             16     479.002    slow 
BUFXL             29     385.862    slow 
CLKBUFX1           3      39.917    slow 
CLKBUFX3          57     758.419    slow 
CLKBUFX4          10     166.320    slow 
CLKBUFX8          15     349.272    slow 
CLKBUFXL           1      13.306    slow 
CLKINVX1           2      19.958    slow 
CLKINVX2         181    1806.235    slow 
CLKINVX3         125    1247.400    slow 
CLKINVX4          12     159.667    slow 
CLKINVX8          27     538.877    slow 
CMPR22X1           6     239.501    slow 
DFFRHQX2           3     259.459    slow 
DFFRHQX4          61    6493.133    slow 
DFFRX1            28    2142.202    slow 
DFFRX4            15    1496.880    slow 
DFFSRXL           19    1643.242    slow 
DLY1X1             1      19.958    slow 
INVX1            189    1257.379    slow 
INVX12             9     389.189    slow 
INVX16             2     113.098    slow 
INVX2            338    3372.970    slow 
INVX3             80    1064.448    slow 
INVX4            120    1596.672    slow 
INVX8             88    1756.339    slow 
INVXL            260    1729.728    slow 
MX2X1              9     239.501    slow 
MX2X2             16     479.002    slow 
MX2X4              8     266.112    slow 
MXI2X1           135    3143.448    slow 
MXI2X2            41    1091.059    slow 
MXI2X4            37    1723.075    slow 
MXI2XL            55    1280.664    slow 
NAND2BX1          46     612.058    slow 
NAND2BX2         100    1995.840    slow 
NAND2BX4          31     824.947    slow 
NAND2BXL          58     771.725    slow 
NAND2X1          252    2514.758    slow 
NAND2X2          499    8299.368    slow 
NAND2X4          177    4121.410    slow 
NAND2XL          539    5378.789    slow 
NAND3BX1           2      33.264    slow 
NAND3BX2           7     186.278    slow 
NAND3BX4           4     146.362    slow 
NAND3X1           33     439.085    slow 
NAND3X2           84    1955.923    slow 
NAND3X4           11     365.904    slow 
NAND3XL           10     133.056    slow 
NAND4X4            1      56.549    slow 
NOR2BX1           12     159.667    slow 
NOR2BX2           32     638.669    slow 
NOR2BX4            9     239.501    slow 
NOR2BXL           12     159.667    slow 
NOR2X1            64     638.669    slow 
NOR2X2           136    2261.952    slow 
NOR2X4            48    1117.670    slow 
NOR2XL           141    1407.067    slow 
NOR3BX2            1      26.611    slow 
NOR3BX4            1      36.590    slow 
NOR3X1             3      39.917    slow 
NOR3X2             2      46.570    slow 
NOR4X1             3      59.875    slow 
NOR4XL             3      59.875    slow 
OAI211X1           3      59.875    slow 
OAI211X4           1      29.938    slow 
OAI211XL           2      39.917    slow 
OAI21X1           65    1081.080    slow 
OAI21X2          112    2980.454    slow 
OAI21X4           90    3293.136    slow 
OAI21XL           54     718.502    slow 
OAI221X2           1      43.243    slow 
OAI221X4           1      36.590    slow 
OAI221XL          10     232.848    slow 
OAI22X1           28     558.835    slow 
OAI22X2           19     568.814    slow 
OAI22X4            4     186.278    slow 
OAI22XL           97    1935.965    slow 
OAI2BB1X1         64    1064.448    slow 
OAI2BB1X2        315    7334.712    slow 
OAI2BB1X4        263    8748.432    slow 
OAI2BB1XL         59     981.288    slow 
OAI2BB2X1         32     745.114    slow 
OAI2BB2X2         26     864.864    slow 
OAI2BB2X4         14     698.544    slow 
OAI2BB2XL        108    2514.758    slow 
OAI32X1            1      23.285    slow 
OR2X1              4      53.222    slow 
OR2X2             24     319.334    slow 
OR2X4             11     219.542    slow 
OR2XL             14     186.278    slow 
SDFFSRXL           2     192.931    slow 
TIEHI             19     126.403    slow 
XNOR2X1           14     372.557    slow 
XNOR2X2           25     914.760    slow 
XNOR2X4            9     508.939    slow 
XNOR2XL            2      53.222    slow 
XNOR3X2           60    3592.512    slow 
XNOR3X4           85    8482.320    slow 
XOR2X1            20     532.224    slow 
XOR2X2            42    1397.088    slow 
XOR2X4             9     508.939    slow 
XOR2XL            13     345.946    slow 
XOR3X2            27    1616.630    slow 
XOR3X4            21    2095.632    slow 
-----------------------------------------
total           6961  150163.675         


                                       
   Type    Instances    Area    Area % 
---------------------------------------
sequential       128  12227.846    8.1 
inverter        1433  15051.960   10.0 
buffer           261   4374.216    2.9 
logic           5139 118509.653   78.9 
---------------------------------------
total           6961 150163.675  100.0 

