============================================================
  Generated by:           Encounter(R) RTL Compiler v08.10-s213_1
  Generated on:           Jun 22 2014  06:44:15 PM
  Module:                 multiplier_top
  Technology library:     slow 1.1
  Operating conditions:   slow 
  Interconnect mode:      ple
  Area mode:              timing library
============================================================

Timing
------

  Cost    Critical      No of gates on  Violating 
 Group   Path Slack TNS  Critical Path    Paths   
--------------------------------------------------
default    No paths   0                           
--------------------------------------------------
Total                 0                         0 

Instance Count
--------------

Leaf Instance Count            190 
Sequential Instance Count      128 
Combinational Instance Count    62 
Hierarchical Instance Count      0 

Area & Power
------------
Total Area                         7224.941
Cell Area                          7224.941
Leakage Power                      227.120 nW
Dynamic Power                      785490.501 nW
Total Power                        785717.621 nW


Max Fanout                         128 (clk)
Min Fanout                         0 (n_135)
Average Fanout                     1.7
Terms to net ratio                 2.3
Terms to instance ratio            2.3
Runtime                            15 seconds
Hostname                           cheetah.eg.si-vision.com
