============================================================
  Generated by:           Encounter(R) RTL Compiler v08.10-s213_1
  Generated on:           Jun 22 2014  06:44:19 PM
  Module:                 multiplier_top
  Technology library:     slow 1.1
  Operating conditions:   slow 
  Interconnect mode:      ple
  Area mode:              timing library
============================================================

           Pin               Type     Fanout Load Slew Delay Arrival   
                                             (fF) (ps)  (ps)   (ps)    
-----------------------------------------------------------------------
multiplier[9]                in port       1  8.3    0    +0       0 F 
multiplier_reg_s_reg_9_/D    DFFHQXL                      +0       0   
multiplier_reg_s_reg_9_/CK   setup                   0  +244     244 R 
- - - - - - - - - - - - - - - - - - - - - - - - - - - - - - - - - - - -
(clock clk)                  async                                   R 
-----------------------------------------------------------------------
Timing slack :  UNCONSTRAINED
Start-point  : multiplier[9]
End-point    : multiplier_reg_s_reg_9_/D
