============================================================
  Generated by:           Encounter(R) RTL Compiler v08.10-s213_1
  Generated on:           Jun 22 2014  09:04:55 PM
  Module:                 multiplier_top
  Technology library:     typical 1.1
  Operating conditions:   typical 
  Interconnect mode:      ple
  Area mode:              timing library
============================================================

           Pin                 Type       Fanout  Load Slew Delay Arrival   
                                                  (fF) (ps)  (ps)   (ps)    
----------------------------------------------------------------------------
(clock clk)                  launch                                     0 R 
multiplier_reg_s_reg_9_/CK                                0             0 R 
multiplier_reg_s_reg_9_/Q    DFFRHQX4          1  20.9  117  +198     198 R 
pp_gen_rdcn_1/multiplier[9] 
  g51069/A                                                     +0     198   
  g51069/Y                   BUFX12            6  63.7   63   +88     286 R 
  g51070/A                                                     +0     286   
  g51070/Y                   BUFX12           11 123.5  101  +103     389 R 
  g51064/A                                                     +0     389   
  g51064/Y                   INVX8            17 116.3   72   +59     448 F 
  g51067/B0                                                    +0     448   
  g51067/Y                   OAI22X1           2  13.7  320  +194     642 R 
  g51068/A                                                     +0     642   
  g51068/Y                   INVXL             1   8.5  110   +69     711 F 
  g50702/B0                                                    +0     711   
  g50702/Y                   OAI2BB2XL         1  12.8  322  +216     926 R 
  pp_rdcn_1/pp5[39] 
    stg1_o_1__stg1_i_39__three2two_1/b 
      g55/CI                                                   +0     926   
      g55/S                  ADDFHX4           2  15.9   62  +283    1209 R 
    stg1_o_1__stg1_i_39__three2two_1/sum 
    stg3_o_0__stg3_i_39__three2two_1/a 
      g60/A                                                    +0    1209   
      g60/Y                  CLKINVX2          3  38.2  159  +112    1321 F 
      g57/A0N                                                  +0    1321   
      g57/Y                  AOI2BB2X4         2  21.4   74  +160    1480 F 
      g25/A                                                    +0    1480   
      g25/Y                  CLKINVX2          1  10.5   67   +51    1532 R 
      g22/A0N                                                  +0    1532   
      g22/Y                  OAI2BB1X4         3  27.1  101  +119    1651 R 
    stg3_o_0__stg3_i_39__three2two_1/sum 
    stg4_o_0__stg4_i_39__three2two_1/a 
      g71/A                                                    +0    1651   
      g71/Y                  INVX2             2  14.1   49   +37    1688 F 
      g62/A1N                                                  +0    1688   
      g62/Y                  OAI2BB1X4         2  22.1   58  +107    1795 F 
      g61/A                                                    +0    1795   
      g61/Y                  INVX2             1   9.2   63   +49    1844 R 
      g20/A1N                                                  +0    1844   
      g20/Y                  OAI2BB1X4         2  42.1  129  +134    1978 R 
    stg4_o_0__stg4_i_39__three2two_1/sum 
    stg5_i_39__three2two_1/a 
      fopt74/A                                                 +0    1978   
      fopt74/Y               INVX8             3  24.5   36   +22    2000 F 
      g68/A1N                                                  +0    2000   
      g68/Y                  OAI2BB1X4         2  26.5   63  +108    2108 F 
      g67/A                                                    +0    2108   
      g67/Y                  CLKINVX4          1   9.2   40   +33    2141 R 
      g64/A1N                                                  +0    2141   
      g64/Y                  OAI2BB1X4         3  50.2  145  +140    2280 R 
    stg5_i_39__three2two_1/sum 
    stg6_i_39__three2two_1/a 
      g77/S0                                                   +0    2280   
      g77/Y                  MXI2X4            2  31.7  112  +129    2409 F 
    stg6_i_39__three2two_1/sum 
  pp_rdcn_1/addin_1[39] 
pp_gen_rdcn_1/addin_1[39] 
add_104_52/A[39] 
  g71978/A                                                     +0    2409   
  g71978/Y                   NOR2X4            2  22.2  116   +89    2498 R 
  g71864/A0N                                                   +0    2498   
  g71864/Y                   AOI2BB1X4         2  35.9  148  +145    2643 R 
  g71736/B                                                     +0    2643   
  g71736/Y                   NAND2X4           2  36.1   74   +52    2694 F 
  g71735/B                                                     +0    2694   
  g71735/Y                   NOR2X4            1  21.5  110   +90    2784 R 
  g71444/A                                                     +0    2784   
  g71444/Y                   NOR2X4            2  40.0   71   +51    2836 F 
  g71443/A0                                                    +0    2836   
  g71443/Y                   AOI21X4           1  31.4  164  +118    2954 R 
  fopt71442/A                                                  +0    2954   
  fopt71442/Y                INVX8            11 140.9   96   +75    3028 F 
  g71052/A0                                                    +0    3028   
  g71052/Y                   AOI21X2           1  17.4  178  +135    3163 R 
  g71671/B0                                                    +0    3163   
  g71671/Y                   OAI2BB1X4         2  32.5   74   +50    3213 F 
  g71670/A                                                     +0    3213   
  g71670/Y                   NAND2X4           1  12.7   93   +54    3266 R 
  g67914/B0                                                    +0    3266   
  g67914/Y                   OAI21X2           3  16.2  130   +50    3317 F 
add_104_52/Z[62] 
result_reg_s_reg_62_/D       DFFRXL                            +0    3317   
result_reg_s_reg_62_/CK      setup                        0  +112    3429 R 
- - - - - - - - - - - - - - - - - - - - - - - - - - - - - - - - - - - - - - 
(clock clk)                  capture                                 5550 R 
                             uncertainty                      -50    5500 R 
----------------------------------------------------------------------------
Timing slack :    2071ps 
Start-point  : multiplier_reg_s_reg_9_/CK
End-point    : result_reg_s_reg_62_/D
