============================================================
  Generated by:           Encounter(R) RTL Compiler v08.10-s213_1
  Generated on:           Jun 30 2014  12:03:53 AM
  Module:                 multiplier_top
  Technology library:     typical 1.1
  Operating conditions:   typical 
  Interconnect mode:      ple
  Area mode:              timing library
============================================================

           Pin                  Type       Fanout  Load Slew Delay Arrival   
                                                   (fF) (ps)  (ps)   (ps)    
-----------------------------------------------------------------------------
(clock clk)                   launch                                     0 R 
multiplier_reg_s_reg_25_/CK                                0             0 R 
multiplier_reg_s_reg_25_/Q    DFFRHQX4          1  31.4  151  +217     217 R 
g198325/A                                                       +0     217   
g198325/Y                     INVX8             7 105.9   77   +58     275 F 
g194387/A                                                       +0     275   
g194387/Y                     BUFX4             2  33.0   56  +111     386 F 
g196699/A                                                       +0     386   
g196699/Y                     INVX4             3  43.5  109   +76     461 R 
g196701/B                                                       +0     461   
g196701/Y                     NAND2X4           2  24.2   58   +42     504 F 
g196700/A                                                       +0     504   
g196700/Y                     CLKINVX3          4  28.2   96   +67     570 R 
g181057/A                                                       +0     570   
g181057/Y                     CLKINVX2          3  35.4  150  +112     682 F 
g195161/A                                                       +0     682   
g195161/Y                     NOR2X2            1  13.0  131  +104     786 R 
g195160/A                                                       +0     786   
g195160/Y                     NOR2X2            3  24.2   88   +58     845 F 
g195159/A                                                       +0     845   
g195159/Y                     CLKINVX2          2  15.9   90   +67     911 R 
g178004/A                                                       +0     911   
g178004/Y                     NOR2X1            1   9.6   78   +52     963 F 
g190017/A0                                                      +0     963   
g190017/Y                     OAI22X1           1  10.7  283  +134    1098 R 
g190016/A                                                       +0    1098   
g190016/Y                     CLKINVX2          2  16.4  108   +81    1178 F 
g176533/A0                                                      +0    1178   
g176533/Y                     OAI21XL           2  20.1  444  +284    1462 R 
g175979/A                                                       +0    1462   
g175979/S                     CMPR22X1          2  19.1  135  +210    1672 F 
g188048/AN                                                      +0    1672   
g188048/Y                     NAND2BX2          1  20.7   80  +146    1818 F 
g175239/A                                                       +0    1818   
g175239/Y                     NAND2X4           3  51.0  153  +101    1919 R 
g194592/B                                                       +0    1919   
g194592/Y                     XNOR3X4           2  19.7   83  +209    2128 F 
g199064/B                                                       +0    2128   
g199064/Y                     NAND2BX1          1  10.5  136  +100    2229 R 
g194590/A0N                                                     +0    2229   
g194590/Y                     OAI2BB1X4         3  29.2  105  +127    2356 R 
fopt184459/A                                                    +0    2356   
fopt184459/Y                  INVX2             1  20.3   60   +46    2402 F 
g84/B                                                           +0    2402   
g84/Y                         NAND2X4           1  20.7   89   +70    2472 R 
g193931/A                                                       +0    2472   
g193931/Y                     NAND2X4           4  27.6   64   +43    2515 F 
g197763/B                                                       +0    2515   
g197763/Y                     AND2X4            4  55.6   87  +162    2677 F 
fopt184171/A                                                    +0    2677   
fopt184171/Y                  CLKINVX4          1  21.5   67   +52    2728 R 
g193606/A                                                       +0    2728   
g193606/Y                     NOR2X4            3  37.2   85   +45    2773 F 
g193609/A                                                       +0    2773   
g193609/Y                     NAND2X2           2  21.1  130   +88    2861 R 
g173835/A                                                       +0    2861   
g173835/Y                     CLKINVX2          3  21.9  108   +83    2944 F 
g198373/B                                                       +0    2944   
g198373/Y                     AND2X2            1   8.2   46  +126    3069 F 
g196484/A0N                                                     +0    3069   
g196484/Y                     OAI2BB1X2         2  20.4   87  +137    3207 F 
g173371/A                                                       +0    3207   
g173371/Y                     CLKINVX3          1   9.6   51   +42    3249 R 
g173325/A0                                                      +0    3249   
g173325/Y                     OAI22X1           1   7.8  104   +57    3306 F 
result_reg_s_reg_55_/D        DFFRX4                            +0    3306   
result_reg_s_reg_55_/CK       setup                        0  +167    3473 R 
- - - - - - - - - - - - - - - - - - - - - - - - - - - - - - - - - - - - - - -
(clock clk)                   capture                                 5600 R 
                              uncertainty                      -50    5550 R 
-----------------------------------------------------------------------------
Timing slack :    2077ps 
Start-point  : multiplier_reg_s_reg_25_/CK
End-point    : result_reg_s_reg_55_/D
