============================================================
  Generated by:           Encounter(R) RTL Compiler v08.10-s213_1
  Generated on:           Jun 30 2014  12:03:50 AM
  Module:                 multiplier_top
  Technology library:     slow 1.1
  Operating conditions:   slow 
  Interconnect mode:      ple
  Area mode:              timing library
============================================================

Timing
------

  Cost    Critical      No of gates on  Violating 
 Group   Path Slack TNS  Critical Path    Paths   
--------------------------------------------------
default         0.0   0             39          0 
--------------------------------------------------
Total                 0                         0 

Instance Count
--------------

Leaf Instance Count            7549 
Sequential Instance Count       128 
Combinational Instance Count   7421 
Hierarchical Instance Count       0 

Area & Power
------------
Total Area                         164174.472
Cell Area                          164174.472
Leakage Power                      7278.571 nW
Dynamic Power                      28880347.126 nW
Total Power                        28887625.697 nW


Max Fanout                         128 (clk)
Min Fanout                         1 (n_3)
Average Fanout                     2.2
Terms to net ratio                 3.2
Terms to instance ratio            3.2
Runtime                            649 seconds
Hostname                           cheetah.eg.si-vision.com
