============================================================
  Generated by:           Encounter(R) RTL Compiler v08.10-s213_1
  Generated on:           Jun 30 2014  12:04:18 AM
  Module:                 multiplier_top
  Technology library:     fast 1.1
  Operating conditions:   fast 
  Interconnect mode:      ple
  Area mode:              timing library
============================================================

           Pin                  Type       Fanout Load Slew Delay Arrival   
                                                  (fF) (ps)  (ps)   (ps)    
----------------------------------------------------------------------------
(clock clk)                   launch                                    0 R 
multiplier_reg_s_reg_22_/CK                               0             0 R 
multiplier_reg_s_reg_22_/Q    DFFRHQX4          1 18.4   41  +102     102 F 
g182087/A                                                      +0     102   
g182087/Y                     INVX4             4 37.7   74   +51     152 R 
g193080/A                                                      +0     152   
g193080/Y                     CLKINVX4          2 37.4   68   +49     201 F 
g193079/B                                                      +0     201   
g193079/Y                     NAND2X4           2 18.4   66   +56     257 R 
g196808/A0N                                                    +0     257   
g196808/Y                     OAI2BB1X4         2 32.1   83   +91     348 R 
g181015/A                                                      +0     348   
g181015/Y                     CLKINVX3          9 57.1  116   +85     433 F 
g180508/A                                                      +0     433   
g180508/Y                     NAND2XL           1 19.0  197  +135     568 R 
g199138/B                                                      +0     568   
g199138/Y                     NAND3BX4          3 31.6   85   +42     611 F 
fopt53/A                                                       +0     611   
fopt53/Y                      INVX2             1  9.2   52   +46     656 R 
g198553/A1N                                                    +0     656   
g198553/Y                     OAI2BB1X4         2 26.4   76   +85     741 R 
g198552/A                                                      +0     741   
g198552/Y                     CLKINVX4          1 21.0   47   +34     775 F 
g198551/A                                                      +0     775   
g198551/Y                     NAND2X4           2 32.4   88   +55     830 R 
g194780/A                                                      +0     830   
g194780/Y                     NAND2X4           2 43.8   66   +39     869 F 
g197415/B                                                      +0     869   
g197415/Y                     NAND2X2           1 17.5   88   +67     936 R 
g199562/B0                                                     +0     936   
g199562/Y                     OAI2BB1X4         2 42.6   61   +39     975 F 
fopt185128/A                                                   +0     975   
fopt185128/Y                  INVX8             3 23.2   36   +31    1006 R 
g199710/A0N                                                    +0    1006   
g199710/Y                     OAI2BB1X4         2 24.3   72   +82    1088 R 
fopt193188/A                                                   +0    1088   
fopt193188/Y                  CLKINVX3          1  9.2   35   +25    1114 F 
g175564/A1N                                                    +0    1114   
g175564/Y                     OAI2BB1X4         2 47.8   65   +92    1206 F 
fopt184208/A                                                   +0    1206   
fopt184208/Y                  INVX8             2 31.1   42   +36    1241 R 
g187277/A                                                      +0    1241   
g187277/Y                     MXI2X4            2 28.8   79   +50    1291 F 
g187276/A                                                      +0    1291   
g187276/Y                     INVX4             1  9.2   35   +34    1325 R 
g192669/A1N                                                    +0    1325   
g192669/Y                     OAI2BB1X4         3 31.9   84   +87    1412 R 
g174831/A                                                      +0    1412   
g174831/Y                     CLKINVX2          1 20.6   79   +58    1470 F 
g195507/B                                                      +0    1470   
g195507/Y                     NAND2X4           1 21.0   71   +61    1531 R 
g174482/A                                                      +0    1531   
g174482/Y                     NAND2X4           3 36.2   54   +34    1565 F 
fopt185295/A                                                   +0    1565   
fopt185295/Y                  INVX4             1 21.0   50   +39    1605 R 
g95/A                                                          +0    1605   
g95/Y                         NAND2X4           1  9.2   33   +18    1623 F 
g94/A1N                                                        +0    1623   
g94/Y                         OAI2BB1X4         3 37.8   63   +85    1708 F 
g93/A                                                          +0    1708   
g93/Y                         CLKINVX4          1 10.5   35   +28    1736 R 
g197520/A0N                                                    +0    1736   
g197520/Y                     OAI2BB1X4         3 27.5   77   +85    1821 R 
g197522/A                                                      +0    1821   
g197522/Y                     CLKINVX3          4 51.7  107   +78    1899 F 
g197521/A0                                                     +0    1899   
g197521/Y                     OAI21X4           2 29.5  130   +99    1998 R 
fopt194138/A                                                   +0    1998   
fopt194138/Y                  BUFX3             1 20.7   60   +75    2073 R 
g186285/B                                                      +0    2073   
g186285/Y                     NOR2X4            1 17.5   42   +29    2102 F 
g194064/B0                                                     +0    2102   
g194064/Y                     OAI2BB1X4         2 29.5   79   +55    2157 R 
g198088/A0                                                     +0    2157   
g198088/Y                     AOI21X4           2 32.4   61   +42    2199 F 
g197779_dup/B0                                                 +0    2199   
g197779_dup/Y                 OAI2BB1X4         1 31.8   84   +62    2260 R 
g198090/A                                                      +0    2260   
g198090/Y                     INVX8             2 29.2   30   +16    2276 F 
g173345/A0                                                     +0    2276   
g173345/Y                     OAI21X4           2 19.9  109   +68    2344 R 
g173314/A0                                                     +0    2344   
g173314/Y                     OAI21X1           1  7.8   58   +37    2382 F 
result_reg_s_reg_59_/D        DFFRX4                           +0    2382   
result_reg_s_reg_59_/CK       setup                       0  +108    2490 R 
- - - - - - - - - - - - - - - - - - - - - - - - - - - - - - - - - - - - - - 
(clock clk)                   capture                                5600 R 
                              uncertainty                     -50    5550 R 
----------------------------------------------------------------------------
Timing slack :    3060ps 
Start-point  : multiplier_reg_s_reg_22_/CK
End-point    : result_reg_s_reg_59_/D
