============================================================
  Generated by:           Encounter(R) RTL Compiler v08.10-s213_1
  Generated on:           Jun 30 2014  12:03:49 AM
  Module:                 multiplier_top
  Technology library:     slow 1.1
  Operating conditions:   slow 
  Interconnect mode:      ple
  Area mode:              timing library
============================================================

                                 
   Gate    Instances     Area    Library 
-----------------------------------------
ADDFHX1            2     153.014    slow 
ADDFHX2            6     678.586    slow 
ADDFHX4            6     698.544    slow 
ADDHX2            20    1197.504    slow 
ADDHX4             5     465.696    slow 
ADDHXL             2      73.181    slow 
AFHCINX4           1      93.139    slow 
AHHCINX2           2      79.834    slow 
AHHCONX2           1      36.590    slow 
AND2X1             2      26.611    slow 
AND2X2            39     518.918    slow 
AND2X4            29     482.328    slow 
AND2XL             7      93.139    slow 
AND3X2             6      99.792    slow 
AND3X4            35     698.544    slow 
AOI211XL           1      16.632    slow 
AOI21X1           31     412.474    slow 
AOI21X2           62    1443.658    slow 
AOI21X4           50    1663.200    slow 
AOI21XL           35     465.696    slow 
AOI221X2           3     119.750    slow 
AOI221X4           4     146.362    slow 
AOI221XL           1      23.285    slow 
AOI222X1           1      26.611    slow 
AOI222XL           1      26.611    slow 
AOI22X1           17     282.744    slow 
AOI22X2           25     748.440    slow 
AOI22X4            5     232.848    slow 
AOI22XL           50     831.600    slow 
AOI2BB1X1          5      83.160    slow 
AOI2BB1X2         21     488.981    slow 
AOI2BB1X4         33    1207.483    slow 
AOI2BB1XL          2      33.264    slow 
AOI2BB2X1         51    1187.525    slow 
AOI2BB2X2         42    1257.379    slow 
AOI2BB2X4         43    2145.528    slow 
AOI2BB2XL         67    1560.082    slow 
AOI31X1            3      49.896    slow 
AOI32X4            1      33.264    slow 
BUFX1             15     199.584    slow 
BUFX12            11     365.904    slow 
BUFX16             3     129.730    slow 
BUFX2             50     665.280    slow 
BUFX20             3     159.667    slow 
BUFX3             53     705.197    slow 
BUFX4              8     133.056    slow 
BUFX8             16     479.002    slow 
BUFXL             44     585.446    slow 
CLKBUFX1           2      26.611    slow 
CLKBUFX2          10     133.056    slow 
CLKBUFX3          50     665.280    slow 
CLKBUFX4           7     116.424    slow 
CLKBUFX8          19     442.411    slow 
CLKBUFXL           9     119.750    slow 
CLKINVX1           1       9.979    slow 
CLKINVX2         211    2105.611    slow 
CLKINVX3         144    1437.005    slow 
CLKINVX4          39     518.918    slow 
CLKINVX8          46     918.086    slow 
CMPR22X1           4     159.667    slow 
DFFRHQX2           2     172.973    slow 
DFFRHQX4          62    6599.578    slow 
DFFRX1            28    2142.202    slow 
DFFRX4            19    1896.048    slow 
DFFSRXL           16    1383.782    slow 
DLY1X1             4      79.834    slow 
INVX1            171    1137.629    slow 
INVX12             6     259.459    slow 
INVX16             1      56.549    slow 
INVX2            376    3752.179    slow 
INVX3            134    1782.950    slow 
INVX4            186    2474.842    slow 
INVX8             99    1975.882    slow 
INVXL            257    1709.770    slow 
MX2X1              5     133.056    slow 
MX2X2             12     359.251    slow 
MX2X4             12     399.168    slow 
MXI2X1           145    3376.296    slow 
MXI2X2            82    2182.118    slow 
MXI2X4            71    3306.442    slow 
MXI2XL            58    1350.518    slow 
NAND2BX1          46     612.058    slow 
NAND2BX2         133    2654.467    slow 
NAND2BX4          71    1889.395    slow 
NAND2BXL          72     958.003    slow 
NAND2X1          266    2654.467    slow 
NAND2X2          544    9047.808    slow 
NAND2X4          308    7171.718    slow 
NAND2XL          525    5239.080    slow 
NAND3BX1           2      33.264    slow 
NAND3BX2           9     239.501    slow 
NAND3BX4          10     365.904    slow 
NAND3BXL           5      83.160    slow 
NAND3X1           41     545.530    slow 
NAND3X2          114    2654.467    slow 
NAND3X4           17     565.488    slow 
NAND3XL            8     106.445    slow 
NAND4X1            2      33.264    slow 
NAND4X2            4     119.750    slow 
NAND4X4            4     226.195    slow 
NOR2BX1            4      53.222    slow 
NOR2BX2           18     359.251    slow 
NOR2BX4            9     239.501    slow 
NOR2BXL           10     133.056    slow 
NOR2X1            59     588.773    slow 
NOR2X2           146    2428.272    slow 
NOR2X4            93    2165.486    slow 
NOR2XL           115    1147.608    slow 
NOR3BX2            1      26.611    slow 
NOR3BX4            1      36.590    slow 
NOR3X1             2      26.611    slow 
NOR3X2             2      46.570    slow 
NOR3X4             1      33.264    slow 
NOR4X4             1      56.549    slow 
NOR4XL             1      19.958    slow 
OAI211X1           1      19.958    slow 
OAI211X2           1      33.264    slow 
OAI211XL           2      39.917    slow 
OAI21X1           43     715.176    slow 
OAI21X2           83    2208.730    slow 
OAI21X4          113    4134.715    slow 
OAI21XL           46     612.058    slow 
OAI221X1           3      79.834    slow 
OAI221X2           3     129.730    slow 
OAI221XL           3      69.854    slow 
OAI222X2           1      49.896    slow 
OAI22X1           32     638.669    slow 
OAI22X2           14     419.126    slow 
OAI22XL           58    1157.587    slow 
OAI2BB1X1         76    1264.032    slow 
OAI2BB1X2        315    7334.712    slow 
OAI2BB1X4        387   12873.168    slow 
OAI2BB1XL         53     881.496    slow 
OAI2BB2X1         31     721.829    slow 
OAI2BB2X2         36    1197.504    slow 
OAI2BB2X4         20     997.920    slow 
OAI2BB2XL         61    1420.373    slow 
OAI31X1            1      19.958    slow 
OAI31X2            1      29.938    slow 
OAI32XL            1      23.285    slow 
OR2X1              1      13.306    slow 
OR2X2             12     159.667    slow 
OR2X4              9     179.626    slow 
OR2XL              6      79.834    slow 
OR4X2              1      19.958    slow 
SDFFSRXL           1      96.466    slow 
TIEHI             15      99.792    slow 
XNOR2X1            9     239.501    slow 
XNOR2X2           19     695.218    slow 
XNOR2X4           10     565.488    slow 
XNOR2XL            1      26.611    slow 
XNOR3X2           40    2395.008    slow 
XNOR3X4           88    8781.696    slow 
XOR2X1            17     452.390    slow 
XOR2X2            27     898.128    slow 
XOR2X4            11     622.037    slow 
XOR2XL            17     452.390    slow 
XOR3X2            13     778.378    slow 
XOR3X4            15    1496.880    slow 
-----------------------------------------
total           7549  164174.472         


                                       
   Type    Instances    Area    Area % 
---------------------------------------
sequential       128  12291.048    7.5 
inverter        1671  18138.859   11.0 
buffer           304   5006.232    3.0 
logic           5446 128738.333   78.4 
---------------------------------------
total           7549 164174.472  100.0 

