============================================================
  Generated by:           Encounter(R) RTL Compiler v08.10-s213_1
  Generated on:           Jun 30 2014  12:04:06 AM
  Module:                 multiplier_top
  Technology library:     slow 1.1
  Operating conditions:   slow 
  Interconnect mode:      ple
  Area mode:              timing library
============================================================

           Pin                 Type       Fanout Load Slew Delay Arrival   
                                                 (fF) (ps)  (ps)   (ps)    
---------------------------------------------------------------------------
(clock clk)                  launch                                    0 R 
multiplier_reg_s_reg_7_/CK                               0             0 R 
multiplier_reg_s_reg_7_/Q    DFFRHQX4          2 37.8  260  +364     364 R 
g198177/A                                                     +0     364   
g198177/Y                    INVX8             7 85.3  108   +90     454 F 
g181927/AN                                                    +0     454   
g181927/Y                    NAND2BX4          2 17.0   84  +168     622 F 
g196891/A1N                                                   +0     622   
g196891/Y                    OAI2BB1X4         3 64.0  174  +234     857 F 
g196892/A                                                     +0     857   
g196892/Y                    INVX8            16 98.0  177  +138     995 R 
g180533/A                                                     +0     995   
g180533/Y                    NAND2XL           1 13.6  199  +159    1153 F 
g197432/B                                                     +0    1153   
g197432/Y                    NAND3X2           3 30.7  281  +209    1363 R 
g197434/A                                                     +0    1363   
g197434/Y                    INVX4             2 20.5   77   +58    1420 F 
g197031/A0N                                                   +0    1420   
g197031/Y                    OAI2BB1X4         1 20.5   99  +186    1606 F 
g197030/A                                                     +0    1606   
g197030/Y                    NAND2X4           2 18.3  134   +87    1694 R 
g196008/A                                                     +0    1694   
g196008/Y                    INVX2             3 32.0  121  +102    1796 F 
g197028/A                                                     +0    1796   
g197028/Y                    NAND2X2           1 17.3  166  +117    1913 R 
g199941/B0                                                    +0    1913   
g199941/Y                    OAI2BB1X4         2 20.9   92   +79    1992 F 
g195261/A                                                     +0    1992   
g195261/Y                    NOR2X2            2 27.2  312  +203    2195 R 
g197053/B                                                     +0    2195   
g197053/Y                    NOR2X4            2 16.6   96   +90    2284 F 
g192427/A                                                     +0    2284   
g192427/Y                    INVX2             2 12.6  113   +88    2372 R 
g197050/A1N                                                   +0    2372   
g197050/Y                    OAI2BB1X2         2 23.3  204  +223    2595 R 
g197049/A                                                     +0    2595   
g197049/Y                    CLKINVX3          2 19.6  111   +94    2689 F 
g175372/A1N                                                   +0    2689   
g175372/Y                    OAI2BB1X4         2 40.7  130  +209    2898 F 
g192455/A                                                     +0    2898   
g192455/Y                    NAND2X4           1 19.8  126   +98    2996 R 
g192453/B0                                                    +0    2996   
g192453/Y                    OAI21X4           3 50.5  155  +125    3121 F 
g196815/A                                                     +0    3121   
g196815/Y                    NOR2X2            1 20.2  254  +180    3301 R 
g196813/B                                                     +0    3301   
g196813/Y                    NOR2X4            2 37.1  118  +109    3410 F 
g174497/A                                                     +0    3410   
g174497/Y                    INVXL             1 17.3  332  +222    3631 R 
g174406/B0                                                    +0    3631   
g174406/Y                    OAI2BB1X4         1 20.5  105   +84    3715 F 
g174356/A                                                     +0    3715   
g174356/Y                    NAND2X4           3 27.9  164  +106    3820 R 
g174149/A                                                     +0    3820   
g174149/Y                    INVX2             1  9.2   64   +54    3875 F 
g186528/A1N                                                   +0    3875   
g186528/Y                    OAI2BB1X4         3 45.0  138  +203    4077 F 
g186186/A                                                     +0    4077   
g186186/Y                    INVX8             5 59.6  122   +97    4174 R 
g187011/A0                                                    +0    4174   
g187011/Y                    OAI21X2           2 19.5  174  +114    4288 F 
g194539/A                                                     +0    4288   
g194539/Y                    INVX2             1 17.3  149  +121    4409 R 
g194538/B0                                                    +0    4409   
g194538/Y                    OAI2BB1X4         2 32.6  115   +94    4503 F 
g194544/A                                                     +0    4503   
g194544/Y                    CLKINVX3          1 12.5   84   +68    4571 R 
g194401/B0                                                    +0    4571   
g194401/Y                    OAI21X2           1 20.0  155  +109    4680 F 
g173428/B0                                                    +0    4680   
g173428/Y                    AOI21X4           1 20.5  194  +156    4836 R 
g192799/A                                                     +0    4836   
g192799/Y                    NAND2X4           4 38.8  124  +100    4936 F 
g253/A                                                        +0    4936   
g253/Y                       NAND2X2           2 13.0  149  +104    5040 R 
g193804/A1N                                                   +0    5040   
g193804/Y                    OAI2BB1X2         1 11.6  132  +190    5230 R 
g251/B0                                                       +0    5230   
g251/Y                       OAI2BB1X2         1  7.7   82   +67    5297 F 
result_reg_s_reg_58_/D       DFFRX4                           +0    5297   
result_reg_s_reg_58_/CK      setup                       0  +253    5550 R 
- - - - - - - - - - - - - - - - - - - - - - - - - - - - - - - - - - - - - -
(clock clk)                  capture                                5600 R 
                             uncertainty                     -50    5550 R 
---------------------------------------------------------------------------
Timing slack :       0ps 
Start-point  : multiplier_reg_s_reg_7_/CK
End-point    : result_reg_s_reg_58_/D
