============================================================
  Generated by:           Encounter(R) RTL Compiler v08.10-s213_1
  Generated on:           Jun 30 2014  12:13:46 AM
  Module:                 auto_multiplier
  Technology library:     fast 1.1
  Operating conditions:   fast 
  Interconnect mode:      ple
  Area mode:              timing library
============================================================

            Pin                  Type       Fanout  Load Slew Delay Arrival   
                                                    (fF) (ps)  (ps)   (ps)    
------------------------------------------------------------------------------
(clock clk)                    launch                                     0 R 
multiplicand_reg_s_reg_9_/CK                                0             0 R 
multiplicand_reg_s_reg_9_/Q    DFFRHQX4          2  47.6  150  +176     176 R 
g133478/A                                                        +0     176   
g133478/Y                      INVX8            17 124.3   76   +48     224 F 
g133464/A                                                        +0     224   
g133464/Y                      CLKINVX4          4  45.5   86   +61     286 R 
g133461/A                                                        +0     286   
g133461/Y                      CLKINVX8         18  96.0   80   +58     344 F 
fopt20/A                                                         +0     344   
fopt20/Y                       BUFXL             1  14.7   80  +112     456 F 
g144771/A0                                                       +0     456   
g144771/Y                      OAI22X2           2  19.0  185   +98     553 R 
g144833/A1N                                                      +0     553   
g144833/Y                      OAI2BB1X2         2  17.3   88   +96     649 R 
g142647/A                                                        +0     649   
g142647/Y                      CLKINVX2          2  16.3   68   +49     698 F 
g142814/A                                                        +0     698   
g142814/Y                      CLKINVX2          1   9.1   48   +37     735 R 
g142813/A                                                        +0     735   
g142813/Y                      NAND2X1           2  14.4   72   +47     783 F 
g144111/C                                                        +0     783   
g144111/Y                      NAND3BX1          1  21.0  182  +120     903 R 
g142811/A                                                        +0     903   
g142811/Y                      NAND2X4           3  43.7   76   +39     942 F 
g141095/A                                                        +0     942   
g141095/Y                      BUFX2             1  23.4   57   +96    1038 F 
g143170/A0                                                       +0    1038   
g143170/Y                      OAI21X4           3  33.4  134   +91    1129 R 
g143169/B                                                        +0    1129   
g143169/Y                      NAND2XL           1  13.4  100   +62    1190 F 
g141102/B                                                        +0    1190   
g141102/Y                      NAND2X2           3  22.9  106   +85    1275 R 
g126533/A                                                        +0    1275   
g126533/Y                      CLKINVX2          2  21.4   85   +61    1336 F 
g126071/A1N                                                      +0    1336   
g126071/Y                      AOI2BB2X2         1  13.9   68  +122    1458 F 
g136598/A                                                        +0    1458   
g136598/Y                      XNOR2X2           2  24.2   96  +152    1610 R 
g142898/B                                                        +0    1610   
g142898/Y                      NOR2X2            3  34.8   97   +61    1671 F 
g140795/C                                                        +0    1671   
g140795/Y                      NOR3X4            1  10.5   99   +89    1760 R 
g140794/A0N                                                      +0    1760   
g140794/Y                      OAI2BB1X4         4  42.4   98  +101    1862 R 
g140835/A                                                        +0    1862   
g140835/Y                      NAND3X4           1  19.8   58   +34    1895 F 
g140834/A                                                        +0    1895   
g140834/Y                      NAND3X4           5  39.3  134   +77    1973 R 
g140301/A                                                        +0    1973   
g140301/Y                      NAND2X2           1  17.5   61   +34    2006 F 
g140300/B0                                                       +0    2006   
g140300/Y                      OAI2BB1X4        10  77.7  151  +100    2106 R 
g125310/A                                                        +0    2106   
g125310/Y                      INVX1             2  14.9   77   +48    2155 F 
g134877/A                                                        +0    2155   
g134877/Y                      OR2X2             1  13.4   52  +106    2261 F 
g125275/B                                                        +0    2261   
g125275/Y                      NAND2X2           3 111.6  200  +127    2388 R 
result_reg_s_reg_40_/D         DFFRX2                            +0    2388   
result_reg_s_reg_40_/CK        setup                        0   +63    2450 R 
- - - - - - - - - - - - - - - - - - - - - - - - - - - - - - - - - - - - - - - 
(clock clk)                    capture                                 5600 R 
                               uncertainty                      -50    5550 R 
------------------------------------------------------------------------------
Timing slack :    3100ps 
Start-point  : multiplicand_reg_s_reg_9_/CK
End-point    : result_reg_s_reg_40_/D
