============================================================
  Generated by:           Encounter(R) RTL Compiler v08.10-s213_1
  Generated on:           Jun 30 2014  12:13:34 AM
  Module:                 auto_multiplier
  Technology library:     slow 1.1
  Operating conditions:   slow 
  Interconnect mode:      ple
  Area mode:              timing library
============================================================

            Pin                  Type       Fanout  Load Slew Delay Arrival   
                                                    (fF) (ps)  (ps)   (ps)    
------------------------------------------------------------------------------
(clock clk)                    launch                                     0 R 
multiplicand_reg_s_reg_3_/CK                                0             0 R 
multiplicand_reg_s_reg_3_/Q    DFFRHQX4          1  25.6  201  +329     329 R 
g133302/A                                                        +0     329   
g133302/Y                      BUFX16            8 138.7  134  +169     499 R 
g133288/A                                                        +0     499   
g133288/Y                      INVX8             9  48.3   64   +56     554 F 
g131501/AN                                                       +0     554   
g131501/Y                      NAND3BX2          1  20.0  167  +211     766 F 
g143376/B                                                        +0     766   
g143376/Y                      NAND2X4           1  31.0  165  +143     908 R 
g143375/A                                                        +0     908   
g143375/Y                      INVX8             4  58.0   75   +64     973 F 
g143379/A                                                        +0     973   
g143379/Y                      INVX8            14  82.5  147  +103    1076 R 
g131303/A                                                        +0    1076   
g131303/Y                      CLKINVX3          2  21.6  111   +92    1168 F 
g130624/A0N                                                      +0    1168   
g130624/Y                      AOI2BB2X4         3  29.0  171  +233    1401 F 
g142800/B                                                        +0    1401   
g142800/Y                      NAND2XL           1   7.5  202  +165    1566 R 
g142659/A1N                                                      +0    1566   
g142659/Y                      OAI2BB1X2         1  14.9  149  +209    1775 R 
g142658/A                                                        +0    1775   
g142658/Y                      INVX3             2  43.0  116  +101    1876 F 
g144449/B1                                                       +0    1876   
g144449/Y                      OAI2BB2X2         3  46.8  557  +381    2256 R 
g141051/A                                                        +0    2256   
g141051/Y                      INVX2             1  18.1  146  +107    2363 F 
g143292/B                                                        +0    2363   
g143292/Y                      MXI2X4            3  41.0  367  +211    2574 R 
g143296/A                                                        +0    2574   
g143296/Y                      INVX2             2  28.3  150  +124    2699 F 
g143295/A                                                        +0    2699   
g143295/Y                      NAND2X1           1  13.1  228  +162    2860 R 
g141045/B                                                        +0    2860   
g141045/Y                      NAND2X2           4  32.2  174  +141    3002 F 
g126071/A0N                                                      +0    3002   
g126071/Y                      AOI2BB2X2         1  13.6  134  +265    3266 F 
g136598/A                                                        +0    3266   
g136598/Y                      XNOR2X2           2  23.6  188  +333    3599 R 
g142898/B                                                        +0    3599   
g142898/Y                      NOR2X2            3  33.8  186  +134    3733 F 
g140795/C                                                        +0    3733   
g140795/Y                      NOR3X4            1  10.4  198  +203    3937 R 
g140794/A0N                                                      +0    3937   
g140794/Y                      OAI2BB1X4         4  41.3  186  +234    4171 R 
g140835/A                                                        +0    4171   
g140835/Y                      NAND3X4           1  19.3  127   +99    4270 F 
g140834/A                                                        +0    4270   
g140834/Y                      NAND3X4           5  38.7  249  +158    4428 R 
g140301/A                                                        +0    4428   
g140301/Y                      NAND2X2           1  17.3  126  +100    4528 F 
g140300/B0                                                       +0    4528   
g140300/Y                      OAI2BB1X4        10  75.9  286  +200    4728 R 
g125274/A0                                                       +0    4728   
g125274/Y                      AOI21X2           2  14.4  142  +127    4855 F 
g125228/A                                                        +0    4855   
g125228/Y                      NAND2X1           1  19.8  313  +205    5061 R 
g125212/B0                                                       +0    5061   
g125212/Y                      OAI21X4           3 111.5  212  +161    5222 F 
result_reg_s_reg_43_/D         DFFRX2                            +0    5222   
result_reg_s_reg_43_/CK        setup                        0  +328    5550 R 
- - - - - - - - - - - - - - - - - - - - - - - - - - - - - - - - - - - - - - - 
(clock clk)                    capture                                 5600 R 
                               uncertainty                      -50    5550 R 
------------------------------------------------------------------------------
Timing slack :       0ps 
Start-point  : multiplicand_reg_s_reg_3_/CK
End-point    : result_reg_s_reg_43_/D
