============================================================
  Generated by:           Encounter(R) RTL Compiler v08.10-s213_1
  Generated on:           Jun 30 2014  12:13:17 AM
  Module:                 auto_multiplier
  Technology library:     slow 1.1
  Operating conditions:   slow 
  Interconnect mode:      ple
  Area mode:              timing library
============================================================

-------------------------------------------------------------------------------
The following nets have multiple drivers and at least one of the drivers is     
non-tristate:                                                                   

/designs/auto_multiplier/nets/n_9274
/designs/auto_multiplier/nets/n_9278
/designs/auto_multiplier/nets/n_9280
  ... 61 other warnings in this category.
 Use the -verbose option for more details.
-------------------------------------------------------------------------------

-------------------------------------------------------------------------------
The following primary inputs have no clocked external delays.  As a result the  
timing paths leading from the ports have no timing constraints derived from     
clock waveforms.  The'external_delay' command is used to create new external    
delays.                                                                         

/designs/auto_multiplier/ports_in/multiplicand[0]
/designs/auto_multiplier/ports_in/multiplicand[10]
/designs/auto_multiplier/ports_in/multiplicand[11]
  ... 62 other warnings in this category.
 Use the -verbose option for more details.
-------------------------------------------------------------------------------

-------------------------------------------------------------------------------
The following primary outputs have no clocked external delays.  As a result the 
timing paths leading to the ports have no timing constraints derived from clock 
waveforms.  The'external_delay' command is used to create new external delays.  

/designs/auto_multiplier/ports_out/result[0]
/designs/auto_multiplier/ports_out/result[10]
/designs/auto_multiplier/ports_out/result[11]
  ... 61 other warnings in this category.
 Use the -verbose option for more details.
-------------------------------------------------------------------------------

