============================================================
  Generated by:           Encounter(R) RTL Compiler v08.10-s213_1
  Generated on:           Jun 30 2014  12:13:22 AM
  Module:                 auto_multiplier
  Technology library:     typical 1.1
  Operating conditions:   typical 
  Interconnect mode:      ple
  Area mode:              timing library
============================================================

            Pin                   Type       Fanout  Load Slew Delay Arrival   
                                                     (fF) (ps)  (ps)   (ps)    
-------------------------------------------------------------------------------
(clock clk)                     launch                                     0 R 
multiplicand_reg_s_reg_13_/CK                                0             0 R 
multiplicand_reg_s_reg_13_/Q    DFFRHQX4          2  36.0  166  +226     226 R 
g140521/A                                                         +0     226   
g140521/Y                       INVX8             8  85.4   70   +49     275 F 
g134167/A                                                         +0     275   
g134167/Y                       CLKINVX8          2  47.0   68   +51     326 R 
g134166/A                                                         +0     326   
g134166/Y                       INVX8            17 112.1   68   +52     378 F 
g131499/C                                                         +0     378   
g131499/Y                       NAND3BX4          1  20.1  126   +94     471 R 
g141390/B0                                                        +0     471   
g141390/Y                       OAI21X4           2  28.3   83   +58     529 F 
g140159/A                                                         +0     529   
g140159/Y                       CLKBUFX8         17  96.5  102  +144     673 F 
g144403/B0                                                        +0     673   
g144403/Y                       AOI2BB2X2         3  18.9  192  +138     811 R 
g129522/A                                                         +0     811   
g129522/Y                       INVXL             2  13.1  107   +82     893 F 
g137934/B1                                                        +0     893   
g137934/Y                       AOI22X1           1   8.4  216  +186    1079 R 
g137933/A                                                         +0    1079   
g137933/Y                       INVX1             2  20.8  122   +95    1174 F 
g128225/B0                                                        +0    1174   
g128225/Y                       AOI2BB2X2         3  29.4  253  +178    1352 R 
g137211/A                                                         +0    1352   
g137211/Y                       XOR2X1            1  11.3  125  +238    1590 R 
g134572/B                                                         +0    1590   
g134572/Y                       XOR2X1            1  12.8  138  +214    1804 R 
g126420/CI                                                        +0    1804   
g126420/CO                      ADDFHX2           3  39.8  187  +200    2005 R 
g141826/A                                                         +0    2005   
g141826/Y                       XOR3X2            4  39.4  188  +396    2400 R 
g140096/A                                                         +0    2400   
g140096/Y                       NAND2X2           2  27.7  119   +72    2472 F 
g142721/A1                                                        +0    2472   
g142721/Y                       AOI21X4           2  29.1  159  +138    2610 R 
g125466/A0                                                        +0    2610   
g125466/Y                       AOI21X4           2  29.5  141   +62    2672 F 
g143231/A0                                                        +0    2672   
g143231/Y                       OAI21X4           1  21.5  144  +121    2793 R 
g143230/A                                                         +0    2793   
g143230/Y                       NOR2X4            3  34.4   70   +48    2841 F 
g145188/C                                                         +0    2841   
g145188/Y                       NAND3X4           1  20.9  127   +98    2940 R 
g64/A                                                             +0    2940   
g64/Y                           BUFX12           10  90.8   81   +99    3038 R 
g140702/A1N                                                       +0    3038   
g140702/Y                       OAI2BB1X2         2  14.7  109  +118    3157 R 
g135055/AN                                                        +0    3157   
g135055/Y                       NAND2BX2          1  12.8  108  +111    3268 R 
g125186/A                                                         +0    3268   
g125186/Y                       NAND2X2           3  15.1   53   +35    3303 F 
result_reg_s_reg_59_/D          DFFRX1                            +0    3303   
result_reg_s_reg_59_/CK         setup                        0  +152    3454 R 
- - - - - - - - - - - - - - - - - - - - - - - - - - - - - - - - - - - - - - - -
(clock clk)                     capture                                 5600 R 
                                uncertainty                      -50    5550 R 
-------------------------------------------------------------------------------
Timing slack :    2096ps 
Start-point  : multiplicand_reg_s_reg_13_/CK
End-point    : result_reg_s_reg_59_/D
