============================================================
  Generated by:           Encounter(R) RTL Compiler v08.10-s213_1
  Generated on:           Jun 30 2014  12:13:17 AM
  Module:                 auto_multiplier
  Technology library:     slow 1.1
  Operating conditions:   slow 
  Interconnect mode:      ple
  Area mode:              timing library
============================================================

Timing
------

  Cost    Critical      No of gates on  Violating 
 Group   Path Slack TNS  Critical Path    Paths   
--------------------------------------------------
default         0.3   0             29          0 
--------------------------------------------------
Total                 0                         0 

Instance Count
--------------

Leaf Instance Count            6631 
Sequential Instance Count       128 
Combinational Instance Count   6503 
Hierarchical Instance Count       0 

Area & Power
------------
Total Area                         130930.430
Cell Area                          130930.430
Leakage Power                      5551.122 nW
Dynamic Power                      22065385.326 nW
Total Power                        22070936.449 nW


Max Fanout                         128 (clk)
Min Fanout                         1 (n_176)
Average Fanout                     2.2
Terms to net ratio                 3.2
Terms to instance ratio            3.2
Runtime                            298 seconds
Hostname                           cheetah.eg.si-vision.com
