============================================================
  Generated by:           Encounter(R) RTL Compiler v08.10-s213_1
  Generated on:           Jun 30 2014  03:20:29 PM
  Module:                 auto_multiplier
  Technology library:     slow 1.1
  Operating conditions:   slow 
  Interconnect mode:      ple
  Area mode:              timing library
============================================================

                                 
   Gate    Instances     Area    Library 
-----------------------------------------
ADDFHX1            3     229.522    slow 
ADDFHX2           11    1244.074    slow 
ADDFHX4            6     698.544    slow 
ADDFX1            11     768.398    slow 
ADDFX2             1      69.854    slow 
ADDHX2             1      59.875    slow 
ADDHX4             1      93.139    slow 
AFHCINX2           1      83.160    slow 
AFHCONX2           1      79.834    slow 
AND2X1             5      66.528    slow 
AND2X2            24     319.334    slow 
AND2X4            12     199.584    slow 
AND2XL            19     252.806    slow 
AND3X4             1      19.958    slow 
AND3XL             2      33.264    slow 
AOI21X1            9     119.750    slow 
AOI21X2           29     675.259    slow 
AOI21X4           25     831.600    slow 
AOI21XL           35     465.696    slow 
AOI221XL           1      23.285    slow 
AOI22X1           24     399.168    slow 
AOI22X2           38    1137.629    slow 
AOI22X4            9     419.126    slow 
AOI22XL           26     432.432    slow 
AOI2BB1X1          2      33.264    slow 
AOI2BB1X2          9     209.563    slow 
AOI2BB1X4          9     329.314    slow 
AOI2BB1XL          3      49.896    slow 
AOI2BB2X1         10     232.848    slow 
AOI2BB2X2         48    1437.005    slow 
AOI2BB2X4         39    1945.944    slow 
AOI2BB2XL          6     139.709    slow 
AOI31X2            1      29.938    slow 
AOI31XL            1      16.632    slow 
AOI33XL            1      26.611    slow 
BUFX1             13     172.973    slow 
BUFX12            10     332.640    slow 
BUFX16             1      43.243    slow 
BUFX2             38     505.613    slow 
BUFX20             2     106.445    slow 
BUFX3             43     572.141    slow 
BUFX4             15     249.480    slow 
BUFX8             15     449.064    slow 
BUFXL             40     532.224    slow 
CLKBUFX1           1      13.306    slow 
CLKBUFX2           1      13.306    slow 
CLKBUFX3          52     691.891    slow 
CLKBUFX4           2      33.264    slow 
CLKBUFX8           7     162.994    slow 
CLKBUFXL           2      26.611    slow 
CLKINVX1           1       9.979    slow 
CLKINVX2         129    1287.317    slow 
CLKINVX3          52     518.918    slow 
CLKINVX4          15     199.584    slow 
CLKINVX8           8     159.667    slow 
CMPR22X1           3     119.750    slow 
DFFRHQX2           2     172.973    slow 
DFFRHQX4          62    6599.578    slow 
DFFRX1            19    1453.637    slow 
DFFRX4             7     698.544    slow 
DFFSRX4            7     838.253    slow 
DFFSRXL           24    2075.674    slow 
DLY1X1             2      39.917    slow 
INVX1            137     911.434    slow 
INVX12             4     172.973    slow 
INVX16             2     113.098    slow 
INVX2            265    2644.488    slow 
INVX20             1      63.202    slow 
INVX3             79    1051.142    slow 
INVX4             82    1091.059    slow 
INVX8             36     718.502    slow 
INVXL            264    1756.339    slow 
MX2X1              9     239.501    slow 
MX2X2             20     598.752    slow 
MX2X4             11     365.904    slow 
MXI2X1            15     349.272    slow 
MXI2X2            25     665.280    slow 
MXI2X4            37    1723.075    slow 
MXI2XL            23     535.550    slow 
NAND2BX1          55     731.808    slow 
NAND2BX2          83    1656.547    slow 
NAND2BX4          23     612.058    slow 
NAND2BXL         772   10271.923    slow 
NAND2X1          250    2494.800    slow 
NAND2X2          335    5571.720    slow 
NAND2X4          104    2421.619    slow 
NAND2XL          781    7793.755    slow 
NAND3BX1           2      33.264    slow 
NAND3BX2           6     159.667    slow 
NAND3BX4           6     219.542    slow 
NAND3BXL           2      33.264    slow 
NAND3X1           14     186.278    slow 
NAND3X2           13     302.702    slow 
NAND3X4            7     232.848    slow 
NAND3XL            8     106.445    slow 
NAND4BBX1          1      26.611    slow 
NAND4BXL           1      19.958    slow 
NAND4X2            1      29.938    slow 
NAND4XL            2      33.264    slow 
NOR2BX1            7      93.139    slow 
NOR2BX2            7     139.709    slow 
NOR2BX4            2      53.222    slow 
NOR2BXL           50     665.280    slow 
NOR2X1            30     299.376    slow 
NOR2X2            75    1247.400    slow 
NOR2X4            32     745.114    slow 
NOR2XL           107    1067.774    slow 
NOR3BX2            1      26.611    slow 
NOR3X2             2      46.570    slow 
NOR3XL             2      26.611    slow 
NOR4X2             1      29.938    slow 
OAI211X1           1      19.958    slow 
OAI211XL           3      59.875    slow 
OAI21X1           94    1563.408    slow 
OAI21X2          118    3140.122    slow 
OAI21X4           59    2158.834    slow 
OAI21XL          109    1450.310    slow 
OAI222XL           1      26.611    slow 
OAI22X1            7     139.709    slow 
OAI22X2            5     149.688    slow 
OAI22X4            2      93.139    slow 
OAI22XL           35     698.544    slow 
OAI2BB1X1        130    2162.160    slow 
OAI2BB1X2        386    8987.933    slow 
OAI2BB1X4        149    4956.336    slow 
OAI2BB1XL        122    2029.104    slow 
OAI2BB2X1         17     395.842    slow 
OAI2BB2X2         28     931.392    slow 
OAI2BB2X4         10     498.960    slow 
OAI2BB2XL         63    1466.942    slow 
OAI32XL            1      23.285    slow 
OAI33X4            1      36.590    slow 
OAI33XL            1      26.611    slow 
OR2X1              4      53.222    slow 
OR2X2             20     266.112    slow 
OR2X4             12     239.501    slow 
OR2XL             15     199.584    slow 
SDFFSRX2           2     192.931    slow 
SDFFSRXL           5     482.328    slow 
TIEHI             36     239.501    slow 
XNOR2X1           17     452.390    slow 
XNOR2X2           26     951.350    slow 
XNOR2X4            8     452.390    slow 
XNOR2XL            5     133.056    slow 
XNOR3X2           70    4191.264    slow 
XNOR3X4           53    5288.976    slow 
XOR2X1            31     824.947    slow 
XOR2X2            40    1330.560    slow 
XOR2X4            14     791.683    slow 
XOR2XL            18     479.002    slow 
XOR3X2            42    2514.758    slow 
XOR3X4             8     798.336    slow 
-----------------------------------------
total           6557  132527.102         


                                       
   Type    Instances    Area    Area % 
---------------------------------------
sequential       128  12513.917    9.4 
inverter        1075  10697.702    8.1 
buffer           244   3945.110    3.0 
logic           5110 105370.373   79.5 
---------------------------------------
total           6557 132527.102  100.0 

